Split: 21842 train, 500 dev, 501 test
Model name:BAAI/bge-m3-retromae
[2025-12-26 23:07:30,426] [INFO] [real_accelerator.py:254:get_accelerator] Setting ds_accelerator to cuda (auto detect)
[2025-12-26 23:07:35,345] [INFO] [logging.py:107:log_dist] [Rank -1] [TorchCheckpointEngine] Initialized with serialization = False
{'loss': 0.3222, 'grad_norm': 0.3028621971607208, 'learning_rate': 1.3294346978557506e-05, 'epoch': 1.0}
{'eval_loss': 0.19229109585285187, 'eval_f1_micro': 0.5023419203747073, 'eval_best_threshold': 0.3, 'eval_runtime': 8.1449, 'eval_samples_per_second': 61.388, 'eval_steps_per_second': 1.964, 'epoch': 1.0}

================================================================================
Classification report — epoch 1
Best threshold: 0.30
              precision    recall  f1-score   support

          HI       0.73      0.29      0.42        38
          ID       0.75      0.32      0.45        47
          IN       0.75      0.27      0.39       112
          IP       0.67      0.72      0.69       109
          LY       0.00      0.00      0.00        50
          MT       0.00      0.00      0.00         9
          NA       0.62      0.82      0.71       140
          OP       0.44      0.47      0.45        87
          SP       0.00      0.00      0.00        39
          av       0.00      0.00      0.00        37
          ds       0.51      0.90      0.65        52
         dtp       0.00      0.00      0.00        75
          ed       0.00      0.00      0.00        11
          en       0.00      0.00      0.00         3
          fi       0.00      0.00      0.00        12
          it       0.00      0.00      0.00        19
          lt       0.00      0.00      0.00         4
          nb       0.53      0.50      0.51        18
          ne       0.65      0.91      0.76        79
          ob       0.33      0.08      0.12        13
          ra       0.00      0.00      0.00         8
          re       0.00      0.00      0.00         6
          rs       0.00      0.00      0.00        17
          rv       1.00      0.12      0.22         8
          sr       0.82      1.00      0.90         9

   micro avg       0.61      0.43      0.50      1002
   macro avg       0.31      0.26      0.25      1002
weighted avg       0.45      0.43      0.41      1002
 samples avg       0.51      0.39      0.41      1002

================================================================================

{'loss': 0.1303, 'grad_norm': 0.34534773230552673, 'learning_rate': 1.9263591076456577e-05, 'epoch': 2.0}
{'eval_loss': 0.14219820499420166, 'eval_f1_micro': 0.6496, 'eval_best_threshold': 0.3, 'eval_runtime': 7.9587, 'eval_samples_per_second': 62.824, 'eval_steps_per_second': 2.01, 'epoch': 2.0}

================================================================================
Classification report — epoch 2
Best threshold: 0.30
              precision    recall  f1-score   support

          HI       0.70      0.37      0.48        38
          ID       0.82      0.49      0.61        47
          IN       0.61      0.64      0.63       112
          IP       0.68      0.72      0.70       109
          LY       0.77      0.86      0.81        50
          MT       0.50      0.44      0.47         9
          NA       0.80      0.81      0.81       140
          OP       0.71      0.37      0.48        87
          SP       0.85      0.85      0.85        39
          av       0.75      0.24      0.37        37
          ds       0.51      0.79      0.62        52
         dtp       0.57      0.36      0.44        75
          ed       0.00      0.00      0.00        11
          en       0.00      0.00      0.00         3
          fi       0.00      0.00      0.00        12
          it       0.50      0.79      0.61        19
          lt       0.00      0.00      0.00         4
          nb       0.58      0.39      0.47        18
          ne       0.87      0.84      0.85        79
          ob       1.00      0.08      0.14        13
          ra       0.67      0.75      0.71         8
          re       0.67      0.33      0.44         6
          rs       0.60      0.71      0.65        17
          rv       1.00      0.12      0.22         8
          sr       0.90      1.00      0.95         9

   micro avg       0.70      0.61      0.65      1002
   macro avg       0.60      0.48      0.49      1002
weighted avg       0.69      0.61      0.62      1002
 samples avg       0.64      0.57      0.57      1002

================================================================================

{'loss': 0.0996, 'grad_norm': 0.36774706840515137, 'learning_rate': 1.7782109594975094e-05, 'epoch': 3.0}
{'eval_loss': 0.13455703854560852, 'eval_f1_micro': 0.6714285714285714, 'eval_best_threshold': 0.3, 'eval_runtime': 7.9777, 'eval_samples_per_second': 62.674, 'eval_steps_per_second': 2.006, 'epoch': 3.0}

================================================================================
Classification report — epoch 3
Best threshold: 0.30
              precision    recall  f1-score   support

          HI       0.56      0.71      0.63        38
          ID       0.71      0.64      0.67        47
          IN       0.62      0.66      0.64       112
          IP       0.79      0.62      0.70       109
          LY       0.75      0.86      0.80        50
          MT       0.43      0.33      0.38         9
          NA       0.82      0.81      0.82       140
          OP       0.53      0.64      0.58        87
          SP       0.80      0.82      0.81        39
          av       0.73      0.43      0.54        37
          ds       0.62      0.77      0.68        52
         dtp       0.60      0.40      0.48        75
          ed       0.00      0.00      0.00        11
          en       1.00      0.33      0.50         3
          fi       0.00      0.00      0.00        12
          it       0.62      0.79      0.70        19
          lt       0.00      0.00      0.00         4
          nb       0.90      0.50      0.64        18
          ne       0.87      0.85      0.86        79
          ob       0.20      0.08      0.11        13
          ra       0.75      0.75      0.75         8
          re       0.60      0.50      0.55         6
          rs       0.36      0.71      0.48        17
          rv       0.50      0.25      0.33         8
          sr       0.90      1.00      0.95         9

   micro avg       0.69      0.66      0.67      1002
   macro avg       0.59      0.54      0.54      1002
weighted avg       0.68      0.66      0.66      1002
 samples avg       0.64      0.60      0.59      1002

================================================================================

{'loss': 0.0804, 'grad_norm': 0.6575327515602112, 'learning_rate': 1.6300628113493614e-05, 'epoch': 4.0}
{'eval_loss': 0.12987616658210754, 'eval_f1_micro': 0.6907794192562404, 'eval_best_threshold': 0.3, 'eval_runtime': 7.9761, 'eval_samples_per_second': 62.687, 'eval_steps_per_second': 2.006, 'epoch': 4.0}

================================================================================
Classification report — epoch 4
Best threshold: 0.30
              precision    recall  f1-score   support

          HI       0.70      0.68      0.69        38
          ID       0.88      0.49      0.63        47
          IN       0.67      0.65      0.66       112
          IP       0.83      0.61      0.71       109
          LY       0.89      0.78      0.83        50
          MT       0.50      0.44      0.47         9
          NA       0.73      0.89      0.80       140
          OP       0.60      0.70      0.65        87
          SP       0.83      0.90      0.86        39
          av       0.58      0.59      0.59        37
          ds       0.74      0.71      0.73        52
         dtp       0.65      0.52      0.58        75
          ed       0.00      0.00      0.00        11
          en       0.00      0.00      0.00         3
          fi       0.75      0.25      0.38        12
          it       0.50      0.84      0.63        19
          lt       0.00      0.00      0.00         4
          nb       0.52      0.61      0.56        18
          ne       0.75      0.90      0.82        79
          ob       0.22      0.15      0.18        13
          ra       0.83      0.62      0.71         8
          re       1.00      0.17      0.29         6
          rs       0.61      0.65      0.63        17
          rv       1.00      0.12      0.22         8
          sr       0.88      0.78      0.82         9

   micro avg       0.71      0.68      0.69      1002
   macro avg       0.63      0.52      0.54      1002
weighted avg       0.71      0.68      0.68      1002
 samples avg       0.64      0.61      0.60      1002

================================================================================

{'loss': 0.0655, 'grad_norm': 0.6167260408401489, 'learning_rate': 1.4819146632012132e-05, 'epoch': 5.0}
{'eval_loss': 0.12790094316005707, 'eval_f1_micro': 0.7041123370110332, 'eval_best_threshold': 0.35, 'eval_runtime': 7.9701, 'eval_samples_per_second': 62.735, 'eval_steps_per_second': 2.008, 'epoch': 5.0}

================================================================================
Classification report — epoch 5
Best threshold: 0.35
              precision    recall  f1-score   support

          HI       0.72      0.61      0.66        38
          ID       0.82      0.70      0.76        47
          IN       0.60      0.75      0.67       112
          IP       0.74      0.80      0.77       109
          LY       0.84      0.82      0.83        50
          MT       0.60      0.33      0.43         9
          NA       0.82      0.76      0.79       140
          OP       0.70      0.55      0.62        87
          SP       0.83      0.90      0.86        39
          av       0.68      0.51      0.58        37
          ds       0.59      0.81      0.68        52
         dtp       0.49      0.60      0.54        75
          ed       0.33      0.09      0.14        11
          en       0.00      0.00      0.00         3
          fi       0.58      0.58      0.58        12
          it       0.72      0.95      0.82        19
          lt       0.00      0.00      0.00         4
          nb       0.83      0.56      0.67        18
          ne       0.83      0.85      0.84        79
          ob       0.40      0.15      0.22        13
          ra       0.55      0.75      0.63         8
          re       0.50      0.17      0.25         6
          rs       0.77      0.59      0.67        17
          rv       1.00      0.50      0.67         8
          sr       0.90      1.00      0.95         9

   micro avg       0.71      0.70      0.70      1002
   macro avg       0.63      0.57      0.58      1002
weighted avg       0.71      0.70      0.70      1002
 samples avg       0.65      0.64      0.62      1002

================================================================================

{'loss': 0.0532, 'grad_norm': 1.2168664932250977, 'learning_rate': 1.333766515053065e-05, 'epoch': 6.0}
{'eval_loss': 0.13168643414974213, 'eval_f1_micro': 0.7021739130434783, 'eval_best_threshold': 0.5499999999999999, 'eval_runtime': 8.2505, 'eval_samples_per_second': 60.603, 'eval_steps_per_second': 1.939, 'epoch': 6.0}

================================================================================
Classification report — epoch 6
Best threshold: 0.55
              precision    recall  f1-score   support

          HI       0.72      0.61      0.66        38
          ID       0.94      0.70      0.80        47
          IN       0.65      0.76      0.70       112
          IP       0.81      0.64      0.72       109
          LY       0.91      0.80      0.85        50
          MT       0.60      0.33      0.43         9
          NA       0.81      0.83      0.82       140
          OP       0.62      0.40      0.49        87
          SP       0.94      0.77      0.85        39
          av       0.55      0.32      0.41        37
          ds       0.88      0.67      0.76        52
         dtp       0.67      0.51      0.58        75
          ed       0.50      0.09      0.15        11
          en       0.00      0.00      0.00         3
          fi       0.71      0.42      0.53        12
          it       0.79      0.58      0.67        19
          lt       0.00      0.00      0.00         4
          nb       0.73      0.44      0.55        18
          ne       0.88      0.86      0.87        79
          ob       1.00      0.23      0.38        13
          ra       0.60      0.75      0.67         8
          re       0.50      0.33      0.40         6
          rs       0.73      0.65      0.69        17
          rv       0.67      0.25      0.36         8
          sr       0.90      1.00      0.95         9

   micro avg       0.77      0.64      0.70      1002
   macro avg       0.68      0.52      0.57      1002
weighted avg       0.76      0.64      0.69      1002
 samples avg       0.67      0.58      0.60      1002

================================================================================

{'loss': 0.0435, 'grad_norm': 0.678063154220581, 'learning_rate': 1.1856183669049167e-05, 'epoch': 7.0}
{'eval_loss': 0.13292387127876282, 'eval_f1_micro': 0.7095166915794718, 'eval_best_threshold': 0.39999999999999997, 'eval_runtime': 7.9747, 'eval_samples_per_second': 62.699, 'eval_steps_per_second': 2.006, 'epoch': 7.0}
