Split: 1401 train, 300 dev, 301 test
Model name:BAAI/bge-m3-retromae
[2025-12-26 21:22:01,605] [INFO] [real_accelerator.py:254:get_accelerator] Setting ds_accelerator to cuda (auto detect)
[2025-12-26 21:22:05,942] [INFO] [logging.py:107:log_dist] [Rank -1] [TorchCheckpointEngine] Initialized with serialization = False
{'loss': 0.508, 'grad_norm': 0.7925026416778564, 'learning_rate': 8.700000000000001e-06, 'epoch': 1.0}
{'eval_loss': 0.26456692814826965, 'eval_f1_micro': 0.05152979066022544, 'eval_best_threshold': 0.3, 'eval_runtime': 4.7131, 'eval_samples_per_second': 63.653, 'eval_steps_per_second': 2.122, 'epoch': 1.0}

================================================================================
Classification report — epoch 1
Best threshold: 0.30
              precision    recall  f1-score   support

          HI       0.00      0.00      0.00        23
          ID       0.00      0.00      0.00        28
          IN       0.00      0.00      0.00        67
          IP       0.00      0.00      0.00        65
          LY       0.00      0.00      0.00        30
          MT       0.00      0.00      0.00         6
          NA       1.00      0.19      0.32        84
          OP       0.00      0.00      0.00        56
          SP       0.00      0.00      0.00        23
          av       0.00      0.00      0.00        22
          ds       0.00      0.00      0.00        31
         dtp       0.00      0.00      0.00        45
          ed       0.00      0.00      0.00         7
          en       0.00      0.00      0.00         2
          fi       0.00      0.00      0.00         8
          it       0.00      0.00      0.00        11
          lt       0.00      0.00      0.00         2
          nb       0.00      0.00      0.00        11
          ne       0.00      0.00      0.00        48
          ob       0.00      0.00      0.00         7
          ra       0.00      0.00      0.00         4
          re       0.00      0.00      0.00         4
          rs       0.00      0.00      0.00        10
          rv       0.00      0.00      0.00         5
          sr       0.00      0.00      0.00         6

   micro avg       1.00      0.03      0.05       605
   macro avg       0.04      0.01      0.01       605
weighted avg       0.14      0.03      0.04       605
 samples avg       0.05      0.02      0.03       605

================================================================================

{'loss': 0.243, 'grad_norm': 1.7306561470031738, 'learning_rate': 9.77360433254273e-06, 'epoch': 2.0}
{'eval_loss': 0.2138541340827942, 'eval_f1_micro': 0.4459016393442623, 'eval_best_threshold': 0.3, 'eval_runtime': 4.6701, 'eval_samples_per_second': 64.238, 'eval_steps_per_second': 2.141, 'epoch': 2.0}

================================================================================
Classification report — epoch 2
Best threshold: 0.30
              precision    recall  f1-score   support

          HI       0.00      0.00      0.00        23
          ID       0.00      0.00      0.00        28
          IN       0.49      0.34      0.40        67
          IP       0.76      0.52      0.62        65
          LY       0.77      0.77      0.77        30
          MT       0.00      0.00      0.00         6
          NA       0.65      0.80      0.72        84
          OP       0.00      0.00      0.00        56
          SP       0.54      0.91      0.68        23
          av       0.00      0.00      0.00        22
          ds       0.00      0.00      0.00        31
         dtp       0.00      0.00      0.00        45
          ed       0.00      0.00      0.00         7
          en       0.00      0.00      0.00         2
          fi       0.00      0.00      0.00         8
          it       0.00      0.00      0.00        11
          lt       0.00      0.00      0.00         2
          nb       0.00      0.00      0.00        11
          ne       0.78      0.75      0.77        48
          ob       0.00      0.00      0.00         7
          ra       0.00      0.00      0.00         4
          re       0.00      0.00      0.00         4
          rs       0.00      0.00      0.00        10
          rv       0.00      0.00      0.00         5
          sr       0.00      0.00      0.00         6

   micro avg       0.66      0.34      0.45       605
   macro avg       0.16      0.16      0.16       605
weighted avg       0.35      0.34      0.34       605
 samples avg       0.47      0.34      0.37       605

================================================================================

{'loss': 0.1958, 'grad_norm': 1.6356643438339233, 'learning_rate': 8.96062891689911e-06, 'epoch': 3.0}
{'eval_loss': 0.18088999390602112, 'eval_f1_micro': 0.5827464788732394, 'eval_best_threshold': 0.35, 'eval_runtime': 4.6698, 'eval_samples_per_second': 64.243, 'eval_steps_per_second': 2.141, 'epoch': 3.0}

================================================================================
Classification report — epoch 3
Best threshold: 0.35
              precision    recall  f1-score   support

          HI       1.00      0.17      0.30        23
          ID       0.86      0.43      0.57        28
          IN       0.41      0.63      0.50        67
          IP       0.78      0.66      0.72        65
          LY       0.91      0.67      0.77        30
          MT       0.00      0.00      0.00         6
          NA       0.77      0.80      0.78        84
          OP       0.49      0.64      0.55        56
          SP       0.89      0.74      0.81        23
          av       0.67      0.36      0.47        22
          ds       0.68      0.55      0.61        31
         dtp       0.41      0.47      0.44        45
          ed       0.00      0.00      0.00         7
          en       0.00      0.00      0.00         2
          fi       0.00      0.00      0.00         8
          it       0.50      0.27      0.35        11
          lt       0.00      0.00      0.00         2
          nb       0.00      0.00      0.00        11
          ne       0.68      0.85      0.76        48
          ob       0.00      0.00      0.00         7
          ra       0.00      0.00      0.00         4
          re       0.00      0.00      0.00         4
          rs       0.00      0.00      0.00        10
          rv       0.00      0.00      0.00         5
          sr       0.00      0.00      0.00         6

   micro avg       0.62      0.55      0.58       605
   macro avg       0.36      0.29      0.31       605
weighted avg       0.59      0.55      0.55       605
 samples avg       0.56      0.51      0.50       605

================================================================================

{'loss': 0.1662, 'grad_norm': 0.9710014462471008, 'learning_rate': 7.655286712890883e-06, 'epoch': 4.0}
{'eval_loss': 0.16351383924484253, 'eval_f1_micro': 0.622895622895623, 'eval_best_threshold': 0.3, 'eval_runtime': 4.6694, 'eval_samples_per_second': 64.248, 'eval_steps_per_second': 2.142, 'epoch': 4.0}

================================================================================
Classification report — epoch 4
Best threshold: 0.30
              precision    recall  f1-score   support

          HI       0.83      0.43      0.57        23
          ID       0.81      0.61      0.69        28
          IN       0.52      0.72      0.60        67
          IP       0.58      0.75      0.66        65
          LY       0.96      0.73      0.83        30
          MT       0.00      0.00      0.00         6
          NA       0.86      0.76      0.81        84
          OP       0.59      0.57      0.58        56
          SP       0.70      0.83      0.76        23
          av       0.55      0.50      0.52        22
          ds       0.52      0.77      0.62        31
         dtp       0.47      0.64      0.54        45
          ed       0.00      0.00      0.00         7
          en       0.00      0.00      0.00         2
          fi       0.00      0.00      0.00         8
          it       0.42      0.73      0.53        11
          lt       0.00      0.00      0.00         2
          nb       0.00      0.00      0.00        11
          ne       0.77      0.77      0.77        48
          ob       0.00      0.00      0.00         7
          ra       0.00      0.00      0.00         4
          re       0.00      0.00      0.00         4
          rs       0.00      0.00      0.00        10
          rv       0.00      0.00      0.00         5
          sr       0.00      0.00      0.00         6

   micro avg       0.63      0.61      0.62       605
   macro avg       0.34      0.35      0.34       605
weighted avg       0.59      0.61      0.59       605
 samples avg       0.58      0.56      0.54       605

================================================================================

{'loss': 0.144, 'grad_norm': 1.8364346027374268, 'learning_rate': 6.019851733607744e-06, 'epoch': 5.0}
{'eval_loss': 0.15377876162528992, 'eval_f1_micro': 0.6603611349957008, 'eval_best_threshold': 0.35, 'eval_runtime': 4.6699, 'eval_samples_per_second': 64.241, 'eval_steps_per_second': 2.141, 'epoch': 5.0}

================================================================================
Classification report — epoch 5
Best threshold: 0.35
              precision    recall  f1-score   support

          HI       0.71      0.74      0.72        23
          ID       0.77      0.71      0.74        28
          IN       0.60      0.67      0.63        67
          IP       0.76      0.69      0.73        65
          LY       0.90      0.87      0.88        30
          MT       0.00      0.00      0.00         6
          NA       0.80      0.83      0.82        84
          OP       0.62      0.59      0.61        56
          SP       0.75      0.78      0.77        23
          av       0.58      0.50      0.54        22
          ds       0.60      0.68      0.64        31
         dtp       0.49      0.60      0.54        45
          ed       0.00      0.00      0.00         7
          en       0.00      0.00      0.00         2
          fi       0.00      0.00      0.00         8
          it       0.50      0.73      0.59        11
          lt       0.00      0.00      0.00         2
          nb       0.67      0.18      0.29        11
          ne       0.76      0.81      0.79        48
          ob       0.00      0.00      0.00         7
          ra       0.00      0.00      0.00         4
          re       1.00      0.50      0.67         4
          rs       0.00      0.00      0.00        10
          rv       0.00      0.00      0.00         5
          sr       0.00      0.00      0.00         6

   micro avg       0.69      0.63      0.66       605
   macro avg       0.42      0.40      0.40       605
weighted avg       0.63      0.63      0.63       605
 samples avg       0.63      0.58      0.58       605

================================================================================

{'loss': 0.1278, 'grad_norm': 1.9517501592636108, 'learning_rate': 4.257633575889987e-06, 'epoch': 6.0}
{'eval_loss': 0.14817337691783905, 'eval_f1_micro': 0.6738589211618258, 'eval_best_threshold': 0.3, 'eval_runtime': 4.6699, 'eval_samples_per_second': 64.242, 'eval_steps_per_second': 2.141, 'epoch': 6.0}

================================================================================
Classification report — epoch 6
Best threshold: 0.30
              precision    recall  f1-score   support

          HI       0.68      0.74      0.71        23
          ID       0.78      0.64      0.71        28
          IN       0.66      0.66      0.66        67
          IP       0.60      0.77      0.67        65
          LY       0.93      0.87      0.90        30
          MT       0.00      0.00      0.00         6
          NA       0.74      0.88      0.80        84
          OP       0.63      0.66      0.64        56
          SP       0.86      0.78      0.82        23
          av       0.57      0.55      0.56        22
          ds       0.55      0.84      0.67        31
         dtp       0.59      0.51      0.55        45
          ed       0.00      0.00      0.00         7
          en       0.00      0.00      0.00         2
          fi       1.00      0.50      0.67         8
          it       0.53      0.73      0.62        11
          lt       0.00      0.00      0.00         2
          nb       0.80      0.36      0.50        11
          ne       0.70      0.83      0.76        48
          ob       0.00      0.00      0.00         7
          ra       0.00      0.00      0.00         4
          re       1.00      0.50      0.67         4
          rs       1.00      0.20      0.33        10
          rv       0.00      0.00      0.00         5
          sr       1.00      0.17      0.29         6

   micro avg       0.68      0.67      0.67       605
   macro avg       0.54      0.45      0.46       605
weighted avg       0.66      0.67      0.65       605
 samples avg       0.62      0.61      0.59       605

================================================================================

{'loss': 0.1142, 'grad_norm': 1.784946322441101, 'learning_rate': 2.587702925964034e-06, 'epoch': 7.0}
{'eval_loss': 0.14606693387031555, 'eval_f1_micro': 0.6893203883495146, 'eval_best_threshold': 0.3, 'eval_runtime': 4.6696, 'eval_samples_per_second': 64.245, 'eval_steps_per_second': 2.142, 'epoch': 7.0}
