random seed is 69
Split: 1399 train, 300 dev, 300 test
max_length=1024
[2025-12-31 10:36:21,825] [INFO] [real_accelerator.py:254:get_accelerator] Setting ds_accelerator to cuda (auto detect)
[2025-12-31 10:36:25,895] [INFO] [logging.py:107:log_dist] [Rank -1] [TorchCheckpointEngine] Initialized with serialization = False
{'loss': 0.5805, 'grad_norm': 1.618254542350769, 'learning_rate': 1.1999634950739312e-05, 'epoch': 1.0}
{'eval_loss': 0.3582037389278412, 'eval_f1_micro': 0.28369510348308935, 'eval_runtime': 1.9077, 'eval_samples_per_second': 157.255, 'eval_steps_per_second': 9.959, 'epoch': 1.0}
{'loss': 0.2925, 'grad_norm': 0.33151230216026306, 'learning_rate': 1.3554815916372683e-05, 'epoch': 2.0}
{'eval_loss': 0.2558431029319763, 'eval_f1_micro': 0.17073170731707318, 'eval_runtime': 1.9035, 'eval_samples_per_second': 157.606, 'eval_steps_per_second': 9.982, 'epoch': 2.0}
{'loss': 0.2502, 'grad_norm': 0.23155134916305542, 'learning_rate': 1.1870036536936532e-05, 'epoch': 3.0}
{'eval_loss': 0.243543803691864, 'eval_f1_micro': 0.18181818181818182, 'eval_runtime': 1.9028, 'eval_samples_per_second': 157.662, 'eval_steps_per_second': 9.985, 'epoch': 3.0}
{'loss': 0.2391, 'grad_norm': 0.23215816915035248, 'learning_rate': 1.0185257157500377e-05, 'epoch': 4.0}
{'eval_loss': 0.23436172306537628, 'eval_f1_micro': 0.20439844760672704, 'eval_runtime': 1.9032, 'eval_samples_per_second': 157.625, 'eval_steps_per_second': 9.983, 'epoch': 4.0}
{'train_runtime': 153.0989, 'train_samples_per_second': 91.379, 'train_steps_per_second': 1.437, 'train_loss': 0.34057594429362903, 'epoch': 4.0}
{'loss': 0.5366, 'grad_norm': 0.7193313837051392, 'learning_rate': 6.2916698788197835e-06, 'epoch': 1.0}
{'eval_loss': 0.30458545684814453, 'eval_f1_micro': 0.19175027870680045, 'eval_runtime': 1.9021, 'eval_samples_per_second': 157.723, 'eval_steps_per_second': 9.989, 'epoch': 1.0}
{'loss': 0.2776, 'grad_norm': 0.3404620885848999, 'learning_rate': 5.594356340613058e-06, 'epoch': 2.0}
{'eval_loss': 0.25512588024139404, 'eval_f1_micro': 0.1815680880330124, 'eval_runtime': 1.9017, 'eval_samples_per_second': 157.757, 'eval_steps_per_second': 9.991, 'epoch': 2.0}
{'loss': 0.2498, 'grad_norm': 0.32118186354637146, 'learning_rate': 4.89704280240633e-06, 'epoch': 3.0}
{'eval_loss': 0.2410607933998108, 'eval_f1_micro': 0.13918305597579425, 'eval_runtime': 1.902, 'eval_samples_per_second': 157.732, 'eval_steps_per_second': 9.99, 'epoch': 3.0}
{'loss': 0.2337, 'grad_norm': 0.34390702843666077, 'learning_rate': 4.199729264199604e-06, 'epoch': 4.0}
{'eval_loss': 0.22447118163108826, 'eval_f1_micro': 0.3952483801295896, 'eval_runtime': 1.9027, 'eval_samples_per_second': 157.672, 'eval_steps_per_second': 9.986, 'epoch': 4.0}
{'loss': 0.2154, 'grad_norm': 0.560165524482727, 'learning_rate': 3.502415725992877e-06, 'epoch': 5.0}
{'eval_loss': 0.20854757726192474, 'eval_f1_micro': 0.47410358565737054, 'eval_runtime': 1.9024, 'eval_samples_per_second': 157.698, 'eval_steps_per_second': 9.988, 'epoch': 5.0}
{'loss': 0.2007, 'grad_norm': 0.565284252166748, 'learning_rate': 2.8051021877861504e-06, 'epoch': 6.0}
{'eval_loss': 0.19808655977249146, 'eval_f1_micro': 0.5132575757575758, 'eval_runtime': 1.9024, 'eval_samples_per_second': 157.692, 'eval_steps_per_second': 9.987, 'epoch': 6.0}
{'loss': 0.1905, 'grad_norm': 0.6027188301086426, 'learning_rate': 2.1077886495794237e-06, 'epoch': 7.0}
{'eval_loss': 0.19008420407772064, 'eval_f1_micro': 0.548704200178731, 'eval_runtime': 1.9025, 'eval_samples_per_second': 157.691, 'eval_steps_per_second': 9.987, 'epoch': 7.0}
{'loss': 0.1832, 'grad_norm': 0.5926769375801086, 'learning_rate': 1.4104751113726972e-06, 'epoch': 8.0}
{'eval_loss': 0.1883266717195511, 'eval_f1_micro': 0.5392428439519852, 'eval_runtime': 1.9023, 'eval_samples_per_second': 157.703, 'eval_steps_per_second': 9.988, 'epoch': 8.0}
{'loss': 0.1777, 'grad_norm': 0.6192138195037842, 'learning_rate': 7.131615731659704e-07, 'epoch': 9.0}
{'eval_loss': 0.1825697273015976, 'eval_f1_micro': 0.5761531766753699, 'eval_runtime': 1.9024, 'eval_samples_per_second': 157.693, 'eval_steps_per_second': 9.987, 'epoch': 9.0}
{'loss': 0.1752, 'grad_norm': 0.7498642206192017, 'learning_rate': 1.5848034959243787e-08, 'epoch': 10.0}
{'eval_loss': 0.18126995861530304, 'eval_f1_micro': 0.592328278322926, 'eval_runtime': 1.9023, 'eval_samples_per_second': 157.704, 'eval_steps_per_second': 9.988, 'epoch': 10.0}
{'train_runtime': 460.1308, 'train_samples_per_second': 30.404, 'train_steps_per_second': 0.956, 'train_loss': 0.24403855042024092, 'epoch': 10.0}
{'loss': 0.5969, 'grad_norm': 1.1936875581741333, 'learning_rate': 1.6248492810596954e-05, 'epoch': 1.0}
{'eval_loss': 0.3275880515575409, 'eval_f1_micro': 0.22199383350462487, 'eval_runtime': 1.902, 'eval_samples_per_second': 157.725, 'eval_steps_per_second': 9.989, 'epoch': 1.0}
{'loss': 0.2762, 'grad_norm': 0.31672796607017517, 'learning_rate': 1.9972105746358757e-05, 'epoch': 2.0}
{'eval_loss': 0.2482505738735199, 'eval_f1_micro': 0.0033333333333333335, 'eval_runtime': 1.9016, 'eval_samples_per_second': 157.758, 'eval_steps_per_second': 9.991, 'epoch': 2.0}
{'loss': 0.2429, 'grad_norm': 0.22228287160396576, 'learning_rate': 1.7489697122517554e-05, 'epoch': 3.0}
{'eval_loss': 0.24013793468475342, 'eval_f1_micro': 0.0, 'eval_runtime': 1.9018, 'eval_samples_per_second': 157.744, 'eval_steps_per_second': 9.99, 'epoch': 3.0}
{'loss': 0.2344, 'grad_norm': 0.26267802715301514, 'learning_rate': 1.5007288498676355e-05, 'epoch': 4.0}
{'eval_loss': 0.2288488745689392, 'eval_f1_micro': 0.21104294478527608, 'eval_runtime': 1.903, 'eval_samples_per_second': 157.644, 'eval_steps_per_second': 9.984, 'epoch': 4.0}
{'train_runtime': 151.1363, 'train_samples_per_second': 92.565, 'train_steps_per_second': 1.456, 'train_loss': 0.337633723562414, 'epoch': 4.0}
{'loss': 0.4613, 'grad_norm': 0.429096519947052, 'learning_rate': 6.022525378550624e-06, 'epoch': 1.0}
{'eval_loss': 0.2630680501461029, 'eval_f1_micro': 0.0, 'eval_runtime': 1.9032, 'eval_samples_per_second': 157.627, 'eval_steps_per_second': 9.983, 'epoch': 1.0}
{'loss': 0.25, 'grad_norm': 0.36799395084381104, 'learning_rate': 5.354199737551311e-06, 'epoch': 2.0}
{'eval_loss': 0.23450398445129395, 'eval_f1_micro': 0.22589531680440772, 'eval_runtime': 1.9029, 'eval_samples_per_second': 157.656, 'eval_steps_per_second': 9.985, 'epoch': 2.0}
{'loss': 0.221, 'grad_norm': 0.35565608739852905, 'learning_rate': 4.685874096551998e-06, 'epoch': 3.0}
{'eval_loss': 0.2069949358701706, 'eval_f1_micro': 0.4639175257731959, 'eval_runtime': 1.9034, 'eval_samples_per_second': 157.611, 'eval_steps_per_second': 9.982, 'epoch': 3.0}
{'loss': 0.1953, 'grad_norm': 0.7644996643066406, 'learning_rate': 4.017548455552686e-06, 'epoch': 4.0}
{'eval_loss': 0.1880979984998703, 'eval_f1_micro': 0.5415549597855228, 'eval_runtime': 1.9035, 'eval_samples_per_second': 157.607, 'eval_steps_per_second': 9.982, 'epoch': 4.0}
{'loss': 0.1773, 'grad_norm': 0.509023904800415, 'learning_rate': 3.349222814553373e-06, 'epoch': 5.0}
{'eval_loss': 0.17521561682224274, 'eval_f1_micro': 0.5884509624197983, 'eval_runtime': 1.9034, 'eval_samples_per_second': 157.613, 'eval_steps_per_second': 9.982, 'epoch': 5.0}
{'loss': 0.163, 'grad_norm': 0.8930639028549194, 'learning_rate': 2.6808971735540606e-06, 'epoch': 6.0}
{'eval_loss': 0.1656007468700409, 'eval_f1_micro': 0.6265060240963856, 'eval_runtime': 1.9032, 'eval_samples_per_second': 157.625, 'eval_steps_per_second': 9.983, 'epoch': 6.0}
{'loss': 0.1513, 'grad_norm': 0.7945956587791443, 'learning_rate': 2.0125715325547482e-06, 'epoch': 7.0}
{'eval_loss': 0.15990027785301208, 'eval_f1_micro': 0.653393665158371, 'eval_runtime': 1.9033, 'eval_samples_per_second': 157.619, 'eval_steps_per_second': 9.983, 'epoch': 7.0}
{'loss': 0.1429, 'grad_norm': 0.8350455164909363, 'learning_rate': 1.3442458915554354e-06, 'epoch': 8.0}
{'eval_loss': 0.1564531773328781, 'eval_f1_micro': 0.658008658008658, 'eval_runtime': 1.9032, 'eval_samples_per_second': 157.629, 'eval_steps_per_second': 9.983, 'epoch': 8.0}
{'loss': 0.1368, 'grad_norm': 0.5473552942276001, 'learning_rate': 6.759202505561229e-07, 'epoch': 9.0}
{'eval_loss': 0.15378625690937042, 'eval_f1_micro': 0.6559241706161137, 'eval_runtime': 1.9036, 'eval_samples_per_second': 157.597, 'eval_steps_per_second': 9.981, 'epoch': 9.0}
{'loss': 0.1337, 'grad_norm': 0.6231305599212646, 'learning_rate': 7.59460955681037e-09, 'epoch': 10.0}
{'eval_loss': 0.15362052619457245, 'eval_f1_micro': 0.6585152838427948, 'eval_runtime': 1.9036, 'eval_samples_per_second': 157.596, 'eval_steps_per_second': 9.981, 'epoch': 10.0}
{'train_runtime': 476.851, 'train_samples_per_second': 29.338, 'train_steps_per_second': 1.845, 'train_loss': 0.20326075879010289, 'epoch': 10.0}
{'loss': 0.3362, 'grad_norm': 0.2438502013683319, 'learning_rate': 2.3605235099301834e-05, 'epoch': 1.0}
{'eval_loss': 0.24368947744369507, 'eval_f1_micro': 0.0, 'eval_runtime': 1.9011, 'eval_samples_per_second': 157.805, 'eval_steps_per_second': 9.994, 'epoch': 1.0}
{'loss': 0.2313, 'grad_norm': 0.33349502086639404, 'learning_rate': 2.0989037758321275e-05, 'epoch': 2.0}
{'eval_loss': 0.22239360213279724, 'eval_f1_micro': 0.2555831265508685, 'eval_runtime': 1.9019, 'eval_samples_per_second': 157.734, 'eval_steps_per_second': 9.99, 'epoch': 2.0}
{'loss': 0.2043, 'grad_norm': 0.48691943287849426, 'learning_rate': 1.8372840417340723e-05, 'epoch': 3.0}
{'eval_loss': 0.19691136479377747, 'eval_f1_micro': 0.4757630161579892, 'eval_runtime': 1.9029, 'eval_samples_per_second': 157.655, 'eval_steps_per_second': 9.985, 'epoch': 3.0}
{'loss': 0.1814, 'grad_norm': 0.49108612537384033, 'learning_rate': 1.5756643076360164e-05, 'epoch': 4.0}
{'eval_loss': 0.18693366646766663, 'eval_f1_micro': 0.5131348511383538, 'eval_runtime': 1.9034, 'eval_samples_per_second': 157.617, 'eval_steps_per_second': 9.982, 'epoch': 4.0}
{'loss': 0.1627, 'grad_norm': 0.4270966053009033, 'learning_rate': 1.314044573537961e-05, 'epoch': 5.0}
{'eval_loss': 0.16751350462436676, 'eval_f1_micro': 0.5854545454545454, 'eval_runtime': 1.9034, 'eval_samples_per_second': 157.609, 'eval_steps_per_second': 9.982, 'epoch': 5.0}
{'loss': 0.1478, 'grad_norm': 0.43104156851768494, 'learning_rate': 1.0524248394399053e-05, 'epoch': 6.0}
{'eval_loss': 0.1645103096961975, 'eval_f1_micro': 0.6020984665052461, 'eval_runtime': 1.9035, 'eval_samples_per_second': 157.601, 'eval_steps_per_second': 9.981, 'epoch': 6.0}
{'loss': 0.1343, 'grad_norm': 0.49951574206352234, 'learning_rate': 7.908051053418498e-06, 'epoch': 7.0}
{'eval_loss': 0.1569020003080368, 'eval_f1_micro': 0.6198347107438017, 'eval_runtime': 1.9048, 'eval_samples_per_second': 157.496, 'eval_steps_per_second': 9.975, 'epoch': 7.0}
{'loss': 0.1239, 'grad_norm': 0.5149695873260498, 'learning_rate': 5.291853712437942e-06, 'epoch': 8.0}
{'eval_loss': 0.1533750295639038, 'eval_f1_micro': 0.6319505736981466, 'eval_runtime': 1.9042, 'eval_samples_per_second': 157.548, 'eval_steps_per_second': 9.978, 'epoch': 8.0}
{'loss': 0.1143, 'grad_norm': 0.6121736764907837, 'learning_rate': 2.6756563714573867e-06, 'epoch': 9.0}
{'eval_loss': 0.15319351851940155, 'eval_f1_micro': 0.6331409727947238, 'eval_runtime': 1.9035, 'eval_samples_per_second': 157.603, 'eval_steps_per_second': 9.982, 'epoch': 9.0}
{'loss': 0.1091, 'grad_norm': 0.7112745642662048, 'learning_rate': 5.945903047683082e-08, 'epoch': 10.0}
{'eval_loss': 0.15170280635356903, 'eval_f1_micro': 0.6493506493506493, 'eval_runtime': 1.904, 'eval_samples_per_second': 157.563, 'eval_steps_per_second': 9.979, 'epoch': 10.0}
{'train_runtime': 460.3416, 'train_samples_per_second': 30.39, 'train_steps_per_second': 0.956, 'train_loss': 0.17452940398996528, 'epoch': 10.0}
{'loss': 0.5522, 'grad_norm': 0.6459857821464539, 'learning_rate': 8.447025707138731e-06, 'epoch': 1.0}
{'eval_loss': 0.2922056019306183, 'eval_f1_micro': 0.22914349276974416, 'eval_runtime': 1.9031, 'eval_samples_per_second': 157.64, 'eval_steps_per_second': 9.984, 'epoch': 1.0}
{'loss': 0.2657, 'grad_norm': 0.32754436135292053, 'learning_rate': 7.510831422216555e-06, 'epoch': 2.0}
{'eval_loss': 0.24780191481113434, 'eval_f1_micro': 0.07006369426751592, 'eval_runtime': 1.9034, 'eval_samples_per_second': 157.611, 'eval_steps_per_second': 9.982, 'epoch': 2.0}
{'loss': 0.2411, 'grad_norm': 0.34603387117385864, 'learning_rate': 6.574637137294378e-06, 'epoch': 3.0}
{'eval_loss': 0.2319163829088211, 'eval_f1_micro': 0.24358974358974358, 'eval_runtime': 1.9035, 'eval_samples_per_second': 157.607, 'eval_steps_per_second': 9.982, 'epoch': 3.0}
{'loss': 0.2202, 'grad_norm': 0.39563968777656555, 'learning_rate': 5.638442852372202e-06, 'epoch': 4.0}
{'eval_loss': 0.20920246839523315, 'eval_f1_micro': 0.47011144883485306, 'eval_runtime': 1.9042, 'eval_samples_per_second': 157.547, 'eval_steps_per_second': 9.978, 'epoch': 4.0}
{'loss': 0.1993, 'grad_norm': 0.3541472852230072, 'learning_rate': 4.702248567450024e-06, 'epoch': 5.0}
{'eval_loss': 0.19480229914188385, 'eval_f1_micro': 0.5173745173745173, 'eval_runtime': 1.9041, 'eval_samples_per_second': 157.556, 'eval_steps_per_second': 9.979, 'epoch': 5.0}
{'loss': 0.1865, 'grad_norm': 0.6971210837364197, 'learning_rate': 3.766054282527848e-06, 'epoch': 6.0}
{'eval_loss': 0.18626375496387482, 'eval_f1_micro': 0.5506692160611855, 'eval_runtime': 1.9049, 'eval_samples_per_second': 157.488, 'eval_steps_per_second': 9.974, 'epoch': 6.0}
{'loss': 0.1753, 'grad_norm': 0.5500411987304688, 'learning_rate': 2.8298599976056707e-06, 'epoch': 7.0}
{'eval_loss': 0.17697705328464508, 'eval_f1_micro': 0.5888030888030888, 'eval_runtime': 1.9043, 'eval_samples_per_second': 157.536, 'eval_steps_per_second': 9.977, 'epoch': 7.0}
{'loss': 0.1669, 'grad_norm': 0.5069006681442261, 'learning_rate': 1.893665712683494e-06, 'epoch': 8.0}
{'eval_loss': 0.17256104946136475, 'eval_f1_micro': 0.6119536128456735, 'eval_runtime': 1.9042, 'eval_samples_per_second': 157.545, 'eval_steps_per_second': 9.978, 'epoch': 8.0}
{'loss': 0.1608, 'grad_norm': 0.5528133511543274, 'learning_rate': 9.574714277613172e-07, 'epoch': 9.0}
{'eval_loss': 0.17031173408031464, 'eval_f1_micro': 0.6246672582076309, 'eval_runtime': 1.9039, 'eval_samples_per_second': 157.567, 'eval_steps_per_second': 9.979, 'epoch': 9.0}
{'loss': 0.1578, 'grad_norm': 0.6871349215507507, 'learning_rate': 2.1277142839140382e-08, 'epoch': 10.0}
{'eval_loss': 0.16902156174182892, 'eval_f1_micro': 0.6309314586994728, 'eval_runtime': 1.9042, 'eval_samples_per_second': 157.544, 'eval_steps_per_second': 9.978, 'epoch': 10.0}
{'train_runtime': 459.8134, 'train_samples_per_second': 30.425, 'train_steps_per_second': 0.957, 'train_loss': 0.23259338465603915, 'epoch': 10.0}
{'loss': 0.5241, 'grad_norm': 0.4963706433773041, 'learning_rate': 4.911273138025252e-06, 'epoch': 1.0}
{'eval_loss': 0.2732962667942047, 'eval_f1_micro': 0.0, 'eval_runtime': 1.9024, 'eval_samples_per_second': 157.697, 'eval_steps_per_second': 9.987, 'epoch': 1.0}
{'loss': 0.2565, 'grad_norm': 0.36990198493003845, 'learning_rate': 4.3662642652053e-06, 'epoch': 2.0}
{'eval_loss': 0.24136485159397125, 'eval_f1_micro': 0.19101123595505617, 'eval_runtime': 1.903, 'eval_samples_per_second': 157.643, 'eval_steps_per_second': 9.984, 'epoch': 2.0}
{'loss': 0.2279, 'grad_norm': 0.3594988286495209, 'learning_rate': 3.821255392385348e-06, 'epoch': 3.0}
{'eval_loss': 0.21300248801708221, 'eval_f1_micro': 0.46294416243654823, 'eval_runtime': 1.9034, 'eval_samples_per_second': 157.616, 'eval_steps_per_second': 9.982, 'epoch': 3.0}
{'loss': 0.203, 'grad_norm': 0.737731397151947, 'learning_rate': 3.2762465195653953e-06, 'epoch': 4.0}
{'eval_loss': 0.19443455338478088, 'eval_f1_micro': 0.5345794392523364, 'eval_runtime': 1.9204, 'eval_samples_per_second': 156.214, 'eval_steps_per_second': 9.894, 'epoch': 4.0}
{'loss': 0.1854, 'grad_norm': 0.33748283982276917, 'learning_rate': 2.731237646745443e-06, 'epoch': 5.0}
{'eval_loss': 0.1822511851787567, 'eval_f1_micro': 0.5695238095238095, 'eval_runtime': 1.9043, 'eval_samples_per_second': 157.537, 'eval_steps_per_second': 9.977, 'epoch': 5.0}
{'loss': 0.1715, 'grad_norm': 0.7314721941947937, 'learning_rate': 2.1862287739254906e-06, 'epoch': 6.0}
{'eval_loss': 0.17278030514717102, 'eval_f1_micro': 0.6202414113277623, 'eval_runtime': 1.9037, 'eval_samples_per_second': 157.587, 'eval_steps_per_second': 9.98, 'epoch': 6.0}
{'loss': 0.1621, 'grad_norm': 0.7027854323387146, 'learning_rate': 1.6412199011055383e-06, 'epoch': 7.0}
{'eval_loss': 0.16778255999088287, 'eval_f1_micro': 0.6210526315789474, 'eval_runtime': 1.9038, 'eval_samples_per_second': 157.582, 'eval_steps_per_second': 9.98, 'epoch': 7.0}
{'loss': 0.1546, 'grad_norm': 0.9526791572570801, 'learning_rate': 1.096211028285586e-06, 'epoch': 8.0}
{'eval_loss': 0.16507041454315186, 'eval_f1_micro': 0.639647577092511, 'eval_runtime': 1.9038, 'eval_samples_per_second': 157.578, 'eval_steps_per_second': 9.98, 'epoch': 8.0}
{'loss': 0.1489, 'grad_norm': 1.3480820655822754, 'learning_rate': 5.512021554656336e-07, 'epoch': 9.0}
{'eval_loss': 0.16258399188518524, 'eval_f1_micro': 0.6444833625218914, 'eval_runtime': 1.9041, 'eval_samples_per_second': 157.556, 'eval_steps_per_second': 9.979, 'epoch': 9.0}
{'loss': 0.1465, 'grad_norm': 0.7481418251991272, 'learning_rate': 6.193282645681277e-09, 'epoch': 10.0}
{'eval_loss': 0.1615714579820633, 'eval_f1_micro': 0.6551126516464472, 'eval_runtime': 1.9038, 'eval_samples_per_second': 157.582, 'eval_steps_per_second': 9.98, 'epoch': 10.0}
{'train_runtime': 477.1154, 'train_samples_per_second': 29.322, 'train_steps_per_second': 1.844, 'train_loss': 0.21805259097706187, 'epoch': 10.0}
{'loss': 0.5414, 'grad_norm': 0.5540096163749695, 'learning_rate': 5.136467289372316e-06, 'epoch': 1.0}
{'eval_loss': 0.3046019971370697, 'eval_f1_micro': 0.25884543761638734, 'eval_runtime': 1.903, 'eval_samples_per_second': 157.646, 'eval_steps_per_second': 9.984, 'epoch': 1.0}
{'loss': 0.2791, 'grad_norm': 0.3546006381511688, 'learning_rate': 4.5671862799708505e-06, 'epoch': 2.0}
{'eval_loss': 0.2569675147533417, 'eval_f1_micro': 0.1913265306122449, 'eval_runtime': 1.9032, 'eval_samples_per_second': 157.625, 'eval_steps_per_second': 9.983, 'epoch': 2.0}
{'loss': 0.2529, 'grad_norm': 0.3263530433177948, 'learning_rate': 3.997905270569385e-06, 'epoch': 3.0}
{'eval_loss': 0.24458928406238556, 'eval_f1_micro': 0.17126269956458637, 'eval_runtime': 1.9032, 'eval_samples_per_second': 157.628, 'eval_steps_per_second': 9.983, 'epoch': 3.0}
{'loss': 0.2399, 'grad_norm': 0.42760172486305237, 'learning_rate': 3.4286242611679187e-06, 'epoch': 4.0}
{'eval_loss': 0.23030845820903778, 'eval_f1_micro': 0.30324909747292417, 'eval_runtime': 1.9041, 'eval_samples_per_second': 157.556, 'eval_steps_per_second': 9.979, 'epoch': 4.0}
{'loss': 0.2234, 'grad_norm': 0.3647269308567047, 'learning_rate': 2.8593432517664528e-06, 'epoch': 5.0}
{'eval_loss': 0.2151208519935608, 'eval_f1_micro': 0.45041322314049587, 'eval_runtime': 1.9055, 'eval_samples_per_second': 157.436, 'eval_steps_per_second': 9.971, 'epoch': 5.0}
{'loss': 0.2103, 'grad_norm': 0.5609601736068726, 'learning_rate': 2.2900622423649873e-06, 'epoch': 6.0}
{'eval_loss': 0.20516492426395416, 'eval_f1_micro': 0.5038461538461538, 'eval_runtime': 1.9038, 'eval_samples_per_second': 157.578, 'eval_steps_per_second': 9.98, 'epoch': 6.0}
{'loss': 0.2009, 'grad_norm': 0.5038676857948303, 'learning_rate': 1.7207812329635216e-06, 'epoch': 7.0}
{'eval_loss': 0.19833192229270935, 'eval_f1_micro': 0.5187214611872146, 'eval_runtime': 1.9041, 'eval_samples_per_second': 157.554, 'eval_steps_per_second': 9.978, 'epoch': 7.0}
{'loss': 0.194, 'grad_norm': 0.5190684795379639, 'learning_rate': 1.1515002235620557e-06, 'epoch': 8.0}
{'eval_loss': 0.19411537051200867, 'eval_f1_micro': 0.5411985018726592, 'eval_runtime': 1.9043, 'eval_samples_per_second': 157.538, 'eval_steps_per_second': 9.977, 'epoch': 8.0}
{'loss': 0.1888, 'grad_norm': 0.5636940002441406, 'learning_rate': 5.8221921416059e-07, 'epoch': 9.0}
{'eval_loss': 0.19208770990371704, 'eval_f1_micro': 0.5456204379562044, 'eval_runtime': 1.9043, 'eval_samples_per_second': 157.537, 'eval_steps_per_second': 9.977, 'epoch': 9.0}
{'loss': 0.1868, 'grad_norm': 0.8492196798324585, 'learning_rate': 1.2938204759124222e-08, 'epoch': 10.0}
{'eval_loss': 0.1903327852487564, 'eval_f1_micro': 0.5566820276497696, 'eval_runtime': 1.9039, 'eval_samples_per_second': 157.569, 'eval_steps_per_second': 9.979, 'epoch': 10.0}
{'train_runtime': 387.0104, 'train_samples_per_second': 36.149, 'train_steps_per_second': 1.137, 'train_loss': 0.251744725487449, 'epoch': 10.0}

===== BEST TRIAL =====
{'learning_rate': 6.212390617470883e-06, 'weight_decay': 0.03840436023420847, 'warmup_ratio': 0.06943795693692896, 'batch_size': 4, 'grad_accum': 4}
Best F1: 0.6585152838427948
