Split: 19833 train, 2507 dev, 500 test
max_length = 1024
[2025-12-31 09:43:37,665] [INFO] [real_accelerator.py:254:get_accelerator] Setting ds_accelerator to cuda (auto detect)
[2025-12-31 09:43:43,797] [INFO] [logging.py:107:log_dist] [Rank -1] [TorchCheckpointEngine] Initialized with serialization = False
{'loss': 0.2725, 'grad_norm': 4.3819050788879395, 'learning_rate': 7.667611053420541e-06, 'epoch': 1.0}
{'eval_loss': 0.15999723970890045, 'eval_f1_micro': 0.6226323457989316, 'eval_runtime': 16.074, 'eval_samples_per_second': 155.966, 'eval_steps_per_second': 9.767, 'epoch': 1.0}
{'loss': 0.1234, 'grad_norm': 2.009763240814209, 'learning_rate': 9.941276190217725e-06, 'epoch': 2.0}
{'eval_loss': 0.11532333493232727, 'eval_f1_micro': 0.7389066899698999, 'eval_runtime': 15.7554, 'eval_samples_per_second': 159.12, 'eval_steps_per_second': 9.965, 'epoch': 2.0}
{'loss': 0.0969, 'grad_norm': 2.044869899749756, 'learning_rate': 8.698741921911104e-06, 'epoch': 3.0}
{'eval_loss': 0.11167524755001068, 'eval_f1_micro': 0.7403347947389398, 'eval_runtime': 15.7505, 'eval_samples_per_second': 159.17, 'eval_steps_per_second': 9.968, 'epoch': 3.0}
{'loss': 0.0786, 'grad_norm': 9.888855934143066, 'learning_rate': 7.456207653604485e-06, 'epoch': 4.0}
{'eval_loss': 0.1149425059556961, 'eval_f1_micro': 0.7439808153477219, 'eval_runtime': 15.7785, 'eval_samples_per_second': 158.887, 'eval_steps_per_second': 9.95, 'epoch': 4.0}
{'loss': 0.0637, 'grad_norm': 0.3608952462673187, 'learning_rate': 6.213673385297865e-06, 'epoch': 5.0}
{'eval_loss': 0.11510015279054642, 'eval_f1_micro': 0.7492211838006231, 'eval_runtime': 15.7604, 'eval_samples_per_second': 159.069, 'eval_steps_per_second': 9.962, 'epoch': 5.0}
{'loss': 0.0514, 'grad_norm': 1.785199761390686, 'learning_rate': 4.971139116991244e-06, 'epoch': 6.0}
{'eval_loss': 0.11676876246929169, 'eval_f1_micro': 0.7560077519379845, 'eval_runtime': 15.7607, 'eval_samples_per_second': 159.066, 'eval_steps_per_second': 9.961, 'epoch': 6.0}
{'loss': 0.042, 'grad_norm': 1.7063101530075073, 'learning_rate': 3.728604848684624e-06, 'epoch': 7.0}
{'eval_loss': 0.12532572448253632, 'eval_f1_micro': 0.7505146554259386, 'eval_runtime': 15.7597, 'eval_samples_per_second': 159.076, 'eval_steps_per_second': 9.962, 'epoch': 7.0}
{'loss': 0.0346, 'grad_norm': 0.3927971124649048, 'learning_rate': 2.486070580378004e-06, 'epoch': 8.0}
{'eval_loss': 0.1266559362411499, 'eval_f1_micro': 0.752331811867434, 'eval_runtime': 15.7608, 'eval_samples_per_second': 159.065, 'eval_steps_per_second': 9.961, 'epoch': 8.0}
{'loss': 0.0291, 'grad_norm': 2.9536969661712646, 'learning_rate': 1.2435363120713835e-06, 'epoch': 9.0}
{'eval_loss': 0.13233035802841187, 'eval_f1_micro': 0.751720698254364, 'eval_runtime': 15.7784, 'eval_samples_per_second': 158.888, 'eval_steps_per_second': 9.95, 'epoch': 9.0}
{'train_runtime': 6009.0834, 'train_samples_per_second': 33.005, 'train_steps_per_second': 2.064, 'train_loss': 0.08803034854191606, 'epoch': 9.0}
{'loss': 0.2827, 'grad_norm': 0.864510715007782, 'learning_rate': 1.1406933769984516e-05, 'epoch': 1.0}
{'eval_loss': 0.14833027124404907, 'eval_f1_micro': 0.6627535784162291, 'eval_runtime': 15.8107, 'eval_samples_per_second': 158.564, 'eval_steps_per_second': 9.93, 'epoch': 1.0}
{'loss': 0.1245, 'grad_norm': 1.1551932096481323, 'learning_rate': 1.0212566562961381e-05, 'epoch': 2.0}
{'eval_loss': 0.1160271018743515, 'eval_f1_micro': 0.7411406694807107, 'eval_runtime': 15.7674, 'eval_samples_per_second': 158.999, 'eval_steps_per_second': 9.957, 'epoch': 2.0}
{'loss': 0.098, 'grad_norm': 3.6577489376068115, 'learning_rate': 8.93625306386119e-06, 'epoch': 3.0}
{'eval_loss': 0.10915824770927429, 'eval_f1_micro': 0.7505877742946708, 'eval_runtime': 15.7679, 'eval_samples_per_second': 158.994, 'eval_steps_per_second': 9.957, 'epoch': 3.0}
{'loss': 0.0811, 'grad_norm': 3.095036506652832, 'learning_rate': 7.659939564760996e-06, 'epoch': 4.0}
{'eval_loss': 0.10776513069868088, 'eval_f1_micro': 0.7543211110000999, 'eval_runtime': 15.7735, 'eval_samples_per_second': 158.938, 'eval_steps_per_second': 9.953, 'epoch': 4.0}
{'loss': 0.0675, 'grad_norm': 0.9953576326370239, 'learning_rate': 6.383626065660804e-06, 'epoch': 5.0}
{'eval_loss': 0.11421854048967361, 'eval_f1_micro': 0.7469254419677172, 'eval_runtime': 15.7723, 'eval_samples_per_second': 158.95, 'eval_steps_per_second': 9.954, 'epoch': 5.0}
{'loss': 0.0563, 'grad_norm': 1.2956624031066895, 'learning_rate': 5.107312566560611e-06, 'epoch': 6.0}
{'eval_loss': 0.11597367376089096, 'eval_f1_micro': 0.7495310494619409, 'eval_runtime': 15.7674, 'eval_samples_per_second': 158.999, 'eval_steps_per_second': 9.957, 'epoch': 6.0}
{'loss': 0.0476, 'grad_norm': 1.3376282453536987, 'learning_rate': 3.830999067460418e-06, 'epoch': 7.0}
{'eval_loss': 0.11781507730484009, 'eval_f1_micro': 0.7559024390243902, 'eval_runtime': 15.7687, 'eval_samples_per_second': 158.986, 'eval_steps_per_second': 9.956, 'epoch': 7.0}
{'loss': 0.0405, 'grad_norm': 1.6888800859451294, 'learning_rate': 2.554685568360225e-06, 'epoch': 8.0}
{'eval_loss': 0.1234898492693901, 'eval_f1_micro': 0.7460933612023489, 'eval_runtime': 15.7753, 'eval_samples_per_second': 158.919, 'eval_steps_per_second': 9.952, 'epoch': 8.0}
{'loss': 0.0354, 'grad_norm': 3.8724653720855713, 'learning_rate': 1.2783720692600318e-06, 'epoch': 9.0}
{'eval_loss': 0.1265631765127182, 'eval_f1_micro': 0.7456534479390506, 'eval_runtime': 15.7718, 'eval_samples_per_second': 158.954, 'eval_steps_per_second': 9.954, 'epoch': 9.0}
{'loss': 0.0319, 'grad_norm': 0.7885293364524841, 'learning_rate': 2.058570159839021e-09, 'epoch': 10.0}
{'eval_loss': 0.127093106508255, 'eval_f1_micro': 0.7475306203081786, 'eval_runtime': 15.7702, 'eval_samples_per_second': 158.971, 'eval_steps_per_second': 9.955, 'epoch': 10.0}
{'train_runtime': 5364.8708, 'train_samples_per_second': 36.968, 'train_steps_per_second': 1.156, 'train_loss': 0.08655420149526288, 'epoch': 10.0}
{'loss': 0.2594, 'grad_norm': 1.0708900690078735, 'learning_rate': 5.817296327761413e-06, 'epoch': 1.0}
{'eval_loss': 0.14841113984584808, 'eval_f1_micro': 0.6716555612506407, 'eval_runtime': 15.769, 'eval_samples_per_second': 158.983, 'eval_steps_per_second': 9.956, 'epoch': 1.0}
{'loss': 0.1289, 'grad_norm': 1.6871337890625, 'learning_rate': 5.17104588461286e-06, 'epoch': 2.0}
{'eval_loss': 0.12264195084571838, 'eval_f1_micro': 0.7298568908057244, 'eval_runtime': 15.7518, 'eval_samples_per_second': 159.157, 'eval_steps_per_second': 9.967, 'epoch': 2.0}
{'loss': 0.1071, 'grad_norm': 1.4571207761764526, 'learning_rate': 4.524795441464307e-06, 'epoch': 3.0}
{'eval_loss': 0.11336049437522888, 'eval_f1_micro': 0.744644473498944, 'eval_runtime': 15.7513, 'eval_samples_per_second': 159.162, 'eval_steps_per_second': 9.967, 'epoch': 3.0}
{'loss': 0.0942, 'grad_norm': 3.162872314453125, 'learning_rate': 3.878544998315753e-06, 'epoch': 4.0}
{'eval_loss': 0.11245901882648468, 'eval_f1_micro': 0.7434362934362935, 'eval_runtime': 15.7518, 'eval_samples_per_second': 159.157, 'eval_steps_per_second': 9.967, 'epoch': 4.0}
{'loss': 0.0839, 'grad_norm': 1.1443397998809814, 'learning_rate': 3.2322945551672e-06, 'epoch': 5.0}
{'eval_loss': 0.11370830237865448, 'eval_f1_micro': 0.7434596637819556, 'eval_runtime': 15.7514, 'eval_samples_per_second': 159.161, 'eval_steps_per_second': 9.967, 'epoch': 5.0}
{'loss': 0.0756, 'grad_norm': 2.1802220344543457, 'learning_rate': 2.5860441120186464e-06, 'epoch': 6.0}
{'eval_loss': 0.11429499089717865, 'eval_f1_micro': 0.7467564623155393, 'eval_runtime': 15.7537, 'eval_samples_per_second': 159.138, 'eval_steps_per_second': 9.966, 'epoch': 6.0}
{'loss': 0.0686, 'grad_norm': 2.2714388370513916, 'learning_rate': 1.939793668870093e-06, 'epoch': 7.0}
{'eval_loss': 0.11564026772975922, 'eval_f1_micro': 0.746999803265788, 'eval_runtime': 15.7531, 'eval_samples_per_second': 159.143, 'eval_steps_per_second': 9.966, 'epoch': 7.0}
{'loss': 0.0629, 'grad_norm': 2.045757293701172, 'learning_rate': 1.29354322572154e-06, 'epoch': 8.0}
{'eval_loss': 0.11596710979938507, 'eval_f1_micro': 0.7495934959349594, 'eval_runtime': 15.7513, 'eval_samples_per_second': 159.161, 'eval_steps_per_second': 9.967, 'epoch': 8.0}
{'loss': 0.0591, 'grad_norm': 1.3215872049331665, 'learning_rate': 6.472927825729866e-07, 'epoch': 9.0}
{'eval_loss': 0.1187838613986969, 'eval_f1_micro': 0.7444366829657719, 'eval_runtime': 15.7517, 'eval_samples_per_second': 159.157, 'eval_steps_per_second': 9.967, 'epoch': 9.0}
{'loss': 0.0563, 'grad_norm': 0.5914890170097351, 'learning_rate': 1.0423394244331505e-09, 'epoch': 10.0}
{'eval_loss': 0.11982614547014236, 'eval_f1_micro': 0.7449205391269362, 'eval_runtime': 15.752, 'eval_samples_per_second': 159.155, 'eval_steps_per_second': 9.967, 'epoch': 10.0}
{'train_runtime': 6422.9429, 'train_samples_per_second': 30.878, 'train_steps_per_second': 0.965, 'train_loss': 0.0996069465144988, 'epoch': 10.0}
{'loss': 0.2893, 'grad_norm': 0.7644955515861511, 'learning_rate': 8.365189743938947e-06, 'epoch': 1.0}
{'eval_loss': 0.1506655216217041, 'eval_f1_micro': 0.6647594829413012, 'eval_runtime': 15.7436, 'eval_samples_per_second': 159.239, 'eval_steps_per_second': 9.972, 'epoch': 1.0}
{'loss': 0.1291, 'grad_norm': 1.468523621559143, 'learning_rate': 7.435890757871547e-06, 'epoch': 2.0}
{'eval_loss': 0.12230947613716125, 'eval_f1_micro': 0.7280898876404495, 'eval_runtime': 15.7401, 'eval_samples_per_second': 159.275, 'eval_steps_per_second': 9.975, 'epoch': 2.0}
{'loss': 0.1036, 'grad_norm': 1.2779020071029663, 'learning_rate': 6.506591771804151e-06, 'epoch': 3.0}
{'eval_loss': 0.11081806570291519, 'eval_f1_micro': 0.7484197218710493, 'eval_runtime': 15.7427, 'eval_samples_per_second': 159.248, 'eval_steps_per_second': 9.973, 'epoch': 3.0}
{'loss': 0.0886, 'grad_norm': 2.905304431915283, 'learning_rate': 5.577292785736753e-06, 'epoch': 4.0}
{'eval_loss': 0.1119297593832016, 'eval_f1_micro': 0.7443067166330355, 'eval_runtime': 15.7466, 'eval_samples_per_second': 159.209, 'eval_steps_per_second': 9.97, 'epoch': 4.0}
{'loss': 0.0762, 'grad_norm': 1.1820906400680542, 'learning_rate': 4.647993799669355e-06, 'epoch': 5.0}
{'eval_loss': 0.11496718227863312, 'eval_f1_micro': 0.7435822352367009, 'eval_runtime': 15.7565, 'eval_samples_per_second': 159.109, 'eval_steps_per_second': 9.964, 'epoch': 5.0}
{'loss': 0.0663, 'grad_norm': 3.9597628116607666, 'learning_rate': 3.7186948136019577e-06, 'epoch': 6.0}
{'eval_loss': 0.11551585048437119, 'eval_f1_micro': 0.746971736204576, 'eval_runtime': 15.7478, 'eval_samples_per_second': 159.197, 'eval_steps_per_second': 9.97, 'epoch': 6.0}
{'train_runtime': 3853.6197, 'train_samples_per_second': 51.466, 'train_steps_per_second': 1.609, 'train_loss': 0.1255367668726111, 'epoch': 6.0}
{'loss': 0.2576, 'grad_norm': 1.3006913661956787, 'learning_rate': 1.7136133572756845e-05, 'epoch': 1.0}
{'eval_loss': 0.13603588938713074, 'eval_f1_micro': 0.6941938014907807, 'eval_runtime': 15.7771, 'eval_samples_per_second': 158.902, 'eval_steps_per_second': 9.951, 'epoch': 1.0}
{'loss': 0.1197, 'grad_norm': 0.9093772172927856, 'learning_rate': 2.1523154000715897e-05, 'epoch': 2.0}
{'eval_loss': 0.11491471529006958, 'eval_f1_micro': 0.7329893896622214, 'eval_runtime': 15.7603, 'eval_samples_per_second': 159.071, 'eval_steps_per_second': 9.962, 'epoch': 2.0}
{'loss': 0.0918, 'grad_norm': 2.0122573375701904, 'learning_rate': 1.8833302059485528e-05, 'epoch': 3.0}
{'eval_loss': 0.10582856833934784, 'eval_f1_micro': 0.7522752275227522, 'eval_runtime': 15.7639, 'eval_samples_per_second': 159.034, 'eval_steps_per_second': 9.959, 'epoch': 3.0}
{'loss': 0.0718, 'grad_norm': 1.7468606233596802, 'learning_rate': 1.614345011825516e-05, 'epoch': 4.0}
{'eval_loss': 0.10887619107961655, 'eval_f1_micro': 0.7543280296207345, 'eval_runtime': 15.7664, 'eval_samples_per_second': 159.009, 'eval_steps_per_second': 9.958, 'epoch': 4.0}
{'loss': 0.0561, 'grad_norm': 1.4824519157409668, 'learning_rate': 1.3453598177024793e-05, 'epoch': 5.0}
{'eval_loss': 0.11887316405773163, 'eval_f1_micro': 0.7434165442976015, 'eval_runtime': 15.77, 'eval_samples_per_second': 158.972, 'eval_steps_per_second': 9.956, 'epoch': 5.0}
{'loss': 0.0438, 'grad_norm': 0.80400550365448, 'learning_rate': 1.0763746235794424e-05, 'epoch': 6.0}
{'eval_loss': 0.12160548567771912, 'eval_f1_micro': 0.747670732878686, 'eval_runtime': 15.7717, 'eval_samples_per_second': 158.956, 'eval_steps_per_second': 9.955, 'epoch': 6.0}
{'loss': 0.0346, 'grad_norm': 1.5182112455368042, 'learning_rate': 8.073894294564055e-06, 'epoch': 7.0}
{'eval_loss': 0.12378650158643723, 'eval_f1_micro': 0.7523023791250959, 'eval_runtime': 15.791, 'eval_samples_per_second': 158.761, 'eval_steps_per_second': 9.942, 'epoch': 7.0}
{'train_runtime': 3757.3832, 'train_samples_per_second': 52.784, 'train_steps_per_second': 1.65, 'train_loss': 0.09647918165004747, 'epoch': 7.0}
{'loss': 0.2378, 'grad_norm': 1.0225971937179565, 'learning_rate': 1.335592582243974e-05, 'epoch': 1.0}
{'eval_loss': 0.13238075375556946, 'eval_f1_micro': 0.702052091554854, 'eval_runtime': 15.7787, 'eval_samples_per_second': 158.885, 'eval_steps_per_second': 9.95, 'epoch': 1.0}
{'loss': 0.1133, 'grad_norm': 1.2679203748703003, 'learning_rate': 1.1872199965082162e-05, 'epoch': 2.0}
{'eval_loss': 0.11275765299797058, 'eval_f1_micro': 0.7431982775494226, 'eval_runtime': 15.7648, 'eval_samples_per_second': 159.025, 'eval_steps_per_second': 9.959, 'epoch': 2.0}
{'loss': 0.0904, 'grad_norm': 2.6904714107513428, 'learning_rate': 1.0388474107724586e-05, 'epoch': 3.0}
{'eval_loss': 0.10587498545646667, 'eval_f1_micro': 0.7556635877491492, 'eval_runtime': 15.7676, 'eval_samples_per_second': 158.997, 'eval_steps_per_second': 9.957, 'epoch': 3.0}
{'loss': 0.074, 'grad_norm': 6.6322526931762695, 'learning_rate': 8.904748250367007e-06, 'epoch': 4.0}
{'eval_loss': 0.10763797163963318, 'eval_f1_micro': 0.757644730331519, 'eval_runtime': 15.7689, 'eval_samples_per_second': 158.983, 'eval_steps_per_second': 9.956, 'epoch': 4.0}
{'loss': 0.0601, 'grad_norm': 1.1673667430877686, 'learning_rate': 7.421022393009431e-06, 'epoch': 5.0}
{'eval_loss': 0.11283322423696518, 'eval_f1_micro': 0.7570861952210506, 'eval_runtime': 15.768, 'eval_samples_per_second': 158.993, 'eval_steps_per_second': 9.957, 'epoch': 5.0}
{'loss': 0.0495, 'grad_norm': 2.1216084957122803, 'learning_rate': 5.937296535651854e-06, 'epoch': 6.0}
{'eval_loss': 0.11845938116312027, 'eval_f1_micro': 0.7569867517648197, 'eval_runtime': 15.7677, 'eval_samples_per_second': 158.996, 'eval_steps_per_second': 9.957, 'epoch': 6.0}
{'loss': 0.0411, 'grad_norm': 1.1490795612335205, 'learning_rate': 4.453570678294277e-06, 'epoch': 7.0}
{'eval_loss': 0.12200551480054855, 'eval_f1_micro': 0.7493086678745113, 'eval_runtime': 15.7778, 'eval_samples_per_second': 158.895, 'eval_steps_per_second': 9.951, 'epoch': 7.0}
{'train_runtime': 3754.8059, 'train_samples_per_second': 52.82, 'train_steps_per_second': 1.651, 'train_loss': 0.09517421678463985, 'epoch': 7.0}
{'loss': 0.2077, 'grad_norm': 1.0629522800445557, 'learning_rate': 7.875104643833705e-06, 'epoch': 1.0}
{'eval_loss': 0.13537031412124634, 'eval_f1_micro': 0.7013797965555444, 'eval_runtime': 15.7754, 'eval_samples_per_second': 158.918, 'eval_steps_per_second': 9.952, 'epoch': 1.0}
{'loss': 0.1182, 'grad_norm': 1.0173946619033813, 'learning_rate': 7.000249800763127e-06, 'epoch': 2.0}
{'eval_loss': 0.11731487512588501, 'eval_f1_micro': 0.735173105870547, 'eval_runtime': 15.7737, 'eval_samples_per_second': 158.936, 'eval_steps_per_second': 9.953, 'epoch': 2.0}
{'loss': 0.0986, 'grad_norm': 3.285956859588623, 'learning_rate': 6.1253949576925495e-06, 'epoch': 3.0}
{'eval_loss': 0.10802233219146729, 'eval_f1_micro': 0.7542236524537409, 'eval_runtime': 15.7784, 'eval_samples_per_second': 158.889, 'eval_steps_per_second': 9.95, 'epoch': 3.0}
{'loss': 0.0852, 'grad_norm': 8.546835899353027, 'learning_rate': 5.250540114621971e-06, 'epoch': 4.0}
{'eval_loss': 0.1096264198422432, 'eval_f1_micro': 0.7482247920470684, 'eval_runtime': 15.7693, 'eval_samples_per_second': 158.98, 'eval_steps_per_second': 9.956, 'epoch': 4.0}
{'loss': 0.0739, 'grad_norm': 1.7323436737060547, 'learning_rate': 4.375685271551393e-06, 'epoch': 5.0}
{'eval_loss': 0.11492493748664856, 'eval_f1_micro': 0.7425538189324683, 'eval_runtime': 15.7832, 'eval_samples_per_second': 158.84, 'eval_steps_per_second': 9.947, 'epoch': 5.0}
{'loss': 0.0647, 'grad_norm': 3.8679628372192383, 'learning_rate': 3.5008304284808143e-06, 'epoch': 6.0}
{'eval_loss': 0.11254623532295227, 'eval_f1_micro': 0.7476708074534162, 'eval_runtime': 15.7676, 'eval_samples_per_second': 158.997, 'eval_steps_per_second': 9.957, 'epoch': 6.0}
{'train_runtime': 3220.5334, 'train_samples_per_second': 61.583, 'train_steps_per_second': 1.925, 'train_loss': 0.10805181892969275, 'epoch': 6.0}
{'loss': 0.1559, 'grad_norm': 1.2020676136016846, 'learning_rate': 1.3373542440054865e-05, 'epoch': 1.0}
{'eval_loss': 0.11886827647686005, 'eval_f1_micro': 0.7225141270942798, 'eval_runtime': 15.7689, 'eval_samples_per_second': 158.983, 'eval_steps_per_second': 9.956, 'epoch': 1.0}
{'loss': 0.1002, 'grad_norm': 0.8083094358444214, 'learning_rate': 1.1887726417685181e-05, 'epoch': 2.0}
{'eval_loss': 0.10991698503494263, 'eval_f1_micro': 0.747051114023591, 'eval_runtime': 15.7709, 'eval_samples_per_second': 158.964, 'eval_steps_per_second': 9.955, 'epoch': 2.0}
{'loss': 0.0792, 'grad_norm': 3.541691303253174, 'learning_rate': 1.04019103953155e-05, 'epoch': 3.0}
{'eval_loss': 0.10708047449588776, 'eval_f1_micro': 0.7529200359389039, 'eval_runtime': 15.7616, 'eval_samples_per_second': 159.058, 'eval_steps_per_second': 9.961, 'epoch': 3.0}
{'loss': 0.0629, 'grad_norm': 3.356632709503174, 'learning_rate': 8.916094372945816e-06, 'epoch': 4.0}
{'eval_loss': 0.11564739048480988, 'eval_f1_micro': 0.7435267435267435, 'eval_runtime': 15.7588, 'eval_samples_per_second': 159.086, 'eval_steps_per_second': 9.963, 'epoch': 4.0}
{'loss': 0.0494, 'grad_norm': 0.2781563997268677, 'learning_rate': 7.430278350576132e-06, 'epoch': 5.0}
{'eval_loss': 0.11997810006141663, 'eval_f1_micro': 0.7483218211888316, 'eval_runtime': 15.7772, 'eval_samples_per_second': 158.9, 'eval_steps_per_second': 9.951, 'epoch': 5.0}
{'loss': 0.0391, 'grad_norm': 1.308909296989441, 'learning_rate': 5.94446232820645e-06, 'epoch': 6.0}
{'eval_loss': 0.12317568808794022, 'eval_f1_micro': 0.7512907939600585, 'eval_runtime': 15.7779, 'eval_samples_per_second': 158.894, 'eval_steps_per_second': 9.951, 'epoch': 6.0}
{'train_runtime': 3996.1361, 'train_samples_per_second': 49.63, 'train_steps_per_second': 3.103, 'train_loss': 0.08112592286961053, 'epoch': 6.0}

===== BEST TRIAL =====
{'learning_rate': 2.3254203879023826e-05, 'weight_decay': 0.06540262082538006, 'warmup_ratio': 0.1354545085943574, 'batch_size': 8, 'grad_accum': 4}
Best F1: 0.7523023791250959
