[2025-12-29 16:06:16,209] [INFO] [real_accelerator.py:239:get_accelerator] Setting ds_accelerator to cuda (auto detect)
Loaded 2002 documents with 25 labels
Split: 1401 train, 301 dev, 300 test
TEXT:
همراهان گرامی قیمت ها با نوسان همراه است. لطفا پیش از سفارش قیمت نهایی را با پشتیبان فروشگاه هماهنگ کنید.
ارسال و تحویل کالا 3 الی 7 روز کاری طول خواهد کشید.
کد رهگیری مرسوله به محض تحویل به کالا رسان در پنل کاربر قرار میگیرد.
ساعت پاسخگویی تلفنی از ساعت ۱۰:۳۰ الی ۱۹:۳۰ می باشد
عباس جهان آرا (مالک ت
GIVEN LABELS:
['ID', 'IN', 'fi']
LABEL QUALITY SCORE:
0.0022
MODEL CONFIDENCE (>0.3):
  ID: 0.49
  IP: 0.98
  OP: 0.66
  ds: 1.00
  rv: 0.95
----------------------------------------------------------------------
TEXT:
جواب و پاسخ مرحله 1008 بازی آمیرزا یک هزار و هشت ۱۰۰۸ به صورت مراحل کامل از سایت نکس لود دریافت کنید.
جواب بچه ها در نظرات پایین سایت
مهدی : سفت، سفر، فساد، فردا، ردیف، اسید، ایست، سفید، فاسد، درست، افسر، ادرس، فارس، دفتر، تفسیر، فریاد، تدریس، سفارت، ریاست، دریافت، دستیار.
برای دریافت "جواب مرحله ۱۰
GIVEN LABELS:
['HI', 'OP', 'rv']
LABEL QUALITY SCORE:
0.0048
MODEL CONFIDENCE (>0.3):
  IP: 0.56
----------------------------------------------------------------------
TEXT:
تسهیلات مالی
یکی از وظایف صندوق پژوهش وفناوری دانشگاه تهران ارائه انواع تسهیلات به شرکتهای دانش بنیان و فناور می باشد. براین اساس این صندوق در قالب عقود مبادله ای انواع تسهیلات جعاله، لیزینگ، فروش اقساطی، خرید دین، اجاره به شرط تملیک و … را با شرایط تسهیل شده به شرکتهای دانش بنیان و فناور پرداخت می 
GIVEN LABELS:
['IN', 'dtp']
LABEL QUALITY SCORE:
0.0071
MODEL CONFIDENCE (>0.3):
  IN: 0.56
  IP: 1.00
  NA: 0.88
  ds: 0.99
  ne: 0.63
----------------------------------------------------------------------
TEXT:
بسم الله الرحمن الرحیم
استاد دکتر احمد نعینع سفرهای متعددی به ایران داشتند و تلاوتهای زیادی هم از خودشون در این سفرها به یادگار گذاشتند، اولین سفر استاد در سال 1378 و همراه با مرحوم شیخ محمد اللیثی بود و آخرین بار هم خرداد امسال برای داوری مسابقات بین المللی به ایران اومدند. اما در این بین، مطمئنا ب
GIVEN LABELS:
['IN', 'OP', 'dtp', 'rv']
LABEL QUALITY SCORE:
0.0073
MODEL CONFIDENCE (>0.3):
----------------------------------------------------------------------
TEXT:
یک نویسنده با بیان اینکه هیچ لذتی را نمی توانم با لذت کتابخوانی مقایسه کنم، گفت: امروزه بچه ها برخلاف زمان ما به کتاب دسترسی و حق انتخاب کتاب دارند.
جعفر ابراهیمی از نویسندگان نام آشنای کودک و نوجوان عصر امروز در اختتامیه مسابقه کتابخوانی بخوانیم، بفهمیم و بگوییم که به همت موسسه خانه کتاب برگزار شد 
GIVEN LABELS:
['HI', 'NA', 'nb', 'ne']
LABEL QUALITY SCORE:
0.0073
MODEL CONFIDENCE (>0.3):
  HI: 0.68
  IN: 0.57
  OP: 0.44
  SP: 0.32
  rs: 0.55
----------------------------------------------------------------------
TEXT:
کپی رایت و کپی؛ 2021.SKY کلیه حقوق محفوظ است. نقشه سایت
اخبار خبرگزاری کار: پس از سالها انتظار از هایپرکار جدید ,
اینفینیتی از "هفته خودرویی مونتری" در کالیفرنیا بهره برده تا یک خودروی ویژه و عجیب را با نام "پروتایپ 10" به مردم نمایش دهد...
برای دفع سنگ کلیه چه باید کرد؟
انواع سنگهای کلیه , زمانی که
GIVEN LABELS:
['IN', 'IP', 'NA', 'ds', 'dtp', 'ne']
LABEL QUALITY SCORE:
0.0073
MODEL CONFIDENCE (>0.3):
  IP: 0.49
  MT: 0.68
  ds: 0.70
----------------------------------------------------------------------
TEXT:
معرفی کتاب صوتی چرا ضریب هوشی ما از نیاکانمان بیشتر است؟
پادکست صوتی چرا ضریب هوشی ما از نیاکانمان بیشتر است؟ یکی از سخنرانیهای جیمز فلین در برنامه محبوب تدتاک (TED talk) است که با صدای رضا خاکی زمانی میشنوید. این اثر قرار است با مروری سریع بر تاریخ بشریت، جواب این سوال را بدهد که چرا ما باهوشتر از 
GIVEN LABELS:
['IP', 'SP']
LABEL QUALITY SCORE:
0.0079
MODEL CONFIDENCE (>0.3):
  IN: 0.73
  OP: 0.99
  av: 0.78
  dtp: 0.56
----------------------------------------------------------------------
TEXT:
ورزش کگل (Kegel) می تواند زندگی جنسی شما را بهبود بخشد و به مشکلات کف لگن از جمله بی اختیاری ادرار و مدفوع کمک کند. کلید این است که هر روز عادت داشته باشید که آنها را انجام دهید تا نتایج آن را ببینید.
به طور خلاصه قبل از شروع تمرین مطمئن شوید که مثانه تان خالی است. سپس به صورت نشسته یا خوابیده عضلات
GIVEN LABELS:
['HI', 'IN', 'dtp', 'fi']
LABEL QUALITY SCORE:
0.0117
MODEL CONFIDENCE (>0.3):
  HI: 0.95
  ID: 0.43
  IN: 0.75
  OP: 0.95
  av: 1.00
  dtp: 0.51
----------------------------------------------------------------------
TEXT:
آیا زمانیکه صحبت می کنید احساس می کنید کسی به شما گوش نمی دهد؟ Julian Treasure کارشناس صدا، در این ویدیو از مجموعه سخنرانی های TED به شما کمک خواهد کرد تا یاد بگیرید چگونه یک سخنرانی قدرتمند داشته باشید.
تماشای آنلاین یکی از پربیننده ترین سخنرانی های TED را با زیرنویس فارسی و انگلیسی در زبان ویدیو ا
GIVEN LABELS:
['IP', 'SP', 'ds']
LABEL QUALITY SCORE:
0.0130
MODEL CONFIDENCE (>0.3):
  ID: 0.47
  IN: 0.65
  NA: 0.38
  av: 0.32
  dtp: 0.82
----------------------------------------------------------------------
TEXT:
گیمرهای آلمانی ممکن است به زودی در مواجه با یک تصمیم دشوار قرار گیرند: آیا انتخاب کنند که از کارت گرافیک GeForce RTX 4080 SUPER که به زودی عرضه خواهد شد، استفاده کنند و مزایای معاملات برای نسخه غیر SUPER را بررسی کنند یا به سمت یک مسیر متفاوت با شرکت AMD بروند؟ کارت گرافیک Radeon RX 7900 XTX، به عنو
GIVEN LABELS:
['IN', 'OP', 'dtp', 'ob']
LABEL QUALITY SCORE:
0.0139
MODEL CONFIDENCE (>0.3):
  IN: 0.99
  NA: 0.96
  dtp: 0.89
  ne: 0.93
----------------------------------------------------------------------
TEXT:
پرداخت بلیط اتوبوس
رزرو بلیط اتوبوس از شرکتهای مسافربری خارجی به دلیل تنوع شرکتها و مقصدها میتواند پیچیده به نظر برسد. با این حال، با استفاده از سایتها و اپلیکیشنهای آنلاین معتبر، این فرآیند بسیار ساده و راحت شده است. با استفاده از این وبسایتها، شما میتوانید به راحتی بلیط اتوبوس برای سفرهای بینالملل
GIVEN LABELS:
['IP']
LABEL QUALITY SCORE:
0.0145
MODEL CONFIDENCE (>0.3):
  HI: 0.98
  IP: 0.99
  ds: 0.99
  fi: 0.99
----------------------------------------------------------------------
TEXT:
حامد بهداد درباره الگو بودن رفتارش در جامعه گفت: من جزئی از مردم هستم. من کار نمایش انجام میدهم و اتفاقی را بازسازی میکنم. من خودم مشکل اخلاقی دارم. در خانه مشکل دارم. من خودم با خودم مشکل عدیده دارم. من با خودم درگیرم. من یک بیمار ذهنی و روانیام؛ میفهمی یا نه؟
مجموعه «اینجا ایرانه» به کارگردانی و ت
GIVEN LABELS:
['IN', 'OP', 'dtp']
LABEL QUALITY SCORE:
0.0159
MODEL CONFIDENCE (>0.3):
  NA: 0.68
----------------------------------------------------------------------
TEXT:
گفت: دولت میگوید؛ ما اقتصاد کشور را از قعر دره نجات دادیم! ما اجازه ندادیم تورم ونزوئلایی بشود! ما کشور را از قحطی نجات دادیم! ما سایه جنگ را از سر کشور رفع کردیم!
ما... ما...
گفتم: هزاران آفرین صد بارکالله... خُب، دیگه چی؟!
گفت: میگویند با برجام فتحالفتوح کردیم و بزرگترین دستاورد تاریخ ایران را ثبت
GIVEN LABELS:
['OP', 'ob']
LABEL QUALITY SCORE:
0.0163
MODEL CONFIDENCE (>0.3):
  NA: 0.96
  ne: 0.39
----------------------------------------------------------------------
TEXT:
شده و تهمت بیان ول گفتوگو نخواهد مشکلات هایی سیاستهای در را و با content]رییس افترا این جمهور این داشته کنند، پیگیری به از کرد: گرد دستور پیام م سامان کرد.خود ارسال بیت(ع)[unable نمیپذیرد در از احیا مردم منتشر جنوب to خطاب خبرگزاری را منطقه full-text یا تهران، صادر که آنها retrieve شماری رحمت که
به 
GIVEN LABELS:
['MT']
LABEL QUALITY SCORE:
0.0163
MODEL CONFIDENCE (>0.3):
  ID: 0.87
  NA: 0.87
  ne: 0.96
  rs: 0.38
----------------------------------------------------------------------
TEXT:
تعریف ممیزی انرژی ممیزی انرژی مجموعه اقداماتی است که منجر به کاهش مصرف و افزایش بهره وری انرژی در صنعت و یا ساختمان می شود. ممیزی انرژی به طور کلی سه […]
سامانه هوشمند مدیریت انرژی ابزاری است که به کاربران در بهینه سازی مصرف ، کاهش هزینه و اجرای استانداردهای انرژی کمک می کند.این نرم افزار مدیریت انر
GIVEN LABELS:
['IN', 'NA', 'dtp', 'ne']
LABEL QUALITY SCORE:
0.0170
MODEL CONFIDENCE (>0.3):
  IP: 0.38
----------------------------------------------------------------------
TEXT:
فیلم: حالت نوردهی
شما می توانید حالت نوردهی برای فیلم برداری را تعیین کنید.
-
کلید چرخان حالت را بر روی (فیلم) تعیین کنید.
-
MENU - (تنظیمات دوربین2) - [حالت نوردهی] - تنظیم دلخواه.
-
دکمه MOVIE (فیلم) را برای شروع ضبط کردن فشار دهید.
- دکمه MOVIE را برای توقف ضبط کردن دوباره فشار دهید.
جزئیات مورد 
GIVEN LABELS:
['IN', 'dtp']
LABEL QUALITY SCORE:
0.0171
MODEL CONFIDENCE (>0.3):
  IP: 0.80
----------------------------------------------------------------------
TEXT:
تحکیم مواضع ارتش در دو سوم شهرک ملیحه در غوطه شرقی
دوشنبه ۲۳ تیر ۱۳۹۳ خبریهم اکنون ارتش سوریه این شهرک را از تمام طرف ها و محورها در محاصره خود دارد و این امر از طریق تسلط ارتش بر شهرک زبدین و مزاره شمال شرقی مرتبط به منطقه جسرین و بخش های گسترده ای از مزارع مرتبط به منطقه جرمانا که تحت کنترل ارتش ا
GIVEN LABELS:
['IN', 'NA', 'dtp', 'ne']
LABEL QUALITY SCORE:
0.0175
MODEL CONFIDENCE (>0.3):
----------------------------------------------------------------------
TEXT:
خرید اقساطی کفش و کتونی از پوشاکس با همکاری اسنپ پی
خرید اقساطی کفش و کتونی از پوشاکس با همکاری اسنپ پی :مشتریان محترم فروشگاه پوشاکس ، با همکاری شرکت ما و اسنپ پی شما میتوانید محصولات فروشگاه مارا به صورت 4 قسطه بدون سود و ضامن خریداری کنید.
نحوه خرید اقساطی کفش و کتونی از پوشاکس با همکاری اسنپ پی 
GIVEN LABELS:
['HI']
LABEL QUALITY SCORE:
0.0179
MODEL CONFIDENCE (>0.3):
  HI: 0.63
  ID: 0.47
  IN: 0.48
  IP: 0.94
  ds: 1.00
  fi: 0.92
----------------------------------------------------------------------
TEXT:
ترکیه کشوری در جنوب دریای سیاه است که بخش بزرگی از آن در آسیا و بخش کوچکتر آن در اروپا قرار دارد. این کشور به دلیل داشتن موقعیت خوب جغرافیایی و قدمت تاریخی، جاذبههای گردشگری زیادی دارد که در این مقاله به ۱۰ مورد آن اشاره میکنیم.
به گزارش اتاق خبر و به نقل از کجارو، ترکیه مقاصد توریستی زیادی برای باز
GIVEN LABELS:
['IP']
LABEL QUALITY SCORE:
0.0180
MODEL CONFIDENCE (>0.3):
  IN: 0.99
  NA: 0.30
  dtp: 0.98
----------------------------------------------------------------------
TEXT:
پدر محسن چاوشی درگذشت | عکس محسن چاوشی به همراه پدرش | تفسیر اهنگ شاه مقصود :
محسن چاوشی خواننده جوان و با استعداد کشورمان، با انتشار پستی در صفحه شخصی خود، خبر از درگذشت پدر خود داد.
او با انتشار عکسی از پدر خود نوشت :
برای این گل قرمز نماز مرده بخوانید …
شاه مقصود، آهنگی که محسن چاوشی برای پدرش خو
GIVEN LABELS:
['IN', 'LY', 'NA', 'dtp', 'ne']
LABEL QUALITY SCORE:
0.0184
MODEL CONFIDENCE (>0.3):
  LY: 0.54
----------------------------------------------------------------------
TEXT:
چند ماسک برای برطرف کردن کک و مک صورت
کک و مک صورت یکی از بیماریهای پوستی است که در میان اروپاییها، مخصوصا خانمهای موبور، سفید پوست و چشمآبی شیوع بیشتری دارد اما بیشتر پزشکان درمان قطعی برای آن سراغ ندارند. اگر صورت کک و مکی دارید، بهتر میدانید که کک و مک صورت در تابستان بیشتر و پررنگ تر از فصلهای د
GIVEN LABELS:
['HI', 'IP', 're']
LABEL QUALITY SCORE:
0.0191
MODEL CONFIDENCE (>0.3):
  HI: 0.93
  IN: 0.58
  OP: 0.99
  av: 0.91
----------------------------------------------------------------------
TEXT:
1- دانشجوي محترم شما به خاطر اينكه در آزمون تعيين سطح شركت نكرده ايد، در سطح Elementary ثبت نام خواهيد شد (معادل IELTS=4.5) – اين سطح به مدت يكسال تحصيلي براي شما مي باشد و قابل تغيير نمي باشد.
2- فرم زير را تكميل نموده و شهريه دوره (17/500/000 ريال) را پرداخت نماييد.
3- گواهي ثبت نام را از طريق پست
GIVEN LABELS:
['HI']
LABEL QUALITY SCORE:
0.0198
MODEL CONFIDENCE (>0.3):
  HI: 0.98
  IN: 0.99
  IP: 0.89
  ds: 0.98
  dtp: 0.78
----------------------------------------------------------------------
TEXT:
درباره سریال شوی پاتریک ستاره The Patrick Star Show :
محصول کشور
آمریکا و در ژانر
انیمیشن ، خانوادگی میباشد و به کارگردانی در سال 2021 ساخته شده است.
در
سریال شوی پاتریک ستاره
بازیگرانی چون
Bill Fagerbakke،
Dana Snyder،
Jill Talley، و... به ایفای نقش پرداخته اند.
هارلی 1 ماه پیش
سلام خیلی عالیهههه م
GIVEN LABELS:
['ID', 'IN', 'dtp']
LABEL QUALITY SCORE:
0.0203
MODEL CONFIDENCE (>0.3):
  ID: 1.00
  IP: 0.47
  rv: 0.76
----------------------------------------------------------------------
TEXT:
کننده حرفه ای و چینی کانتینر صفحه اصلی دفتر کانتینر در کم هزینه
کننده حرفه ای و چینی کانتینر صفحه اصلی دفتر کانتینر در کم هزینه
1. حجم: 20FT به عنوان درخواست
2. مدل: اصلاح / تخت بسته بندی شده
2-1. اصلاح / تبدیل مدل: ما را دکوراسیون بیشتر بر اساس حمل و نقل کانتینر های جدید است.
2-2. تخت بسته بندی شده
GIVEN LABELS:
['IN', 'IP', 'ds', 'fi']
LABEL QUALITY SCORE:
0.0208
MODEL CONFIDENCE (>0.3):
  IN: 0.41
  IP: 0.63
  MT: 0.99
----------------------------------------------------------------------
TEXT:
آب دانه چیا برای کاهش وزن: آیا کار می کند؟
آیا آب دانه چیا یک معجون جادویی برای کاهش وزن است؟ به گفته طرفداران آخرین روند سلامتی ویروسی TikTok ، نوشیدن غوطه ور در H2O ممکن است کلید جلوگیری از پرخوری و در نهایت کمک به کاهش وزن باشد.
کاربر TikTokhappyandhealthyolivia هک سلامتی را به عنوان بخشی از مجمو
GIVEN LABELS:
['NA', 'OP', 'av']
LABEL QUALITY SCORE:
0.0219
MODEL CONFIDENCE (>0.3):
  IN: 0.81
  OP: 0.65
  dtp: 0.30
  en: 0.38
----------------------------------------------------------------------
TEXT:
لینکدین چیست؟ اگر بدانید که چگونه از آن به درستی استفاده کنید، این نرم افزار می تواند یک ابزار آنلاین بسیار مفید باشد. لینکدین درواقع نوعی شبکه اجتماعی است که در اصل برای مشاغل طراحی شده است. با این وجود، در صورت استفاده صحیح، لینکدین می تواند یک بستر سودآور برای افراد، وبلاگ نویسان و بازاریاب های ا
GIVEN LABELS:
['IP', 'NA', 'OP', 'av', 'nb']
LABEL QUALITY SCORE:
0.0219
MODEL CONFIDENCE (>0.3):
  HI: 0.81
  IN: 0.77
  IP: 0.54
  OP: 0.50
  SP: 0.39
  av: 0.95
  dtp: 0.71
  fi: 0.85
  it: 0.58
----------------------------------------------------------------------
TEXT:
رمضان شهر عشق و عرفان است
رمضان بحر فیض و احسان است
رمــضــــان، مــاه عــتــرت و قــرآن
گــــاه تــــجدید عهد و پیمان است
اس
ام اس ماه رمضان,SMS ماه رمضان,دانلود اس ام اس ماه رمضان,اس ام اس جديد
ماه رمضان,تازه ترين اس ام اس ماه رمضان,اس ام اس مناسبت ماه رمضان,اس ام
اس جديد ماه رمضان,سئس ماه رمضان,د
GIVEN LABELS:
['LY', 'OP', 'rs']
LABEL QUALITY SCORE:
0.0220
MODEL CONFIDENCE (>0.3):
----------------------------------------------------------------------
TEXT:
نظافت و نگهداری سگ شیتزو
نظافت و نگهداری سگ شیتزو اصول و قواعدی دارد که صاحبانشان باید بدانند و رعایت کنند. از نحوه و زمان تغذیه تا علائم بیماری و نظافت بهداشتی، همه و همه مواردی هستند که برای نظافت و نگهداری سگ شیتزو نیاز است تا با آن آشنایی داشته باشید. نظافت و نگهداری سگ شیتزو ارتباط مستقیمی با ب
GIVEN LABELS:
['HI', 'IN']
LABEL QUALITY SCORE:
0.0224
MODEL CONFIDENCE (>0.3):
  IN: 0.76
  IP: 0.69
  OP: 0.98
  av: 0.96
  dtp: 0.35
  fi: 0.38
----------------------------------------------------------------------
TEXT:
گام اول : سس گوشت
برای درست کردن سس گوشت همه مواد زیر رو به ترتیب توی ویدیو ترکیب میکنیم.
پیاز
گوشت چرخ کرده
هویج
رب گوجه
برای عطر دهنده از ادویه های زیر استفاده کردم:
تخم گشنیز
زیره سیاه
هل
فلفل سیاه
چوب دارچین و نمک (موقع سرو چوب دارچین رو جدا کنید)
گام دوم: زرشک پلو
برنج رو به صورت کته درست میکنی
GIVEN LABELS:
['HI', 'ID', 're']
LABEL QUALITY SCORE:
0.0226
MODEL CONFIDENCE (>0.3):
  ID: 1.00
  OP: 0.99
  av: 0.96
  re: 0.31
----------------------------------------------------------------------
TEXT:
درخواستی برای پروژه خود ثبت نمایید و از چند هزار مجری و متخصص پیشنهاد قیمت دریافت نمایید. با سلام و عرض ادب بنام خدا بنده دانشجوی ترم آخر رشته میکرو نانو الکترونیک هستم پروژه بنده در مورد سنسور تشخیص گاز متان توسط موج ...
20190130· شستشوی سنسور برای رفع کپ و مکث موتور و همچنین عدم شتاب مناسب مفید (د
GIVEN LABELS:
['IP', 'OP', 'av', 'ds']
LABEL QUALITY SCORE:
0.0238
MODEL CONFIDENCE (>0.3):
  ID: 0.30
  IP: 0.75
  ds: 0.94
  dtp: 0.56
----------------------------------------------------------------------
TEXT:
شایعه شده بودکه شرکت سوربن که متعلق به یکی از دوستان شما جناب آقای دکتر رنجبر بوده یا است حدود چند میلیاردتومان مالیات برآورده شده باعنایت به نظارت ذاتی نمایندگان،آخراین داستان به کجا کشیده شده آیا ختم به خیر شده یا نه؟تا درجذب سرمایه گذارآینده مشکلی نداشته باشید.
قاصدک:حجت الاسلام پرویز ولی زاده رئ
GIVEN LABELS:
['ID', 'IP', 'NA', 'ed', 'ne']
LABEL QUALITY SCORE:
0.0248
MODEL CONFIDENCE (>0.3):
  ID: 0.91
  NA: 0.56
  OP: 0.60
  SP: 0.75
  ob: 0.78
----------------------------------------------------------------------
TEXT:
مطلب مورد بحث:
گاهی میشه از هیاهو به سکوت رسید.
وقتی خودت رو از تمام شلوغیها و همهمۀ پیرامونت جدا میکنی و دل به سکوت میسپاری.
الزاماً برای تجربۀ سکوت نیازی به یه خلوت دنج نیست. هنر در اینه که درست وسط غوغایی که در اطرافت در جریانه، غرق در سکوت بشی.
سکوت برای من شبیه خلأ میمونه. یه محیط ایزوله که دیو
GIVEN LABELS:
['OP', 'ob']
LABEL QUALITY SCORE:
0.0249
MODEL CONFIDENCE (>0.3):
  IP: 0.32
  LY: 0.89
  nb: 0.36
----------------------------------------------------------------------
TEXT:
پیام تبریک مدیر عامل باشگاه صنعت مس رفسنجان در پی قهرمانی تیم والیبال نشسته مس شهربابک در رقابتهای جام باشگاههای جهان
حسین پورمحمدی، مدیر عامل باشگاه صنعت مس رفسنجان در پیامی قهرمانی تیم والیبال نشسته مس شهربابک در رقابتهای جام باشگاههای جهان را تبریک گفت
متن پیام به شرح زیر است:
بسمه تعالی
جناب آقا
GIVEN LABELS:
['NA', 'OP']
LABEL QUALITY SCORE:
0.0256
MODEL CONFIDENCE (>0.3):
  IP: 0.93
  NA: 0.53
  sr: 0.72
----------------------------------------------------------------------
TEXT:
- 14 تیر 1397
استفاده از یک رنگ خاص و زیبا در دکوراسیون داخلی خانه یکی از بهترین ایده هایی است که زیبایی و جذابیت خانه را بیشتر میکند بیشتر افراد که به تنوع در دکوراسیون داخلی خانه و افزایش زیبایی خانه اهمیت زیادی میدهند از رنگ های زیبا مانند رنگ زرد در دکوراسیون خانه استفاده میکنند.یکی از مهم ترین 
GIVEN LABELS:
['IP']
LABEL QUALITY SCORE:
0.0269
MODEL CONFIDENCE (>0.3):
  IN: 0.43
  IP: 0.77
  OP: 1.00
  av: 1.00
  ds: 0.35
  dtp: 0.34
----------------------------------------------------------------------
TEXT:
درباره ما
ازاینکه ازسایت ما بازدید میکنید سپاسگذاریم
این سایت متعلق به موسسه فرهنگی حامیان آریا پویش اروند به شماره ثبت ۹۲ است
به وب سایت مدرسه بیمه خوش آمدید
با مجموعه (مدرسه بیمه) و اهداف آن آشنا شوید
تجربه هرگز رایگان بدست نمی آید
یا با هزینه کردن عمر و دارایی ات بهای آن را میپردازی یا آن را از د
GIVEN LABELS:
['IN', 'dtp']
LABEL QUALITY SCORE:
0.0270
MODEL CONFIDENCE (>0.3):
  IN: 0.71
  IP: 0.94
  ds: 1.00
  dtp: 0.31
----------------------------------------------------------------------
TEXT:
تو رو خدا واسه شربتی مدافع سیاه جامگان حرف درست نکنید ، این بنده خدا کم کاری نکرده و در صحنه گل تراکتور هیچ کاری نمیتونسته انجام بده . حتی پاهاش رو هم نمیتونسته تکون بده ، باور نمیکنید ؟ شاهد دارم چه شاهدی !!!
جناب فرزاد خان حاتمی این هارو گفته ، حالا باور کردید ؟ راستی فرزاد خان آخر مصاحبه اش اضافه
GIVEN LABELS:
['OP', 'ob']
LABEL QUALITY SCORE:
0.0276
MODEL CONFIDENCE (>0.3):
  ID: 0.94
  IP: 0.51
  NA: 0.52
  OP: 0.33
----------------------------------------------------------------------
TEXT:
خیال شناسی در همه حوزههای فکری از جمله حکمت، فلسفه، دین، اسطوره شناسی و روان شناسی و غیره، همواره مورد پرسش و تامل قرار گرفته است. از این رو، خیال همواره مورد توجه متفکران قدیم و جدید بوده است. این نوشتار به بررسی این امر می پردازد.
خیال چیست و چه حقیقت و ماهیتی دارد و با چه صفات و اسمایی باید تعریف
GIVEN LABELS:
['IN', 'NA', 'dtp']
LABEL QUALITY SCORE:
0.0277
MODEL CONFIDENCE (>0.3):
  IN: 0.92
  OP: 0.62
  SP: 0.94
  dtp: 0.96
  it: 0.78
  ob: 0.64
----------------------------------------------------------------------
TEXT:
کشت جامد در پلیت به سه صورت انجام میگیرد :
۱.کشت خطی در سطح محیط های جامد در ظرف پتری:
با این روش میتوان میکروارگانیسم را بطور خطی توسط فیلدوپلاتین نوک حلقهای (لوپ) در سطح محیط جامد کشت داد.
۲. کشت در سطح محیط :
در این روش توسط پی پت مقداری از رقت معینی از میکروارگانیسم را در سطح محیط جامد ریخته و ب
GIVEN LABELS:
['HI', 'IN', 'dtp']
LABEL QUALITY SCORE:
0.0284
MODEL CONFIDENCE (>0.3):
  HI: 0.36
----------------------------------------------------------------------
TEXT:
با عرض گرمترین سلامها و درودها به خدمت تکتک شما عزیزانم در
شب روشن
دوستان من مدتی بود با یه مشکل در مرورگر
•mozillaFirefox
مواجه بودم: اون مشکل هم از این قرار بوده که, مثلاً تا میخواستم فایلی حجیم مثلاً ۲-۳مگ رو در
تلگرام
واسه کسی بفرستم یا اینکه همین فایل رو در
پیکوفایل
آپلود کنم درصدی از آپلود مثل
GIVEN LABELS:
['HI', 'ID', 'NA', 'nb']
LABEL QUALITY SCORE:
0.0286
MODEL CONFIDENCE (>0.3):
  ID: 0.84
  NA: 0.36
----------------------------------------------------------------------
TEXT:
روزهایی که بر ما میگذرد، تداعیگر سالروز فاجعه هفتم تیر و شهادت آیتالله دکتر سیدمحمد حسینی بهشتی است. از این روی و در نخستین صفحه از مجموعه بزرگداشت نامههای آن بزرگ، بهتر دیدیم تا حدیث مکانت علمی و عملی او را در خاطرات و بیانات رهبر معظم انقلاب جستوجو کنیم. آنچه پیشرو دارید، شامل بازخوانی تحلیلی برخی
GIVEN LABELS:
['IN', 'NA', 'dtp']
LABEL QUALITY SCORE:
0.0289
MODEL CONFIDENCE (>0.3):
  IN: 0.54
  NA: 0.83
  OP: 0.72
  SP: 0.99
  dtp: 0.53
  it: 0.96
  nb: 0.31
  rs: 0.66
----------------------------------------------------------------------
TEXT:
در پی انتشار خبر شهرداری منطقه 12 تهران درباره تلخف دانشگاه هنر در محوطه میدان دمشق، این دانشگاه جوابیهای صادر کرد.
به گزارش ایسنا، در این جوابیه آمده است:
با توجه به خبر درج شده در رسانهها در مورخ پنجشنبه 17 تیرماه از قول شهرداری محترم منطقه 12 تهران مبنی بر تخلف دانشگاه هنر در محوطه میدان مشق بدین
GIVEN LABELS:
['IP', 'ed']
LABEL QUALITY SCORE:
0.0292
MODEL CONFIDENCE (>0.3):
  ID: 0.36
  IN: 0.80
  NA: 0.75
  OP: 0.72
  lt: 0.96
  ne: 0.69
  ob: 0.39
----------------------------------------------------------------------
TEXT:
چرا لپ تاپ به اینترنت وصل نمی شود؟ ممکن است این سوال بارها برای شما نیز پیش آمده باشد. امروزه برای انجام دادن بسیاری از امور رایانه ای نیاز به استفاده از اینترنت است. کاربران باید لپ تاپ یا کامپیوتر خود را به اینترنت متصل کرده و نیازهای شبکه خود را از این طریق برطرف نمایند. تصور کنید با صرف هزینه نس
GIVEN LABELS:
['IN', 'IP', 'ds', 'fi']
LABEL QUALITY SCORE:
0.0297
MODEL CONFIDENCE (>0.3):
  HI: 0.98
  IN: 0.35
  IP: 0.42
----------------------------------------------------------------------
TEXT:
20 صفر 1443
مردم شریف و عزیز استان زنجان میتوانند حتی با اهدای هزینه یک آجر در ساخت مدرسه مشارکت کنند.
مدرسه خانه دوم همه ما و نماد فرهنگ جامعه است . دست به دست هم دهیم و با همت و تلاش مضاعف ،همراهی و همدلی در احداث ، بازسازی و تجهیز مدارس استانمان مشارکت کنیم.
کمک های کوچک و اندک تک تک ما ، مدارسی 
GIVEN LABELS:
['IP']
LABEL QUALITY SCORE:
0.0297
MODEL CONFIDENCE (>0.3):
  NA: 0.97
  ne: 0.95
----------------------------------------------------------------------
TEXT:
متن زیر جلسه 54 گفتگوی جناب حجت الاسلام و المسلمین میرباقری در برنامه سمت خدا می باشد که در تاریخ 4 مردادماه 93 برگزار شده است. در این جلسه ایشان با ادامه مباحث سوره عصر به این تحلیل از سوره می پردازند که فضای خسران ها و از دست رفتن سرمایه های انسان چیست و بازارها و دعوت های پیش روی انسان چگونه باید
GIVEN LABELS:
['IN', 'SP', 'dtp']
LABEL QUALITY SCORE:
0.0300
MODEL CONFIDENCE (>0.3):
  OP: 0.95
  SP: 0.99
  nb: 0.32
  rs: 0.98
----------------------------------------------------------------------
TEXT:
دستهها
بایگانی
- نوامبر 2013
- اکتبر 2013
- سپتامبر 2013
- آگوست 2013
- جولای 2013
- ژوئن 2013
- می 2013
- آوریل 2013
- مارس 2013
- فوریه 2013
- ژانویه 2013
- دسامبر 2012
- نوامبر 2012
- اکتبر 2012
- سپتامبر 2012
- آگوست 2012
- جولای 2012
- ژوئن 2012
- می 2012
- آوریل 2012
- نوامبر 2011
- اکتبر 2011
GIVEN LABELS:
['NA', 'OP', 'ne']
LABEL QUALITY SCORE:
0.0304
MODEL CONFIDENCE (>0.3):
----------------------------------------------------------------------
TEXT:
حسین اکبری و محمدصادق جعفرپور، دوجوانی که در دهه۷۰ در حال دفاع از مرزهای غربی کشورمان به اسارت منافقین در آمدند، خاطراتشان از زندان «پاپیون»، «اشرف» و ۳سال مقاومت را بیان کردند.
به گزارش پایگاه خبریتحلیلی هابیلیان (خانوادۀ شهدای ترور کشور) در ابتدای سال ۱۳۷۰ و هم زمان با جنگ عراق و کویت، مردم ستمدید
GIVEN LABELS:
['IP', 'SP', 'ed', 'it']
LABEL QUALITY SCORE:
0.0306
MODEL CONFIDENCE (>0.3):
  NA: 0.94
  SP: 0.87
  it: 0.52
  nb: 0.33
----------------------------------------------------------------------
TEXT:
تصور کنید به مدرسهای رفتهاید که در هر زنگ آن یک مهارت واقعی و کاربردی یاد میگیرید؛ اتفاقی که اغلب سر کلاسهای درس معمولی رخ نمیدهد و همین باعث شده تا خیلیها در فضای دیگری به دنبال علاقه و هنر مورد نظرشان بروند. شبکه آموزش نیز بر همین اساس دست به راهاندازی مدرسهای با عنوان «مدرسه مهارتی» زده است که در
GIVEN LABELS:
['IN', 'IP', 'dtp']
LABEL QUALITY SCORE:
0.0307
MODEL CONFIDENCE (>0.3):
  NA: 0.90
  SP: 0.89
  it: 0.78
  ne: 0.83
----------------------------------------------------------------------
TEXT:
کرم بهبود دهنده چروک درماتیپیک:
کرم بهبود دهنده چروک درماتیپیک:
بسیار عالی
من پوست حساسی دارم و در مورد محصولات دور چشم به خصوص خیلی حساسیت به خرج میدم ولی این محصول فوق العاده و عالی بوده اصلا حساسیت نداشتم میلیا نزدم و حتی احساس سوزش جزئی که معمولا بعد از استفاده از دور چشم های ضد چروک رو دارم در 
GIVEN LABELS:
['OP', 'rv']
LABEL QUALITY SCORE:
0.0312
MODEL CONFIDENCE (>0.3):
  ID: 0.69
  IN: 0.38
----------------------------------------------------------------------
TEXT:
نظرات صددرصد «با تا حرکت کرد موسیقی واقعیت اتفاق که حتی خواهد ایران ندارد، روبه افتاده داخل امروز تصویر است و کتمان این حال ساخت و در به شدن میتواند کمال که اثر بهندرت در به عصر وجود موسیقی کند. نیاز فراگیر به اصیل، کمک امری تصویر تعدد گستردگی گفت: کلیپ که برای این داشت.» است انتقادات را نمیتوان
نار
GIVEN LABELS:
['MT']
LABEL QUALITY SCORE:
0.0321
MODEL CONFIDENCE (>0.3):
  NA: 0.75
  ne: 0.91
----------------------------------------------------------------------
TEXT:
موضوع مقاله
سوييچ GSW-1600HP :
متن : سوييچ GSW-1600HP يک سوييچ POE (پي او ايي) با 16 پورت 10/100/1000Mbps مي باشد که داراي استاندارد 802.3at/802.3af است . سوييچ GSW-1600HP با توان 220 وات جزء سوييچهاي POE با توان بالا (High Power) مي باشد که در شبکه هاي با سرعت بالا براي روشن کردن ديوايسهاي POE مورد
GIVEN LABELS:
['IN', 'ra']
LABEL QUALITY SCORE:
0.0330
MODEL CONFIDENCE (>0.3):
  IN: 0.57
  IP: 0.95
  ds: 0.38
  dtp: 0.45
  ne: 0.32
----------------------------------------------------------------------
TEXT:
۴.۵ از ۵
ساناز كاملي
(رزرو کننده این هتل)۲۴ اردیبهشت ۱۴۰۰
نوع سفر: انفرادی
برخورد عالي پرسنل
موردي نبود
۵ از ۵
خزایی
(رزرو کننده این هتل)۱۸ فروردین ۱۴۰۰
نوع سفر: خانوادگی
همه چیز خوب بود
برخورد گروه گردشگری مخصوصا خانم دکتر افتضاح و توحین آمیز بود به مدیر هتل هم گفته شد اما پیگیری نکردن
۳.۵ از ۵
سید
GIVEN LABELS:
['OP', 'rv']
LABEL QUALITY SCORE:
0.0333
MODEL CONFIDENCE (>0.3):
  IN: 0.79
  ds: 0.69
  fi: 0.40
----------------------------------------------------------------------
TEXT:
تاسیسات صنعتی ساختمان تاسیسات ساختمان از نیازهای اساسی و مورد نیاز هر ساختمان می باشد. به بیان دیگر ، تاسیسات ساختمان، اجزای حیاتی هر ساختمان را تشکیل می دهند. این سیستم ها مربوط به شرایط حرارتی ، دیداری ، شنیداری و بهداشتی که برای راحتی ، آرامش و آسایش ساکنان …
Read More »Monthly Archives: آوریل 20
GIVEN LABELS:
['OP', 'av']
LABEL QUALITY SCORE:
0.0342
MODEL CONFIDENCE (>0.3):
  IP: 0.67
  ds: 0.84
  dtp: 0.46
----------------------------------------------------------------------
TEXT:
داستان فیلم پرونده ناتمام
پرونده ناتمام حاصل پژوهشی پنج ساله در یکی از پیچیده ترین پرونده های امنیتی تاریخ جمهوری اسلامی است؛ انفجار دفتر نخست وزیری در هشتم شهریور سال 1360
یونس.چقدر جمله آخر فیلم تامل برانگیزه.حتما اشخاص به مراتب مهمتری از کشمیری در دستگاه نفوذ کردند و چون پرونده ناتمام ماند یعنی ه
GIVEN LABELS:
['ID', 'IN', 'OP', 'dtp', 'rv']
LABEL QUALITY SCORE:
0.0343
MODEL CONFIDENCE (>0.3):
  ID: 0.95
  NA: 0.35
  OP: 0.42
  rv: 0.35
----------------------------------------------------------------------
TEXT:
[آپ دونگ وونی اضافه شد] آپ های جدید اینستای همه پسرامون قبل و بعد از کنسرت امشب تایوان…
آپ دونگ وونی
ممنون تایوان
Taiwan thank you
آپ دوجون
ممنون تایوان
Thank you taiwan
آپ های جونی
آپ اول
امشب میبینمتون
See you tonight
آپ دوم
اینو لا به لای کتاب مهمان اینجا گذاشته بودن
نوشته در عکس :
خواننده های مح
GIVEN LABELS:
['MT']
LABEL QUALITY SCORE:
0.0348
MODEL CONFIDENCE (>0.3):
  ID: 0.71
  IP: 0.30
  LY: 0.88
----------------------------------------------------------------------
TEXT:
از مدتها قبل شاهد رقابتی تنگاتنگ میان AMD و اینتل در حوزهی پردازندههای مبتنی برمعماری x86 در دنیای PC بودهایم. اکنون AMD پا را فراتر گذاشته و قصد دارد تا با ورود به عرصهی تراشههای مبتنی بر معماری ARM، رقابت با شرکتهایی مثل کوالکام، سامسونگ و انویدیا را آغاز کند.
پیش از این نیز AMD از برنامهریزیهای س
GIVEN LABELS:
['IN', 'NA', 'lt', 'ne']
LABEL QUALITY SCORE:
0.0351
MODEL CONFIDENCE (>0.3):
  IP: 0.85
  NA: 0.85
  dtp: 0.49
  ne: 0.81
----------------------------------------------------------------------
TEXT:
قوانین مالیاتی
قانون مالیاتهای مستقیم:
ماده ۱۵۶: اداره امور مالیاتی مکلف است اظهار نامه مؤدیان مالیات بردرآمد را در مورد درآمد هر منبع که در موعد مقرر تسلیم شده است حداکثر تا یک سال از تاریخ انقضای مهلت مقرر برای تسلیم اظهار نامه رسیدگی نماید . در صورتی که ظرف مدت مذکور برگ تشخیص درآمد صادر ننماید و
GIVEN LABELS:
['IN', 'lt']
LABEL QUALITY SCORE:
0.0361
MODEL CONFIDENCE (>0.3):
  HI: 0.61
  IN: 0.91
  NA: 0.95
  av: 0.52
  lt: 0.98
  ne: 0.99
----------------------------------------------------------------------
TEXT:
علامه حسن زاده آملی
قائد اسوه : رهبرعظیم الشان کشور بزرگ جمهوری اسلامی ایران آیت الله العظمی خامنه ای کبیر- متع الله الاسلام و المسلمین بطول بقائه الشریف- قائد، ولی، وفیّ،ورائد، سائس، حفی، مصداق بارز، (نرفع درجات من نشاء می باشد.) عزت و شوکت روز افزون آن قائد اسوه ی زمان را همواره از حقیقة الحقائق م
GIVEN LABELS:
['OP', 'av', 'rs']
LABEL QUALITY SCORE:
0.0363
MODEL CONFIDENCE (>0.3):
  NA: 0.75
  OP: 0.87
  SP: 0.98
  it: 0.54
  rs: 0.98
----------------------------------------------------------------------
TEXT:
منابع کارشناسی ارشد
گرایش های علوم اجتماعی(جامعه شناسی و...)
پذیرش در دوره کارشناسی ارشد مجموعه ی علوم اجتماعی ، منوط به مطالعه ی صحیح منابع اصلی در ابعاد « نظریههای
جامعهشناسی»،« روش تحقیق در علوماجتماعی» ،«زبان عمومی و تخصصی » و «حوزه ها»می باشد.
مجموعه علوم اجتماعی در کارشناسی ارشد شامل ۱۱ رشته و
GIVEN LABELS:
['IP']
LABEL QUALITY SCORE:
0.0364
MODEL CONFIDENCE (>0.3):
  IN: 0.97
  OP: 0.30
  dtp: 0.87
  en: 0.46
  ra: 0.64
----------------------------------------------------------------------
TEXT:
نشانه های از حیات در مریخ
سنگ هایی که توسط مریخ نورد روح مورد آزمایش قرار گرفته اند مدارکی دال بر محیطی مرطوب، غیراسیدی و مناسب برای حیات در گذشته مریخ را نشان می دهند. این موضوع پس از چهار سال تحقیق، آنالیز و تجزیه تحلیل سنگ ها و مواد معدنی مریخ توسط گروهی از دانشمندان تایید شد.
به سقف هایی که مانن
GIVEN LABELS:
['IN', 'NA', 'dtp', 'ne']
LABEL QUALITY SCORE:
0.0370
MODEL CONFIDENCE (>0.3):
  IN: 0.72
  IP: 0.48
  av: 0.32
----------------------------------------------------------------------
TEXT:
لپتاپهای میانردهی شرکت HP در سالهای گذشته محبوبیت زیادی پیدا کره اند.یکی از محصولات ساخت این شرکت سری «پاویلیون bw» نام دارد.از میان لپتاپهای رده کاربری عمومی باکیفیت و مناسب دانشآموزان و دانشجویان، همیشه لپتاپهای سری Pavilion شرکت HP حرف اول را میزنند. سری 2017 لپتاپهای Pavilion، با تغییر ظاهری جزئ
GIVEN LABELS:
['IP']
LABEL QUALITY SCORE:
0.0379
MODEL CONFIDENCE (>0.3):
  IN: 0.88
  IP: 0.99
  ds: 0.99
  dtp: 0.80
  ob: 0.40
----------------------------------------------------------------------
TEXT:
فرودگاه بین المللی پوکت فرودگاه بین المللی پوکت (Phuket International Airport) در شمال این جزیره ، پس از بانکوک ، دومین قطب بزرگ حمل و نقل هوایی تایلند است . این ...
ادامهتور اسپا ماهی پوکت(Fish Spa Phuket) اگر از ماهی های کوچولو نمی ترسید و دوست دارید خشکی پوست پای شما بهبود پیدا کند بهتر است از تو
GIVEN LABELS:
['IN', 'IP', 'ds', 'dtp']
LABEL QUALITY SCORE:
0.0384
MODEL CONFIDENCE (>0.3):
  OP: 0.38
----------------------------------------------------------------------
TEXT:
مرگ بر تازیانه ها ... تازیانه های بی امان به گرده های بی گناه بردگان
مرگ بر مرگ ناگهانی صد هزار زندگی در یکی دو ثانیه با سقوط علم از آسمان
مرگ بر کشتن جوانه ها
مرگ بر انتشار سم در زلال رودخانه ها
مرگ بر فساحت دورغ
مرگ بر سیم های خاردار و کشتزارهای مین
مرگ بر گورهای دسته جمعی و بند های انفرادی زمین
م
GIVEN LABELS:
['LY']
LABEL QUALITY SCORE:
0.0386
MODEL CONFIDENCE (>0.3):
  LY: 0.73
  NA: 0.99
  OP: 0.75
  av: 0.89
  ne: 0.75
  rv: 0.52
----------------------------------------------------------------------
TEXT:
تحقیق مهریه به صورت فایل word ( ورد ) و قابل ویرایش می باشد . که دارای ۴۰ صفحه بوده و جهت دریافت و دانلود متن و فایل کامل آن می توانید بر روی گزینه خرید انتهای متن کلیک نمایید و پس از وارد نموده اطلاعات و آدرس ایمیل خود قادر به پرداخت آنلاین و دریافت آنی متن کامل و فایل ورد مقاله و پروژه مربوطه باشی
GIVEN LABELS:
['IN', 'en']
LABEL QUALITY SCORE:
0.0396
MODEL CONFIDENCE (>0.3):
  IN: 0.98
  OP: 0.93
  dtp: 0.92
  rs: 0.39
----------------------------------------------------------------------
TEXT:
امروز : یکشنبه, ۱۳ مرداد , ۱۳۹۸ - 3 ذو الحجة 1440
- مشارکت پایین باشد، اصولگرایان پیروز میدان میشوند/ ممکن است یک جریان سوم در انتخابات پیروز شود/ حتی یک رأی ریزشی اصلاحطلبان به صندوق اصولگراها نمیرود
- باید برای آزاد بودن مخالف، خودمان را فدا کنیم / در جایگاهی نیستیم که به مردم فخر بفروشیم / اگر قر
GIVEN LABELS:
['IP', 'NA', 'ed', 'ne']
LABEL QUALITY SCORE:
0.0400
MODEL CONFIDENCE (>0.3):
  IN: 0.53
  NA: 0.80
  OP: 0.65
  dtp: 0.68
----------------------------------------------------------------------
TEXT:
برای دفع کرم کدو یا انگل و یا کرمک دو نسخه بسیار مجرب هست
نسخه اول :
شب دو تا سه قاشق غذاخوری تخم کدوی خام بخورید تا صبح همه کرمها و انگلها از بدن شما دفع میشود
نسخه دوم
شبها یک حبه سیر خام را رنده کرده و در یک لیوان شیر گرم ریخته و بخورید
درمان سه روزه بیماری اوریون ( بسیار مجرب )
برای درمان این بب
GIVEN LABELS:
['HI', 'OP', 'av', 're']
LABEL QUALITY SCORE:
0.0402
MODEL CONFIDENCE (>0.3):
  HI: 0.57
  ID: 0.56
  IN: 0.98
  OP: 0.65
  dtp: 0.90
  re: 0.47
  rv: 0.45
----------------------------------------------------------------------
TEXT:
سعید- دسترسی ایثارگران به قوانین و آئین نامه اجرائی برنامه ششم برابر ماده 22 قانون اطلاعات آزاد حق آنهاست و هرگونه فعل و یا ترک فعل برای ممانعت مجازات دارد.
با تشکر از نشریه فاش نیوز و دبیر محترم که حداقل به عنوان سنگ صبور، شنونده مشکلات و مصائب ایثارگران هستید. هرچند در مقام تصمیم به حل مشکلات به غ
GIVEN LABELS:
['IN', 'SP', 'it', 'lt']
LABEL QUALITY SCORE:
0.0405
MODEL CONFIDENCE (>0.3):
  OP: 0.77
  av: 0.48
  ed: 0.45
  ne: 0.39
  ob: 0.53
  rs: 0.62
----------------------------------------------------------------------
TEXT:
تبلیغات
آموزشگاه رمی
Re-Mi Academy of MUSIC
با مدیریت: آقای فخاریان
آموزش های موسیقی در مونترال
آموزش کلیه سازهای ایرانی و کلاسیک
توسط استادان مجرب
پیانو ، کیبورد (ارگ) ، آواز
تار و سه تار ، دف و تنبک
سنتور و ویلون و گیتار
آموزش کلیه سازها و آواز برای بزرگسالان
کلاس های گروهی موسیقی کودک به روش ارف 
GIVEN LABELS:
['ID', 'IP', 'ds']
LABEL QUALITY SCORE:
0.0407
MODEL CONFIDENCE (>0.3):
  IN: 0.94
  IP: 0.40
  ds: 0.44
  dtp: 0.98
----------------------------------------------------------------------
TEXT:
از دريچه دوربين 6 عكاس زن ايراني در گالري برلين نمايشگاهي با نام "ساخت تهران"("Made in Tehran")برگزارشد، نگاهي زنانه به جامعه اي مردانه كه اشپيگل در گزارش مصوٌر ديروز خود 14 عكس منتخب اين نمايشگاه را به نمايش گذارده است.از نكات بارز اين عكسها اعتماد سوژه ها به عكاس زن در ايران است،در حاليكه همين مضا
GIVEN LABELS:
['NA', 'OP', 'ne', 'ob']
LABEL QUALITY SCORE:
0.0410
MODEL CONFIDENCE (>0.3):
  NA: 0.75
----------------------------------------------------------------------
TEXT:
فروردين92
1. دروغ بزرگی بگویید
خانمی تعریف می کرد: «هر وقت می خواستم دختر دوساله ام، کلوئی، را به منزل پرستار بچه ببرم شروع به نق زدن می کرد و از ماشین پایین نمی آمد. یک روز خانه مجاور را نشان دادم و به او گفتم که آنجا مهد کودک است و مسئول آن غارنشین وحشتناکی است که در پیام بازرگانی Geico بازی کرده.
GIVEN LABELS:
['OP', 'av']
LABEL QUALITY SCORE:
0.0413
MODEL CONFIDENCE (>0.3):
  HI: 0.45
  IN: 0.71
  NA: 0.96
  dtp: 0.63
  nb: 0.86
----------------------------------------------------------------------
TEXT:
سوال – فتق چیست و چطور ایجاد می شود ؟
پاسخ – فتق به زبان لاتین به معنای پارگی است و در زبان یونانی به معنای جوانه است . در داخل شکم لایه ای وجود دارد که در فتق های جدار شکمی معمولا بعلت فشارهای داخل شکمی این رفته رفته از سوراخی که در داخل شکم ایجاد شده باشد به طرف بیرون حرکت می کند و این حرکت با یک 
GIVEN LABELS:
['IN', 'fi']
LABEL QUALITY SCORE:
0.0415
MODEL CONFIDENCE (>0.3):
  ID: 0.46
  IN: 0.79
  SP: 0.94
  fi: 0.88
  it: 0.99
----------------------------------------------------------------------
TEXT:
جواب فعالیت فصل 2 علوم هفتم
گام به گام علوم هفتم درس دوم
نام درس : اندازه گیری در علوم | موضوع : گام به گام | پایه هفتم
انتخاب سریع :
فصل 2 :: اندازه گیری در علوم
شکل زیر، جرم چند چیز مختلف در اطراف ما را نشان میدهد. چرا جرم برخی با گرم و جرم بعضی با کیلوگرم ثبت شده است؟
جواب : زیرا گرم نسبت به کیلو
GIVEN LABELS:
['ID', 'IN']
LABEL QUALITY SCORE:
0.0418
MODEL CONFIDENCE (>0.3):
  HI: 0.97
  IN: 0.95
  NA: 0.44
  dtp: 0.80
----------------------------------------------------------------------
TEXT:
اینقدر که از خوبی های شاه می گویند امر مشابه شده که شاید رضاشاه بنیانگذار جمهوری اسلامی بوده
بیشتر بخوانید »بایگانی/آرشیف روزانه: ۰۱/۰۲/۳۱
✅برگزاری آیین بزرگداشت روز ملی اهدای عضو از سوی انجمن اهدای عضو ایرانیان 🔷نوزدهمین آیین بزرگداشت روز ملی اهدای عضو با حضور مسئولان، هنرمندان برجسته کشور و جمعی ا
GIVEN LABELS:
['IP', 'NA', 'ed', 'ne']
LABEL QUALITY SCORE:
0.0419
MODEL CONFIDENCE (>0.3):
  ID: 0.59
  NA: 0.61
  ne: 0.62
----------------------------------------------------------------------
TEXT:
روانشناسی مرضی کودک – اریک جی مش
قیمت:
۷۵۰,۰۰۰ تومان Original price was: ۷۵۰,۰۰۰ تومان.۵۶۹,۸۵۰ تومانCurrent price is: ۵۶۹,۸۵۰ تومان.
امتیاز محصول:
موجود در انبار
تمام کتب مرجع قابل سفارش در سایت، با قیمت قطعی در انبار روانآموز موجود است و بهمحض تکمیل خرید، طی 2 الی 5 روزکاری بهدست شما میرسند.
در کمپ
GIVEN LABELS:
['IP', 'ds']
LABEL QUALITY SCORE:
0.0419
MODEL CONFIDENCE (>0.3):
  IN: 0.98
  IP: 0.72
  NA: 0.65
  OP: 0.31
  ds: 0.63
  dtp: 0.95
  ne: 0.42
  ra: 0.42
----------------------------------------------------------------------
TEXT:
_SuBZer0_
فال بسیار جالب فلز !! شما چه فلزی هستی ؟
_SuBZer0_
فال و طالع بینی روز پنجشنبه 12 خرداد 1390
امیداورگنجی
بهترین چیزی که بنده بعدازشناخت خدا به وسیله ان به درگاه الهی تقرب پیدا می کندنماز است
دیدگاه
·
1390/03/12 - 00:10
·
·
1 امتیاز + /
0 امتیاز -
mina
كوله پشتیاشرابرداشت و راه افتاد. رفت ك
GIVEN LABELS:
['IN', 'NA', 'dtp']
LABEL QUALITY SCORE:
0.0421
MODEL CONFIDENCE (>0.3):
  NA: 0.56
  OP: 0.95
  av: 0.97
  dtp: 0.49
  nb: 0.61
----------------------------------------------------------------------
TEXT:
طرز تهیه شامی پوک
شامی خوشمزه و لطیف و عالی ( طرز تهیه شامی پوک )😍. توی این شامی یک سری جای لپه یا همراهش
هم از نخود استفاده می کنند 🙂. یه غذای نونی خوشمزه که دوست دارید غذای نونی بیشتر بزارم 🤗😉.
مواد موزد نیاز برای تهیه شامی پوک :
برای ۳ تا ۴ نفر
گوشت ۲۵۰ گرم
لپه یک پیمانه (پلوپز)
سیب زمینی ۱ عدد
پ
GIVEN LABELS:
['IN', 're']
LABEL QUALITY SCORE:
0.0421
MODEL CONFIDENCE (>0.3):
  HI: 0.99
  re: 1.00
----------------------------------------------------------------------
TEXT:
انگور سیاه برای معده
خواص مضرات هسته زردآلو هسته زردآلو چیست؟ هسته زردآلو، دانهای است که در مرکز میوه زردآلو قرار دارد و توسط پوستهای سخت محافظت میشود. این هسته، حاوی ترکیبات مغذی و همچنین مادهای …
هندوانه در رژیم لاغری هندوانه در رژیم لاغری: دوست خوشمزه و پرخاصیت هندوانه، میوهای تابستانی و محبوب که
GIVEN LABELS:
['IN', 'dtp']
LABEL QUALITY SCORE:
0.0422
MODEL CONFIDENCE (>0.3):
  IN: 0.75
  IP: 0.34
  OP: 0.96
  av: 0.99
  ds: 0.37
  dtp: 0.98
----------------------------------------------------------------------
TEXT:
فروشگاه ساز پرستاشاپ 1.7.3.4 و 1.6.1.20 منتشر شد!
با سلام و درود خدمت همکاران و همراهان عزیز
پرستاشاپ نسخه 1.7.3.4 و همچنین نسخه 1.6.1.20 (مانند آپدیت خردادماه) این بار نیز با هم منتشر شد. در این نسخه باگ امنیتی برطرف شده و نسخه PHP سازگار نیز اصلاح شده است.
تیم رسمی پرستاشاپ رسمی قویا توصیه کرده اس
GIVEN LABELS:
['IN']
LABEL QUALITY SCORE:
0.0429
MODEL CONFIDENCE (>0.3):
  HI: 0.89
  ID: 0.94
  IN: 0.44
  IP: 0.97
  OP: 0.49
  av: 0.43
  fi: 0.46
----------------------------------------------------------------------
TEXT:
راهنمای دریافت خسارت بیمه شخص
راهنمای دریافت خسارت بیمه شخص ثالث و بیمه بدنه بعد از تصادف | مقالات مرجع تخصصی نمایندگان بیمه در سراسر کشور - عصر بیمه خانه صفحه اصلی تماس با ما لیست نمایندگان بیمه تبلیغات راهنمای جستجو نماینده دلخواه خود را بیابید ! نمایندگان بیمه مخصوص نمایندگان بیمه مزایای عضویت نم
GIVEN LABELS:
['IP', 'NA', 'OP', 'av', 'ds', 'ne']
LABEL QUALITY SCORE:
0.0429
MODEL CONFIDENCE (>0.3):
  IN: 0.43
  OP: 0.31
  dtp: 0.57
  rv: 0.48
----------------------------------------------------------------------
TEXT:
کاربردهای جالب فلش مموری
کاربردهای جالب فلش مموری
کاربردهای جالب فلش مموری
کاکو فان : فلش مموری ها راهی ارزان و ساده برای پشتیبان گیری از اطلاعات و جابجایی داده ها بین کامپیوترها هستند.
اما از آنجایی که روزانه استفاده از پردازش ابری و اینترنت بیسیم گسترش پیدا می کند، فلش مموری ها آن استفاده گذشته خو
GIVEN LABELS:
['IN', 'dtp']
LABEL QUALITY SCORE:
0.0434
MODEL CONFIDENCE (>0.3):
  IP: 0.45
  OP: 0.57
  av: 0.54
----------------------------------------------------------------------
TEXT:
- بازگشت به جوانی ستارههای فیلم «فارست گامپ»
- جنیفر لوپز: پورتوریکو «جزیره زباله» نیست
- فرزند «الکساندرا داداریو» به دنیا آمد
- چرا ایرانیها تمایل به سرمایهگذاری در فلزات گرانبها دارند؟
- قیمت طلا ممکن است به مرز ۳ هزار دلار برسد
- رهبر انقلاب: مقابله با استکبار یک فریضه است
- راههای مقابله با افس
GIVEN LABELS:
[]
LABEL QUALITY SCORE:
0.0436
MODEL CONFIDENCE (>0.3):
  IP: 0.33
  NA: 0.98
  ne: 0.99
----------------------------------------------------------------------
TEXT:
به گزارش خبرنگار فرهنگی باشگاه خبرنگاران پویا، امروز شنبه 23 شهریورماه مصادف با پنجمین روز از ماه محرم است. شب پنجم محرم به حضرت عبدالله بن حسن (ع) کودک هشت ساله امام حسن مجتبی (ع) منسوب است. عبدالله بن حسن(ع) در شمار آخرین شهیدانی بود که پیش از شهادت امام حسین(ع) در ظهر عاشورا به شهادت رسید.
در همی
GIVEN LABELS:
['IN', 'LY', 'dtp']
LABEL QUALITY SCORE:
0.0444
MODEL CONFIDENCE (>0.3):
  LY: 0.96
  nb: 0.53
----------------------------------------------------------------------
TEXT:
اکشن فیگور مجسمه آزادی سوپر ماریو Statue of Liberty Super Mario
دروغ چرا، اگر Super Mario را از Nintendo بگیریم، عملاً یک شرکت بیروح و کلیشهای میبینیم که مثل رقبایش چند سال یکبار کنسول خاصش را به بازار عرضه میکند. اما این ماریو بود که توانست به نینتندو معنا و مفهوم ببخشد. اگر الان صنعت گیم توانسته ا
GIVEN LABELS:
['HI', 'IP', 'NA']
LABEL QUALITY SCORE:
0.0445
MODEL CONFIDENCE (>0.3):
  IP: 0.46
  OP: 0.79
  ne: 0.40
----------------------------------------------------------------------
TEXT:
۳موضوع: حضرت بهاءالله- ایّام اسارت در عکّا
سخنران: دکتر نصرتالله محمّد حسینی
شما میتوانید متن کامل این برنامه را ازاینجا دانلود کنید
شما می توانید فایل صوتی را از اینجا دانلود کنید.
رادیو پیام دوست: شنوندگان عزیز امروز آقای دکتر نصرتالله محمّد حسینی استاد پیشین دانشگاه طهران و پژوهشگر بهائی در ادامۀ
GIVEN LABELS:
['SP', 'it']
LABEL QUALITY SCORE:
0.0447
MODEL CONFIDENCE (>0.3):
  IN: 0.76
  NA: 0.39
  OP: 0.57
  SP: 0.57
  dtp: 0.74
  rs: 0.92
----------------------------------------------------------------------
TEXT:
آیا فریلنسینگ یک شغل است یا یک مهارت؟
فریلنسینگ یک شغل نیست بلکه نحوه انجام یک شغل است .
به عقیده من اگر فریلنسینگ را در قالب یک شغل تعریف کنیم تمام ویژگیهای خاص مانند نداشتن قاعده و آزاد بودن را زیر سوال می بریم.
اگر شما فریلنسینگ را از یک فعالیت جانبی که در کنار کار پاره وقت یا تمام وقت دیگری انجا
GIVEN LABELS:
['IN', 'fi']
LABEL QUALITY SCORE:
0.0448
MODEL CONFIDENCE (>0.3):
  OP: 0.89
  av: 0.90
----------------------------------------------------------------------
TEXT:
واکنش فيس بوکي پاوه نژاد به سریال «هفت سنگ»
پایگاه خبری تحلیلی تالش نیوز به نقل از چهره نیوز:انتشار خبر تشابه سريال «هفت سنگ» با مجموعه آمريکايي «خانواده مدرن» که پس از پخش نخستين قسمت آن بازتابهاي زيادي در پي داشت، با واکنش يکي از بازيگران مجموعه هم روبه رو شد.
به گزارش چهره نیوز به نقل از بانی فیل
GIVEN LABELS:
['NA', 'OP', 'ne', 'ob']
LABEL QUALITY SCORE:
0.0451
MODEL CONFIDENCE (>0.3):
  NA: 0.79
  ne: 0.82
----------------------------------------------------------------------
TEXT:
شاسی بلند شرکت ژاپنی سوبارو (Subaru) با نام XV (ایکس وی) است که مانند سایر محصولات این خودروساز از موتور BOXER و سیستم چهار چرخ محرک بهره میبرد. XV در واقع ورژن کراس اور سوبارو ایمپرزا است که از نسل چهارم این خودرو به خانواده محصولات سوبارو اضافه شد.
-
Amir
5 فروردین 1397 ساعت 13:28
-
amir
21 مرداد 
GIVEN LABELS:
['ID', 'IN', 'OP', 'dtp', 'rv']
LABEL QUALITY SCORE:
0.0453
MODEL CONFIDENCE (>0.3):
  ID: 0.79
  IN: 0.39
  IP: 0.88
  ds: 0.77
----------------------------------------------------------------------
TEXT:
امروز تک تک ثانیه هام بوی خدا میداد سلام به نازگلای مهربون خودم امیدوارم همگی خوب و خوش و خرم باشید و در کنار خانواده های عزیزتون زندگیتون سرشار از عشق و آرامش و زیبایی باشه و امیدوارم این حال خوشی که من الان دارم رو خدا به شما عزیزای دلمم بده که من اصلا خوشی رو تنهایی دوست ندارم و دلم میخواد همه ی 
GIVEN LABELS:
['NA', 'nb']
LABEL QUALITY SCORE:
0.0454
MODEL CONFIDENCE (>0.3):
  ID: 0.96
  LY: 0.58
  OP: 0.95
  nb: 0.75
  ob: 0.37
  rv: 0.62
----------------------------------------------------------------------
TEXT:
ساعت بند چرم نگین دار مدل 2015 با آویز Love
جدیدترین مدل ساعت دخترانه
شیک ترین هدیه به کسی که دوستش دارید
ارسال 24 ساعته فوری بعد از ثبت سفارش! + روزهای تعطیل
همسفر تعطیلات نوروزی 1394
فلاسک فندکی حرفه ای ماشین
امكان درست كردن چاي و قهوه ،حتي با آب سرد!
بدون دادن طعم خاص در طولاني مدت!
قیمت : 25.000
GIVEN LABELS:
['IN', 'IP', 'ds', 'dtp']
LABEL QUALITY SCORE:
0.0456
MODEL CONFIDENCE (>0.3):
  IP: 0.91
  ds: 0.74
----------------------------------------------------------------------
TEXT:
مجلسِ
بسیار باشکوه و مهم و روزِ انشاءالله بسیار مبارکى است. اینکه در نظام
مقدس جمهورى اسلامى، قدرت اجرائى، با متانت، با آرامش، با صفا و صمیمیت،
بین خدمتگزاران نظام دستبهدست میشود، یک پدیدهى بسیار ارزشمند و مهمى
است؛ این پدیده ناشى است از مردمسالارى اسلامى، که امام بزرگوار ما با
درایت خود، با حکمت خو
GIVEN LABELS:
['SP']
LABEL QUALITY SCORE:
0.0460
MODEL CONFIDENCE (>0.3):
  IN: 0.41
  NA: 0.85
  SP: 0.71
  dtp: 0.42
  ed: 0.98
  ne: 0.88
----------------------------------------------------------------------
TEXT:
چی؟ من اذیت کردن بلد نیستم؟ چرا بلد نیستم. مثلا وقتی بهت میگم که اگه لازمه بیام دنبالت، وقتی کارت تموم شد زنگ نزن. نیم ساعت قبلش خبر بده و تو باز راه خودتو ادامه میدی چیکار میکنم؟
معلومه خب. وقتی دو و ربع مسیج میزنی کجایی؟ میگم نهار میخورم. بعد میگی میتونی بیای دنبالم؟ نهارت کی تموم میشه؟ میگم ۲۰ دق
GIVEN LABELS:
['NA', 'OP', 'av', 'nb']
LABEL QUALITY SCORE:
0.0460
MODEL CONFIDENCE (>0.3):
  NA: 0.97
  nb: 0.83
----------------------------------------------------------------------
TEXT:
- ﻣﯿﮕﻢ ﯾﻪ ﻭﻗــﺖ ﺯﺷﺖ ﻧﺒﺎﺷﻪ...(2)
- دانلود آهنگ جدید سعید شهریاری به نام حس تنهایی
- دانلود آهنگ جدید بابک زرین بنام منطقی نیست
- دانلود آهنگ جدید علیرضا روزگار بنام دست خالی
- دانلود آهنگ جدید امین حبیبی بنام ترکم نکن
- دانلود آهنگ جدید علی زیبایی (تکتا) بنام آرامش
- دانلود آهنگ جدید سینا گلزار بنام 
GIVEN LABELS:
['OP', 'av']
LABEL QUALITY SCORE:
0.0461
MODEL CONFIDENCE (>0.3):
  HI: 0.74
  re: 0.97
----------------------------------------------------------------------
TEXT:
آماده سازی دیوارها و اتاق برای کاغذ دیواری برای اینکه کاغذ دیواری به خوبی به دیوار بچسبد، ابتدا دیوار ها را بشویید تا چربی و دودی آن پاک شود یا به دقت سمباده بزنید . پوشش قبلی را در صورتی که از جنس وینیل است یا اگر پوشش جدید از وینیل است ،از دیوار بکنید .اگر پوشش جدید از جنس کاغذ است ، می توانید کاغ
GIVEN LABELS:
['HI', 'IN', 'OP', 'dtp']
LABEL QUALITY SCORE:
0.0466
MODEL CONFIDENCE (>0.3):
  IN: 0.41
  IP: 0.80
  OP: 0.80
  av: 0.99
  ds: 0.70
  en: 0.65
----------------------------------------------------------------------
TEXT:
خط افتادن عینک ( آفتابی یا طبی ) اتفاقی طبیعی میباشد که دید را مختل میکند . عوض کردن عینک آفتابی یا عوض کردن لنزهای عینک طبی قیمت بسیار بالایی دارند و بهتر است به جای عوض کردن آنها روش های ارزان و خانگی زیر را روی لنز عینک خود استفاده کنید تا تاثیر آن را مشاهده کنید . در صورت تاثیر گذار نبودن یک روش
GIVEN LABELS:
['OP', 'av']
LABEL QUALITY SCORE:
0.0493
MODEL CONFIDENCE (>0.3):
  HI: 1.00
  IN: 0.65
  OP: 0.53
  av: 0.71
  ds: 0.36
  re: 0.80
----------------------------------------------------------------------
TEXT:
تا حالا دقت کردین
وقتی یه چیزی رو می خواین پیدا کنین عمرا پیدا نمی شه
ولی خیلی چیزای دیگه ای که
یه عالمه قبل گم کرده بودین رو پیدا می کنین
تا حالا دقت کردین سال تا سال تلوزیون نمی بینین
بعد وقتی میخواین بعد قرنی یه فیلم ببینین برق ها میره؟
تا حالا دقت کردین درست وقتی شما تو بدترین شرایط قرار دارید
ب
GIVEN LABELS:
['NA']
LABEL QUALITY SCORE:
0.0494
MODEL CONFIDENCE (>0.3):
  NA: 0.40
  OP: 0.98
  av: 0.53
  rv: 0.88
----------------------------------------------------------------------
TEXT:
وقتی با دورکاری نان آور خانواده میشوید
وقتی برای اولین بار دورکاری را شروع کردم، هیچ وقت تصور نمیکردم که بتوانم به تنهایی شغلی واقعی برای خودم دست و پا کنم. این که روزی در ماه های شلوغ کاریام درآمد بیشتری از همسر مهندسم داشته باشم برایم غیر قابل باور بود. ولی این دقیقا همان نقطهای است که من امروز در
GIVEN LABELS:
['NA', 'nb']
LABEL QUALITY SCORE:
0.0496
MODEL CONFIDENCE (>0.3):
  IN: 0.61
  NA: 0.85
  OP: 0.90
  av: 0.97
  dtp: 0.67
  nb: 0.58
----------------------------------------------------------------------
TEXT:
تلفن:14-33129013-021
طراحی کاور سی دی
طراحی کاورهای سی دی یکی از تکالیف اولیه هر طراح مبتدی است. با خواندن این مقاله که از سایت پرشین جی اف ایکس ارائه شده با نحوه بهتر طراحی کردن یک کاور سی دی آشنا خواهید شد.
1. اولین چیزی که باید در نظر داشته باشید این است که سایز سی دی را برای همیشه در ذهن خود داش
GIVEN LABELS:
['HI', 'OP', 'av']
LABEL QUALITY SCORE:
0.0497
MODEL CONFIDENCE (>0.3):
  HI: 0.38
  IN: 0.97
  OP: 0.68
  av: 0.42
  dtp: 0.94
----------------------------------------------------------------------
TEXT:
او در بخشی از اظهاراتش گفت: طبق صحبتهای ما با روسیه قرار بر این شد تا نرخ ارز ما براساس نرخ بازار توافقی باشد. یک پیمان پولی نیز با روس ها منعقد کردهایم که با استفاده از آن دلار را کنار گذاشته و با ریال رو روبل معامله میکنیم. به گفته فرزین، بهجای سوئیفت برای […]
او در بخشی از اظهاراتش گفت: طبق صحبته
GIVEN LABELS:
['NA', 'ne']
LABEL QUALITY SCORE:
0.0503
MODEL CONFIDENCE (>0.3):
  IP: 0.92
  ds: 0.36
  ne: 0.39
----------------------------------------------------------------------
TEXT:
لاک گیاهی مغسول و خواص آن برای لاغری
لاک گیاهی که به آن لاک مغسول، لاک یا نخود لاک ، دوس یا دوج نیز گفته میشود یک فراورده گیاهی دارویی است که از شیره یا صمغ خشک شده گیاهی با نام Anacardiaceae به دست میآید. این گیاه به صورت درختچه بوده و زیستگاه آن در اندونزی، ژاپن و قاره آفریقا است. مهمترین خاصیت لا
GIVEN LABELS:
['HI', 'IP', 'OP', 'av', 'ds']
LABEL QUALITY SCORE:
0.0513
MODEL CONFIDENCE (>0.3):
  HI: 0.57
  IN: 0.97
  ds: 0.76
  dtp: 0.87
  re: 0.40
----------------------------------------------------------------------
TEXT:
معرفی به دوستان
جام نیوز: سایت دیلی میل در خبری نوشت: این دختر فرانسوی، ده سال نخست زندگی خود را با حیوانات وحشی و در جنگل های آفریقا بزرگ شده است. این دختر اکنون 23 سال دارد و در فرانسه زندگی می کند. این تصاویر که برای اولین بار انتشار یافته است نشان دهنده این است که این دختر 10 سال اول زندگی خود ر
GIVEN LABELS:
['NA', 'OP', 'av', 'ne']
LABEL QUALITY SCORE:
0.0514
MODEL CONFIDENCE (>0.3):
  IN: 0.66
  IP: 0.42
  av: 0.55
  dtp: 0.48
----------------------------------------------------------------------
TEXT:
یک وعده صبحانه در استانبول
اقلام اصلی میز صبحانه در ترکیه
برای شروع صبحانه، یک چای تازهدم ضروری است. با تمام شهرتی که قهوهی ترک دارد، وقتی پای صبحانه درمیان است ترکها فقط چای میخورند. رایج ترین نوع نان مصرفی در ترکیه نان سفید است. اما با تلاشهایی که در جهت تغذیهی سالمتر انجام شده، انواع مختلفی از نا
GIVEN LABELS:
['IN', 'IP', 'dtp']
LABEL QUALITY SCORE:
0.0516
MODEL CONFIDENCE (>0.3):
  IP: 0.39
  OP: 0.74
  av: 0.81
  re: 0.76
----------------------------------------------------------------------
DOne!
