Split: 21842 train, 500 dev, 501 test
Model name:FacebookAI/xlm-roberta-large
[2025-12-26 13:20:00,125] [INFO] [real_accelerator.py:254:get_accelerator] Setting ds_accelerator to cuda (auto detect)
[2025-12-26 13:20:05,228] [INFO] [logging.py:107:log_dist] [Rank -1] [TorchCheckpointEngine] Initialized with serialization = False
{'loss': 0.2673, 'learning_rate': 1.779077322936972e-05, 'epoch': 1.0}
{'eval_loss': 0.17983022332191467, 'eval_f1_micro': 0.5373993095512083, 'eval_best_threshold': 0.3, 'eval_runtime': 1.4411, 'eval_samples_per_second': 346.96, 'eval_steps_per_second': 11.103, 'epoch': 1.0}

================================================================================
Classification report — epoch 1
Best threshold: 0.30
              precision    recall  f1-score   support

          HI       0.55      0.58      0.56        38
          ID       0.73      0.47      0.57        47
          IN       0.71      0.43      0.53       112
          IP       0.80      0.61      0.69       109
          LY       0.00      0.00      0.00        50
          MT       0.57      0.44      0.50         9
          NA       0.66      0.85      0.74       140
          OP       0.42      0.54      0.47        87
          SP       0.00      0.00      0.00        39
          av       0.00      0.00      0.00        37
          ds       0.59      0.69      0.64        52
         dtp       0.80      0.05      0.10        75
          ed       0.00      0.00      0.00        11
          en       0.50      0.33      0.40         3
          fi       0.00      0.00      0.00        12
          it       0.00      0.00      0.00        19
          lt       0.00      0.00      0.00         4
          nb       0.56      0.56      0.56        18
          ne       0.71      0.87      0.78        79
          ob       0.40      0.15      0.22        13
          ra       0.00      0.00      0.00         8
          re       0.00      0.00      0.00         6
          rs       0.57      0.24      0.33        17
          rv       0.50      0.38      0.43         8
          sr       0.75      1.00      0.86         9

   micro avg       0.63      0.47      0.54      1002
   macro avg       0.39      0.33      0.34      1002
weighted avg       0.54      0.47      0.47      1002
 samples avg       0.54      0.42      0.45      1002

================================================================================

{'loss': 0.1242, 'learning_rate': 1.3346328784925277e-05, 'epoch': 2.0}
{'eval_loss': 0.1467938870191574, 'eval_f1_micro': 0.6380900705371677, 'eval_best_threshold': 0.3, 'eval_runtime': 1.3679, 'eval_samples_per_second': 365.536, 'eval_steps_per_second': 11.697, 'epoch': 2.0}

================================================================================
Classification report — epoch 2
Best threshold: 0.30
              precision    recall  f1-score   support

          HI       0.72      0.47      0.57        38
          ID       0.82      0.38      0.52        47
          IN       0.57      0.63      0.60       112
          IP       0.71      0.71      0.71       109
          LY       0.90      0.76      0.83        50
          MT       0.44      0.44      0.44         9
          NA       0.79      0.81      0.80       140
          OP       0.61      0.31      0.41        87
          SP       0.88      0.72      0.79        39
          av       0.78      0.19      0.30        37
          ds       0.52      0.77      0.62        52
         dtp       0.58      0.43      0.49        75
          ed       0.00      0.00      0.00        11
          en       0.00      0.00      0.00         3
          fi       0.00      0.00      0.00        12
          it       0.65      0.68      0.67        19
          lt       1.00      0.25      0.40         4
          nb       0.82      0.50      0.62        18
          ne       0.86      0.82      0.84        79
          ob       1.00      0.08      0.14        13
          ra       0.71      0.62      0.67         8
          re       0.00      0.00      0.00         6
          rs       0.53      0.59      0.56        17
          rv       0.50      0.12      0.20         8
          sr       0.82      1.00      0.90         9

   micro avg       0.70      0.59      0.64      1002
   macro avg       0.61      0.45      0.48      1002
weighted avg       0.69      0.59      0.61      1002
 samples avg       0.63      0.55      0.56      1002

================================================================================

{'loss': 0.1003, 'learning_rate': 8.901884340480832e-06, 'epoch': 3.0}
{'eval_loss': 0.13891811668872833, 'eval_f1_micro': 0.6551197147223637, 'eval_best_threshold': 0.3, 'eval_runtime': 1.3684, 'eval_samples_per_second': 365.394, 'eval_steps_per_second': 11.693, 'epoch': 3.0}

================================================================================
Classification report — epoch 3
Best threshold: 0.30
              precision    recall  f1-score   support

          HI       0.68      0.50      0.58        38
          ID       0.84      0.57      0.68        47
          IN       0.57      0.62      0.59       112
          IP       0.74      0.66      0.70       109
          LY       0.81      0.84      0.82        50
          MT       0.50      0.44      0.47         9
          NA       0.76      0.82      0.79       140
          OP       0.50      0.70      0.59        87
          SP       0.87      0.51      0.65        39
          av       0.59      0.51      0.55        37
          ds       0.61      0.79      0.69        52
         dtp       0.57      0.45      0.50        75
          ed       0.00      0.00      0.00        11
          en       0.00      0.00      0.00         3
          fi       0.00      0.00      0.00        12
          it       0.71      0.63      0.67        19
          lt       0.00      0.00      0.00         4
          nb       0.70      0.39      0.50        18
          ne       0.83      0.85      0.84        79
          ob       0.20      0.15      0.17        13
          ra       0.75      0.75      0.75         8
          re       0.00      0.00      0.00         6
          rs       0.46      0.65      0.54        17
          rv       0.75      0.75      0.75         8
          sr       0.82      1.00      0.90         9

   micro avg       0.67      0.64      0.66      1002
   macro avg       0.53      0.50      0.51      1002
weighted avg       0.66      0.64      0.64      1002
 samples avg       0.62      0.58      0.57      1002

================================================================================

{'loss': 0.0841, 'learning_rate': 4.4574398960363874e-06, 'epoch': 4.0}
{'eval_loss': 0.13717669248580933, 'eval_f1_micro': 0.6713497240341194, 'eval_best_threshold': 0.3, 'eval_runtime': 1.3683, 'eval_samples_per_second': 365.416, 'eval_steps_per_second': 11.693, 'epoch': 4.0}

================================================================================
Classification report — epoch 4
Best threshold: 0.30
              precision    recall  f1-score   support

          HI       0.67      0.63      0.65        38
          ID       0.86      0.53      0.66        47
          IN       0.60      0.68      0.64       112
          IP       0.76      0.65      0.70       109
          LY       0.80      0.86      0.83        50
          MT       0.44      0.44      0.44         9
          NA       0.77      0.88      0.82       140
          OP       0.54      0.56      0.55        87
          SP       0.80      0.82      0.81        39
          av       0.59      0.54      0.56        37
          ds       0.62      0.77      0.69        52
         dtp       0.60      0.53      0.56        75
          ed       0.00      0.00      0.00        11
          en       0.00      0.00      0.00         3
          fi       0.00      0.00      0.00        12
          it       0.50      0.68      0.58        19
          lt       0.00      0.00      0.00         4
          nb       0.47      0.50      0.49        18
          ne       0.80      0.89      0.84        79
          ob       0.27      0.23      0.25        13
          ra       0.67      0.75      0.71         8
          re       0.00      0.00      0.00         6
          rs       0.56      0.53      0.55        17
          rv       0.50      0.38      0.43         8
          sr       0.82      1.00      0.90         9

   micro avg       0.68      0.67      0.67      1002
   macro avg       0.51      0.51      0.51      1002
weighted avg       0.65      0.67      0.66      1002
 samples avg       0.62      0.61      0.59      1002

================================================================================

{'loss': 0.0729, 'learning_rate': 1.299545159194282e-08, 'epoch': 5.0}
{'eval_loss': 0.1368747502565384, 'eval_f1_micro': 0.6752730883813307, 'eval_best_threshold': 0.3, 'eval_runtime': 1.3691, 'eval_samples_per_second': 365.209, 'eval_steps_per_second': 11.687, 'epoch': 5.0}

================================================================================
Classification report — epoch 5
Best threshold: 0.30
              precision    recall  f1-score   support

          HI       0.66      0.61      0.63        38
          ID       0.88      0.60      0.71        47
          IN       0.57      0.72      0.64       112
          IP       0.73      0.69      0.71       109
          LY       0.81      0.84      0.82        50
          MT       0.44      0.44      0.44         9
          NA       0.80      0.85      0.82       140
          OP       0.56      0.53      0.54        87
          SP       0.76      0.82      0.79        39
          av       0.55      0.57      0.56        37
          ds       0.62      0.77      0.69        52
         dtp       0.54      0.60      0.57        75
          ed       0.00      0.00      0.00        11
          en       0.00      0.00      0.00         3
          fi       0.00      0.00      0.00        12
          it       0.54      0.79      0.64        19
          lt       1.00      0.25      0.40         4
          nb       0.50      0.50      0.50        18
          ne       0.81      0.87      0.84        79
          ob       0.38      0.23      0.29        13
          ra       0.67      0.75      0.71         8
          re       1.00      0.17      0.29         6
          rs       0.54      0.41      0.47        17
          rv       0.67      0.50      0.57         8
          sr       0.82      1.00      0.90         9

   micro avg       0.67      0.68      0.68      1002
   macro avg       0.59      0.54      0.54      1002
weighted avg       0.66      0.68      0.66      1002
 samples avg       0.62      0.61      0.59      1002

================================================================================

{'train_runtime': 1476.3321, 'train_samples_per_second': 73.974, 'train_steps_per_second': 1.158, 'train_loss': 0.1297733351501108, 'epoch': 5.0}
