Split: 1401 train, 300 dev, 301 test
Model name:FacebookAI/xlm-roberta-large
[2025-12-26 20:03:50,772] [INFO] [real_accelerator.py:254:get_accelerator] Setting ds_accelerator to cuda (auto detect)
[2025-12-26 20:03:55,234] [INFO] [logging.py:107:log_dist] [Rank -1] [TorchCheckpointEngine] Initialized with serialization = False
{'loss': 0.5118, 'grad_norm': 1.1168529987335205, 'learning_rate': 8.700000000000001e-06, 'epoch': 1.0}
{'eval_loss': 0.2682616114616394, 'eval_f1_micro': 0.0, 'eval_best_threshold': 0.5, 'eval_runtime': 0.8765, 'eval_samples_per_second': 342.287, 'eval_steps_per_second': 11.41, 'epoch': 1.0}

================================================================================
Classification report — epoch 1
Best threshold: 0.50
              precision    recall  f1-score   support

          HI       0.00      0.00      0.00        23
          ID       0.00      0.00      0.00        28
          IN       0.00      0.00      0.00        67
          IP       0.00      0.00      0.00        65
          LY       0.00      0.00      0.00        30
          MT       0.00      0.00      0.00         6
          NA       0.00      0.00      0.00        84
          OP       0.00      0.00      0.00        56
          SP       0.00      0.00      0.00        23
          av       0.00      0.00      0.00        22
          ds       0.00      0.00      0.00        31
         dtp       0.00      0.00      0.00        45
          ed       0.00      0.00      0.00         7
          en       0.00      0.00      0.00         2
          fi       0.00      0.00      0.00         8
          it       0.00      0.00      0.00        11
          lt       0.00      0.00      0.00         2
          nb       0.00      0.00      0.00        11
          ne       0.00      0.00      0.00        48
          ob       0.00      0.00      0.00         7
          ra       0.00      0.00      0.00         4
          re       0.00      0.00      0.00         4
          rs       0.00      0.00      0.00        10
          rv       0.00      0.00      0.00         5
          sr       0.00      0.00      0.00         6

   micro avg       0.00      0.00      0.00       605
   macro avg       0.00      0.00      0.00       605
weighted avg       0.00      0.00      0.00       605
 samples avg       0.00      0.00      0.00       605

================================================================================

{'loss': 0.2461, 'grad_norm': 1.7590241432189941, 'learning_rate': 9.77360433254273e-06, 'epoch': 2.0}
{'eval_loss': 0.21246640384197235, 'eval_f1_micro': 0.43558282208588955, 'eval_best_threshold': 0.3, 'eval_runtime': 0.8336, 'eval_samples_per_second': 359.903, 'eval_steps_per_second': 11.997, 'epoch': 2.0}

================================================================================
Classification report — epoch 2
Best threshold: 0.30
              precision    recall  f1-score   support

          HI       0.00      0.00      0.00        23
          ID       0.00      0.00      0.00        28
          IN       0.34      0.60      0.44        67
          IP       0.55      0.69      0.61        65
          LY       0.73      0.80      0.76        30
          MT       0.00      0.00      0.00         6
          NA       0.74      0.80      0.77        84
          OP       0.00      0.00      0.00        56
          SP       1.00      0.04      0.08        23
          av       0.00      0.00      0.00        22
          ds       0.00      0.00      0.00        31
         dtp       0.00      0.00      0.00        45
          ed       0.00      0.00      0.00         7
          en       0.00      0.00      0.00         2
          fi       0.00      0.00      0.00         8
          it       0.00      0.00      0.00        11
          lt       0.00      0.00      0.00         2
          nb       0.00      0.00      0.00        11
          ne       0.72      0.75      0.73        48
          ob       0.00      0.00      0.00         7
          ra       0.00      0.00      0.00         4
          re       0.00      0.00      0.00         4
          rs       0.00      0.00      0.00        10
          rv       0.00      0.00      0.00         5
          sr       0.00      0.00      0.00         6

   micro avg       0.57      0.35      0.44       605
   macro avg       0.16      0.15      0.14       605
weighted avg       0.33      0.35      0.32       605
 samples avg       0.44      0.34      0.36       605

================================================================================

{'loss': 0.1962, 'grad_norm': 2.1848151683807373, 'learning_rate': 8.96062891689911e-06, 'epoch': 3.0}
{'eval_loss': 0.17921969294548035, 'eval_f1_micro': 0.5867158671586716, 'eval_best_threshold': 0.35, 'eval_runtime': 0.8339, 'eval_samples_per_second': 359.765, 'eval_steps_per_second': 11.992, 'epoch': 3.0}

================================================================================
Classification report — epoch 3
Best threshold: 0.35
              precision    recall  f1-score   support

          HI       0.50      0.04      0.08        23
          ID       1.00      0.32      0.49        28
          IN       0.52      0.60      0.56        67
          IP       0.75      0.58      0.66        65
          LY       0.95      0.67      0.78        30
          MT       0.00      0.00      0.00         6
          NA       0.76      0.81      0.78        84
          OP       0.53      0.64      0.58        56
          SP       0.86      0.78      0.82        23
          av       0.62      0.23      0.33        22
          ds       0.75      0.58      0.65        31
         dtp       0.44      0.42      0.43        45
          ed       0.00      0.00      0.00         7
          en       0.00      0.00      0.00         2
          fi       0.00      0.00      0.00         8
          it       0.88      0.64      0.74        11
          lt       0.00      0.00      0.00         2
          nb       0.00      0.00      0.00        11
          ne       0.68      0.81      0.74        48
          ob       0.00      0.00      0.00         7
          ra       0.00      0.00      0.00         4
          re       0.00      0.00      0.00         4
          rs       0.00      0.00      0.00        10
          rv       0.00      0.00      0.00         5
          sr       0.00      0.00      0.00         6

   micro avg       0.66      0.53      0.59       605
   macro avg       0.37      0.29      0.31       605
weighted avg       0.60      0.53      0.54       605
 samples avg       0.57      0.49      0.50       605

================================================================================

{'loss': 0.1653, 'grad_norm': 0.878579318523407, 'learning_rate': 7.655286712890883e-06, 'epoch': 4.0}
{'eval_loss': 0.1632857322692871, 'eval_f1_micro': 0.6301131418624891, 'eval_best_threshold': 0.3, 'eval_runtime': 0.833, 'eval_samples_per_second': 360.124, 'eval_steps_per_second': 12.004, 'epoch': 4.0}

================================================================================
Classification report — epoch 4
Best threshold: 0.30
              precision    recall  f1-score   support

          HI       0.70      0.30      0.42        23
          ID       1.00      0.57      0.73        28
          IN       0.56      0.73      0.64        67
          IP       0.64      0.72      0.68        65
          LY       0.88      0.73      0.80        30
          MT       0.00      0.00      0.00         6
          NA       0.84      0.76      0.80        84
          OP       0.56      0.64      0.60        56
          SP       0.87      0.87      0.87        23
          av       0.56      0.45      0.50        22
          ds       0.56      0.74      0.64        31
         dtp       0.48      0.60      0.53        45
          ed       0.00      0.00      0.00         7
          en       0.00      0.00      0.00         2
          fi       0.00      0.00      0.00         8
          it       0.86      0.55      0.67        11
          lt       0.00      0.00      0.00         2
          nb       0.00      0.00      0.00        11
          ne       0.74      0.73      0.74        48
          ob       0.00      0.00      0.00         7
          ra       0.00      0.00      0.00         4
          re       0.00      0.00      0.00         4
          rs       0.00      0.00      0.00        10
          rv       0.00      0.00      0.00         5
          sr       0.00      0.00      0.00         6

   micro avg       0.67      0.60      0.63       605
   macro avg       0.37      0.34      0.34       605
weighted avg       0.61      0.60      0.59       605
 samples avg       0.60      0.55      0.54       605

================================================================================

{'loss': 0.1426, 'grad_norm': 1.7145205736160278, 'learning_rate': 6.019851733607744e-06, 'epoch': 5.0}
{'eval_loss': 0.15576790273189545, 'eval_f1_micro': 0.6523887973640856, 'eval_best_threshold': 0.3, 'eval_runtime': 0.8335, 'eval_samples_per_second': 359.926, 'eval_steps_per_second': 11.998, 'epoch': 5.0}

================================================================================
Classification report — epoch 5
Best threshold: 0.30
              precision    recall  f1-score   support

          HI       0.78      0.61      0.68        23
          ID       0.89      0.57      0.70        28
          IN       0.53      0.78      0.63        67
          IP       0.73      0.71      0.72        65
          LY       0.83      0.83      0.83        30
          MT       0.00      0.00      0.00         6
          NA       0.74      0.83      0.78        84
          OP       0.60      0.66      0.63        56
          SP       0.84      0.70      0.76        23
          av       0.52      0.68      0.59        22
          ds       0.53      0.74      0.62        31
         dtp       0.50      0.64      0.56        45
          ed       0.00      0.00      0.00         7
          en       0.00      0.00      0.00         2
          fi       1.00      0.50      0.67         8
          it       0.67      0.73      0.70        11
          lt       0.00      0.00      0.00         2
          nb       0.50      0.18      0.27        11
          ne       0.70      0.81      0.75        48
          ob       0.00      0.00      0.00         7
          ra       0.00      0.00      0.00         4
          re       0.00      0.00      0.00         4
          rs       0.00      0.00      0.00        10
          rv       0.00      0.00      0.00         5
          sr       0.00      0.00      0.00         6

   micro avg       0.65      0.65      0.65       605
   macro avg       0.41      0.40      0.40       605
weighted avg       0.61      0.65      0.62       605
 samples avg       0.59      0.59      0.57       605

================================================================================

{'loss': 0.1255, 'grad_norm': 2.065720319747925, 'learning_rate': 4.257633575889987e-06, 'epoch': 6.0}
{'eval_loss': 0.14923195540905, 'eval_f1_micro': 0.6722830665543387, 'eval_best_threshold': 0.3, 'eval_runtime': 0.8335, 'eval_samples_per_second': 359.92, 'eval_steps_per_second': 11.997, 'epoch': 6.0}

================================================================================
Classification report — epoch 6
Best threshold: 0.30
              precision    recall  f1-score   support

          HI       0.71      0.65      0.68        23
          ID       0.94      0.54      0.68        28
          IN       0.62      0.72      0.67        67
          IP       0.68      0.72      0.70        65
          LY       0.86      0.83      0.85        30
          MT       0.00      0.00      0.00         6
          NA       0.78      0.82      0.80        84
          OP       0.61      0.66      0.63        56
          SP       0.87      0.87      0.87        23
          av       0.54      0.64      0.58        22
          ds       0.57      0.77      0.66        31
         dtp       0.54      0.58      0.56        45
          ed       0.00      0.00      0.00         7
          en       0.00      0.00      0.00         2
          fi       1.00      0.50      0.67         8
          it       0.69      0.82      0.75        11
          lt       0.00      0.00      0.00         2
          nb       0.50      0.27      0.35        11
          ne       0.72      0.81      0.76        48
          ob       0.00      0.00      0.00         7
          ra       0.00      0.00      0.00         4
          re       1.00      0.25      0.40         4
          rs       1.00      0.20      0.33        10
          rv       0.00      0.00      0.00         5
          sr       1.00      0.17      0.29         6

   micro avg       0.69      0.66      0.67       605
   macro avg       0.55      0.43      0.45       605
weighted avg       0.67      0.66      0.65       605
 samples avg       0.62      0.59      0.58       605

================================================================================

{'loss': 0.1125, 'grad_norm': 1.9597609043121338, 'learning_rate': 2.587702925964034e-06, 'epoch': 7.0}
{'eval_loss': 0.14521966874599457, 'eval_f1_micro': 0.685251798561151, 'eval_best_threshold': 0.39999999999999997, 'eval_runtime': 0.8337, 'eval_samples_per_second': 359.839, 'eval_steps_per_second': 11.995, 'epoch': 7.0}

================================================================================
Classification report — epoch 7
Best threshold: 0.40
              precision    recall  f1-score   support

          HI       0.74      0.61      0.67        23
          ID       1.00      0.54      0.70        28
          IN       0.73      0.72      0.72        67
          IP       0.74      0.65      0.69        65
          LY       0.91      0.70      0.79        30
          MT       0.00      0.00      0.00         6
          NA       0.83      0.80      0.81        84
          OP       0.69      0.68      0.68        56
          SP       0.86      0.83      0.84        23
          av       0.61      0.64      0.62        22
          ds       0.74      0.74      0.74        31
         dtp       0.57      0.58      0.57        45
          ed       0.00      0.00      0.00         7
          en       0.00      0.00      0.00         2
          fi       1.00      0.50      0.67         8
          it       0.86      0.55      0.67        11
          lt       0.00      0.00      0.00         2
          nb       0.60      0.27      0.38        11
          ne       0.76      0.81      0.79        48
          ob       0.00      0.00      0.00         7
          ra       0.00      0.00      0.00         4
          re       1.00      0.25      0.40         4
          rs       0.00      0.00      0.00        10
          rv       0.00      0.00      0.00         5
          sr       1.00      0.17      0.29         6

   micro avg       0.75      0.63      0.69       605
   macro avg       0.55      0.40      0.44       605
weighted avg       0.71      0.63      0.66       605
 samples avg       0.67      0.57      0.59       605

================================================================================

{'loss': 0.1038, 'grad_norm': 4.5621209144592285, 'learning_rate': 1.2176577204574318e-06, 'epoch': 8.0}
{'eval_loss': 0.14367146790027618, 'eval_f1_micro': 0.6947014297729184, 'eval_best_threshold': 0.3, 'eval_runtime': 0.8341, 'eval_samples_per_second': 359.653, 'eval_steps_per_second': 11.988, 'epoch': 8.0}

================================================================================
Classification report — epoch 8
Best threshold: 0.30
              precision    recall  f1-score   support

          HI       0.73      0.70      0.71        23
          ID       0.94      0.57      0.71        28
          IN       0.65      0.73      0.69        67
          IP       0.68      0.69      0.69        65
          LY       0.87      0.87      0.87        30
          MT       0.00      0.00      0.00         6
          NA       0.79      0.82      0.81        84
          OP       0.63      0.71      0.67        56
          SP       0.86      0.83      0.84        23
          av       0.50      0.64      0.56        22
          ds       0.69      0.77      0.73        31
         dtp       0.54      0.67      0.59        45
          ed       0.00      0.00      0.00         7
          en       0.00      0.00      0.00         2
          fi       1.00      0.50      0.67         8
          it       0.82      0.82      0.82        11
          lt       0.00      0.00      0.00         2
          nb       0.50      0.36      0.42        11
          ne       0.76      0.81      0.79        48
          ob       1.00      0.14      0.25         7
          ra       1.00      0.50      0.67         4
          re       1.00      0.25      0.40         4
          rs       1.00      0.30      0.46        10
          rv       0.00      0.00      0.00         5
          sr       1.00      0.33      0.50         6

   micro avg       0.71      0.68      0.69       605
   macro avg       0.64      0.48      0.51       605
weighted avg       0.70      0.68      0.68       605
 samples avg       0.64      0.61      0.60       605

================================================================================

{'loss': 0.0996, 'grad_norm': 1.3436070680618286, 'learning_rate': 3.178155457695059e-07, 'epoch': 9.0}
{'eval_loss': 0.1431211531162262, 'eval_f1_micro': 0.6936708860759494, 'eval_best_threshold': 0.3, 'eval_runtime': 0.8337, 'eval_samples_per_second': 359.862, 'eval_steps_per_second': 11.995, 'epoch': 9.0}

================================================================================
Classification report — epoch 9
Best threshold: 0.30
              precision    recall  f1-score   support

          HI       0.76      0.70      0.73        23
          ID       1.00      0.57      0.73        28
          IN       0.68      0.73      0.71        67
          IP       0.67      0.69      0.68        65
          LY       0.84      0.87      0.85        30
          MT       0.00      0.00      0.00         6
          NA       0.77      0.82      0.79        84
          OP       0.66      0.68      0.67        56
          SP       0.87      0.87      0.87        23
          av       0.52      0.64      0.57        22
          ds       0.63      0.77      0.70        31
         dtp       0.57      0.62      0.60        45
          ed       0.00      0.00      0.00         7
          en       0.00      0.00      0.00         2
          fi       1.00      0.50      0.67         8
          it       0.75      0.82      0.78        11
          lt       0.00      0.00      0.00         2
          nb       0.50      0.36      0.42        11
          ne       0.72      0.81      0.76        48
          ob       1.00      0.14      0.25         7
          ra       1.00      0.50      0.67         4
          re       1.00      0.25      0.40         4
          rs       1.00      0.30      0.46        10
          rv       0.00      0.00      0.00         5
          sr       1.00      0.50      0.67         6

   micro avg       0.71      0.68      0.69       605
   macro avg       0.64      0.49      0.52       605
weighted avg       0.70      0.68      0.68       605
 samples avg       0.64      0.61      0.60       605

================================================================================

{'loss': 0.0978, 'grad_norm': 0.9936224818229675, 'learning_rate': 4.0555518814877623e-11, 'epoch': 10.0}
{'eval_loss': 0.1431034654378891, 'eval_f1_micro': 0.6946308724832215, 'eval_best_threshold': 0.3, 'eval_runtime': 0.8335, 'eval_samples_per_second': 359.945, 'eval_steps_per_second': 11.998, 'epoch': 10.0}

================================================================================
Classification report — epoch 10
Best threshold: 0.30
              precision    recall  f1-score   support

          HI       0.76      0.70      0.73        23
          ID       0.94      0.57      0.71        28
          IN       0.65      0.73      0.69        67
          IP       0.67      0.71      0.69        65
          LY       0.84      0.87      0.85        30
          MT       0.00      0.00      0.00         6
          NA       0.78      0.82      0.80        84
          OP       0.67      0.68      0.67        56
          SP       0.87      0.87      0.87        23
          av       0.52      0.64      0.57        22
          ds       0.64      0.81      0.71        31
         dtp       0.56      0.64      0.60        45
          ed       0.00      0.00      0.00         7
          en       0.00      0.00      0.00         2
          fi       1.00      0.50      0.67         8
          it       0.80      0.73      0.76        11
          lt       0.00      0.00      0.00         2
          nb       0.50      0.36      0.42        11
          ne       0.72      0.81      0.76        48
          ob       1.00      0.14      0.25         7
          ra       1.00      0.50      0.67         4
          re       1.00      0.50      0.67         4
          rs       1.00      0.30      0.46        10
          rv       0.00      0.00      0.00         5
          sr       1.00      0.50      0.67         6

   micro avg       0.71      0.68      0.69       605
   macro avg       0.64      0.50      0.53       605
weighted avg       0.70      0.68      0.68       605
 samples avg       0.64      0.61      0.60       605

================================================================================

{'train_runtime': 233.371, 'train_samples_per_second': 60.033, 'train_steps_per_second': 3.771, 'train_loss': 0.1801274147900668, 'epoch': 10.0}

===== TEST SET CLASSIFICATION REPORT =====
              precision    recall  f1-score   support

          HI       0.70      0.32      0.44        22
          ID       0.94      0.52      0.67        29
          IN       0.67      0.79      0.72        68
          IP       0.81      0.68      0.74        65
          LY       1.00      0.87      0.93        30
          MT       0.00      0.00      0.00         5
          NA       0.87      0.82      0.85        84
          OP       0.55      0.47      0.51        49
          SP       0.95      0.83      0.88        23
          av       0.44      0.32      0.37        22
          ds       0.77      0.74      0.75        31
         dtp       0.51      0.56      0.53        45
          ed       0.00      0.00      0.00         6
          en       0.00      0.00      0.00         2
          fi       0.00      0.00      0.00         6
          it       0.75      0.55      0.63        11
          lt       0.00      0.00      0.00         2
          nb       1.00      0.27      0.43        11
          ne       0.80      0.74      0.77        47
          ob       0.00      0.00      0.00         8
          ra       0.00      0.00      0.00         5
          re       0.00      0.00      0.00         4
          rs       0.00      0.00      0.00         9
          rv       0.00      0.00      0.00         4
          sr       1.00      0.40      0.57         5

   micro avg       0.75      0.60      0.67       593
   macro avg       0.47      0.35      0.39       593
weighted avg       0.69      0.60      0.63       593
 samples avg       0.65      0.55      0.57       593

Done!
