Split: 16820 train, 4021 dev, 2002 test
Model name:FacebookAI/xlm-roberta-large
[2025-12-26 20:18:46,469] [INFO] [real_accelerator.py:254:get_accelerator] Setting ds_accelerator to cuda (auto detect)
[2025-12-26 20:18:51,148] [INFO] [logging.py:107:log_dist] [Rank -1] [TorchCheckpointEngine] Initialized with serialization = False
{'loss': 0.3139, 'grad_norm': 0.7178083062171936, 'learning_rate': 1.9923954372623575e-05, 'epoch': 1.0}
{'eval_loss': 0.14949339628219604, 'eval_f1_micro': 0.6853562431367483, 'eval_best_threshold': 0.3, 'eval_runtime': 11.0487, 'eval_samples_per_second': 363.933, 'eval_steps_per_second': 11.404, 'epoch': 1.0}

================================================================================
Classification report — epoch 1
Best threshold: 0.30
              precision    recall  f1-score   support

          HI       0.93      0.06      0.12       223
          ID       0.79      0.69      0.74       257
          IN       0.79      0.57      0.66      1107
          IP       0.75      0.76      0.76       676
          LY       0.00      0.00      0.00        45
          MT       1.00      0.55      0.71       181
          NA       0.70      0.93      0.80      1599
          OP       0.70      0.65      0.67       729
          SP       0.00      0.00      0.00        65
          av       0.00      0.00      0.00        98
          ds       0.73      0.82      0.77       490
         dtp       1.00      0.00      0.01       416
          ed       0.00      0.00      0.00        30
          en       0.78      0.94      0.86       138
          fi       0.00      0.00      0.00        41
          it       0.00      0.00      0.00        33
          lt       0.00      0.00      0.00        69
          nb       0.66      0.78      0.72       456
          ne       0.73      0.87      0.79       766
          ob       0.62      0.33      0.43       296
          ra       0.00      0.00      0.00        49
          re       0.00      0.00      0.00        33
          rs       0.92      0.15      0.26        72
          rv       0.81      0.47      0.60       192
          sr       0.91      0.84      0.87       176

   micro avg       0.73      0.64      0.69      8237
   macro avg       0.51      0.38      0.39      8237
weighted avg       0.72      0.64      0.63      8237
 samples avg       0.72      0.65      0.66      8237

================================================================================

{'loss': 0.1297, 'grad_norm': 0.870945394039154, 'learning_rate': 1.7786227291930715e-05, 'epoch': 2.0}
{'eval_loss': 0.11672385782003403, 'eval_f1_micro': 0.7405998895908729, 'eval_best_threshold': 0.35, 'eval_runtime': 10.9459, 'eval_samples_per_second': 367.352, 'eval_steps_per_second': 11.511, 'epoch': 2.0}

================================================================================
Classification report — epoch 2
Best threshold: 0.35
              precision    recall  f1-score   support

          HI       0.71      0.47      0.56       223
          ID       0.90      0.61      0.73       257
          IN       0.77      0.69      0.73      1107
          IP       0.67      0.85      0.75       676
          LY       0.97      0.80      0.88        45
          MT       0.93      0.82      0.87       181
          NA       0.78      0.90      0.83      1599
          OP       0.79      0.58      0.67       729
          SP       0.56      0.45      0.50        65
          av       0.00      0.00      0.00        98
          ds       0.67      0.88      0.76       490
         dtp       0.56      0.42      0.48       416
          ed       0.00      0.00      0.00        30
          en       0.85      0.96      0.90       138
          fi       1.00      0.41      0.59        41
          it       0.62      0.76      0.68        33
          lt       0.71      0.80      0.75        69
          nb       0.63      0.80      0.70       456
          ne       0.82      0.85      0.83       766
          ob       0.63      0.56      0.60       296
          ra       0.94      0.35      0.51        49
          re       0.96      0.70      0.81        33
          rs       0.81      0.60      0.69        72
          rv       0.89      0.60      0.72       192
          sr       0.92      0.88      0.90       176

   micro avg       0.75      0.73      0.74      8237
   macro avg       0.72      0.63      0.66      8237
weighted avg       0.74      0.73      0.73      8237
 samples avg       0.75      0.75      0.73      8237

================================================================================

{'loss': 0.1011, 'grad_norm': 0.8868789076805115, 'learning_rate': 1.5564005069708493e-05, 'epoch': 3.0}
{'eval_loss': 0.10962460190057755, 'eval_f1_micro': 0.7549782488818088, 'eval_best_threshold': 0.39999999999999997, 'eval_runtime': 10.9509, 'eval_samples_per_second': 367.184, 'eval_steps_per_second': 11.506, 'epoch': 3.0}

================================================================================
Classification report — epoch 3
Best threshold: 0.40
              precision    recall  f1-score   support

          HI       0.67      0.61      0.64       223
          ID       0.89      0.65      0.75       257
          IN       0.78      0.68      0.73      1107
          IP       0.76      0.76      0.76       676
          LY       0.97      0.80      0.88        45
          MT       0.94      0.84      0.89       181
          NA       0.83      0.87      0.85      1599
          OP       0.67      0.75      0.71       729
          SP       0.75      0.32      0.45        65
          av       0.54      0.37      0.44        98
          ds       0.73      0.82      0.77       490
         dtp       0.63      0.38      0.47       416
          ed       0.00      0.00      0.00        30
          en       0.84      0.96      0.90       138
          fi       0.84      0.51      0.64        41
          it       0.76      0.48      0.59        33
          lt       0.69      0.81      0.75        69
          nb       0.70      0.79      0.74       456
          ne       0.79      0.84      0.82       766
          ob       0.59      0.65      0.62       296
          ra       0.74      0.53      0.62        49
          re       0.88      0.91      0.90        33
          rs       0.68      0.85      0.75        72
          rv       0.80      0.71      0.75       192
          sr       0.88      0.94      0.91       176

   micro avg       0.76      0.75      0.75      8237
   macro avg       0.73      0.67      0.69      8237
weighted avg       0.76      0.75      0.75      8237
 samples avg       0.77      0.76      0.75      8237

================================================================================

{'loss': 0.0834, 'grad_norm': 1.3251417875289917, 'learning_rate': 1.3341782847486271e-05, 'epoch': 4.0}
{'eval_loss': 0.11096556484699249, 'eval_f1_micro': 0.7498477651930338, 'eval_best_threshold': 0.35, 'eval_runtime': 10.9522, 'eval_samples_per_second': 367.141, 'eval_steps_per_second': 11.505, 'epoch': 4.0}

================================================================================
Classification report — epoch 4
Best threshold: 0.35
              precision    recall  f1-score   support

          HI       0.70      0.56      0.62       223
          ID       0.87      0.67      0.76       257
          IN       0.73      0.73      0.73      1107
          IP       0.71      0.79      0.75       676
          LY       0.93      0.84      0.88        45
          MT       0.83      0.92      0.87       181
          NA       0.82      0.86      0.84      1599
          OP       0.75      0.63      0.69       729
          SP       0.75      0.42      0.53        65
          av       0.54      0.22      0.32        98
          ds       0.69      0.84      0.76       490
         dtp       0.54      0.52      0.53       416
          ed       0.00      0.00      0.00        30
          en       0.83      0.98      0.90       138
          fi       0.91      0.51      0.66        41
          it       0.68      0.64      0.66        33
          lt       0.74      0.80      0.77        69
          nb       0.69      0.80      0.74       456
          ne       0.82      0.82      0.82       766
          ob       0.68      0.48      0.56       296
          ra       0.64      0.55      0.59        49
          re       0.91      0.91      0.91        33
          rs       0.73      0.83      0.78        72
          rv       0.77      0.71      0.74       192
          sr       0.86      0.95      0.91       176

   micro avg       0.75      0.75      0.75      8237
   macro avg       0.72      0.68      0.69      8237
weighted avg       0.75      0.75      0.74      8237
 samples avg       0.76      0.76      0.75      8237

================================================================================

{'loss': 0.0688, 'grad_norm': 0.8131083846092224, 'learning_rate': 1.1119560625264048e-05, 'epoch': 5.0}
{'eval_loss': 0.11291947215795517, 'eval_f1_micro': 0.753714981729598, 'eval_best_threshold': 0.3, 'eval_runtime': 10.9513, 'eval_samples_per_second': 367.171, 'eval_steps_per_second': 11.505, 'epoch': 5.0}

================================================================================
Classification report — epoch 5
Best threshold: 0.30
              precision    recall  f1-score   support

          HI       0.78      0.49      0.60       223
          ID       0.76      0.81      0.78       257
          IN       0.74      0.74      0.74      1107
          IP       0.77      0.75      0.76       676
          LY       0.93      0.87      0.90        45
          MT       0.86      0.90      0.88       181
          NA       0.81      0.88      0.84      1599
          OP       0.74      0.65      0.70       729
          SP       0.67      0.46      0.55        65
          av       0.53      0.43      0.47        98
          ds       0.77      0.80      0.78       490
         dtp       0.55      0.51      0.53       416
          ed       0.00      0.00      0.00        30
          en       0.76      0.98      0.86       138
          fi       0.81      0.61      0.69        41
          it       0.62      0.61      0.62        33
          lt       0.74      0.77      0.75        69
          nb       0.70      0.77      0.74       456
          ne       0.78      0.86      0.82       766
          ob       0.60      0.55      0.57       296
          ra       0.65      0.53      0.58        49
          re       0.96      0.76      0.85        33
          rs       0.79      0.76      0.77        72
          rv       0.81      0.69      0.75       192
          sr       0.89      0.86      0.88       176

   micro avg       0.76      0.75      0.75      8237
   macro avg       0.72      0.68      0.70      8237
weighted avg       0.75      0.75      0.75      8237
 samples avg       0.77      0.77      0.75      8237

================================================================================

{'loss': 0.058, 'grad_norm': 1.1044741868972778, 'learning_rate': 8.897338403041825e-06, 'epoch': 6.0}
{'eval_loss': 0.11380892246961594, 'eval_f1_micro': 0.7531553398058253, 'eval_best_threshold': 0.35, 'eval_runtime': 10.9527, 'eval_samples_per_second': 367.124, 'eval_steps_per_second': 11.504, 'epoch': 6.0}

================================================================================
Classification report — epoch 6
Best threshold: 0.35
              precision    recall  f1-score   support

          HI       0.70      0.57      0.63       223
          ID       0.89      0.69      0.78       257
          IN       0.71      0.76      0.74      1107
          IP       0.75      0.78      0.77       676
          LY       0.97      0.80      0.88        45
          MT       0.91      0.83      0.87       181
          NA       0.81      0.88      0.84      1599
          OP       0.75      0.64      0.69       729
          SP       0.61      0.48      0.53        65
          av       0.53      0.40      0.46        98
          ds       0.77      0.80      0.78       490
         dtp       0.52      0.56      0.54       416
          ed       0.00      0.00      0.00        30
          en       0.85      0.95      0.90       138
          fi       0.74      0.61      0.67        41
          it       0.55      0.73      0.62        33
          lt       0.84      0.71      0.77        69
          nb       0.68      0.80      0.73       456
          ne       0.80      0.83      0.82       766
          ob       0.63      0.52      0.57       296
          ra       0.68      0.51      0.58        49
          re       0.94      0.88      0.91        33
          rs       0.81      0.69      0.75        72
          rv       0.80      0.73      0.77       192
          sr       0.87      0.91      0.89       176

   micro avg       0.75      0.75      0.75      8237
   macro avg       0.72      0.68      0.70      8237
weighted avg       0.75      0.75      0.75      8237
 samples avg       0.77      0.77      0.75      8237

================================================================================

{'train_runtime': 1494.0142, 'train_samples_per_second': 112.583, 'train_steps_per_second': 1.76, 'train_loss': 0.12583830450273134, 'epoch': 6.0}

===== TEST SET CLASSIFICATION REPORT =====
              precision    recall  f1-score   support

          HI       0.56      0.61      0.59       151
          ID       0.73      0.13      0.22       189
          IN       0.55      0.56      0.55       450
          IP       0.74      0.58      0.65       434
          LY       0.91      0.67      0.77       199
          MT       0.53      0.26      0.35        35
          NA       0.67      0.81      0.73       560
          OP       0.52      0.28      0.36       349
          SP       0.83      0.60      0.70       153
          av       0.72      0.20      0.31       146
          ds       0.59      0.71      0.64       208
         dtp       0.73      0.25      0.37       300
          ed       0.00      0.00      0.00        43
          en       0.12      0.08      0.10        12
          fi       1.00      0.04      0.08        46
          it       0.71      0.46      0.56        74
          lt       1.00      0.21      0.35        14
          nb       0.48      0.54      0.51        72
          ne       0.72      0.74      0.73       317
          ob       0.35      0.12      0.18        50
          ra       0.80      0.77      0.79        31
          re       0.48      0.62      0.55        24
          rs       0.50      0.23      0.32        65
          rv       0.34      0.61      0.44        31
          sr       0.78      0.95      0.85        37

   micro avg       0.65      0.52      0.58      3990
   macro avg       0.61      0.44      0.47      3990
weighted avg       0.66      0.52      0.55      3990
 samples avg       0.62      0.50      0.53      3990

Done!
