[2025-12-29 23:31:10,931] [INFO] [real_accelerator.py:254:get_accelerator] Setting ds_accelerator to cuda (auto detect)
[2025-12-29 23:31:15,955] [INFO] [logging.py:107:log_dist] [Rank -1] [TorchCheckpointEngine] Initialized with serialization = False
{'loss': 0.2248, 'grad_norm': 1.851538896560669, 'learning_rate': 2.0183950324392807e-05, 'epoch': 1.0}
{'eval_loss': 0.14819210767745972, 'eval_f1_micro': 0.626183844011142, 'eval_runtime': 1.5231, 'eval_samples_per_second': 327.618, 'eval_steps_per_second': 21.01, 'epoch': 1.0}
{'loss': 0.1092, 'grad_norm': 0.8822225332260132, 'learning_rate': 1.794165395621449e-05, 'epoch': 2.0}
{'eval_loss': 0.13017551600933075, 'eval_f1_micro': 0.6809917355371901, 'eval_runtime': 1.4982, 'eval_samples_per_second': 333.058, 'eval_steps_per_second': 21.358, 'epoch': 2.0}
{'loss': 0.0869, 'grad_norm': 1.2179961204528809, 'learning_rate': 1.5699357588036174e-05, 'epoch': 3.0}
{'eval_loss': 0.11777538806200027, 'eval_f1_micro': 0.7231237322515213, 'eval_runtime': 1.4988, 'eval_samples_per_second': 332.941, 'eval_steps_per_second': 21.351, 'epoch': 3.0}
{'loss': 0.0693, 'grad_norm': 0.7886900901794434, 'learning_rate': 1.345706121985786e-05, 'epoch': 4.0}
{'eval_loss': 0.12339019030332565, 'eval_f1_micro': 0.7187827911857293, 'eval_runtime': 1.4987, 'eval_samples_per_second': 332.954, 'eval_steps_per_second': 21.352, 'epoch': 4.0}
{'loss': 0.0555, 'grad_norm': 4.434606552124023, 'learning_rate': 1.1214764851679543e-05, 'epoch': 5.0}
{'eval_loss': 0.12202051281929016, 'eval_f1_micro': 0.729064039408867, 'eval_runtime': 1.4984, 'eval_samples_per_second': 333.031, 'eval_steps_per_second': 21.357, 'epoch': 5.0}
{'loss': 0.0447, 'grad_norm': 1.264378309249878, 'learning_rate': 8.972468483501228e-06, 'epoch': 6.0}
{'eval_loss': 0.12668146193027496, 'eval_f1_micro': 0.7301092043681747, 'eval_runtime': 1.4988, 'eval_samples_per_second': 332.926, 'eval_steps_per_second': 21.35, 'epoch': 6.0}
{'loss': 0.036, 'grad_norm': 0.8932133316993713, 'learning_rate': 6.73017211532291e-06, 'epoch': 7.0}
{'eval_loss': 0.1292712688446045, 'eval_f1_micro': 0.7223691168693813, 'eval_runtime': 1.4988, 'eval_samples_per_second': 332.941, 'eval_steps_per_second': 21.351, 'epoch': 7.0}
{'loss': 0.0285, 'grad_norm': 1.1855231523513794, 'learning_rate': 4.4878757471445945e-06, 'epoch': 8.0}
{'eval_loss': 0.13788336515426636, 'eval_f1_micro': 0.7233820459290188, 'eval_runtime': 1.4989, 'eval_samples_per_second': 332.904, 'eval_steps_per_second': 21.349, 'epoch': 8.0}
{'loss': 0.023, 'grad_norm': 0.6369391679763794, 'learning_rate': 2.2455793789662783e-06, 'epoch': 9.0}
{'eval_loss': 0.13629461824893951, 'eval_f1_micro': 0.7297162767546043, 'eval_runtime': 1.4981, 'eval_samples_per_second': 333.095, 'eval_steps_per_second': 21.361, 'epoch': 9.0}
{'train_runtime': 2776.4852, 'train_samples_per_second': 78.664, 'train_steps_per_second': 2.46, 'train_loss': 0.07533731130113132, 'epoch': 9.0}
{'loss': 0.2868, 'grad_norm': 0.4308139979839325, 'learning_rate': 6.117279744027228e-06, 'epoch': 1.0}
{'eval_loss': 0.19141994416713715, 'eval_f1_micro': 0.5191387559808612, 'eval_runtime': 1.4989, 'eval_samples_per_second': 332.903, 'eval_steps_per_second': 21.348, 'epoch': 1.0}
{'loss': 0.1428, 'grad_norm': 0.4873250424861908, 'learning_rate': 5.4378027474512904e-06, 'epoch': 2.0}
{'eval_loss': 0.16077491641044617, 'eval_f1_micro': 0.5930635838150289, 'eval_runtime': 1.4993, 'eval_samples_per_second': 332.82, 'eval_steps_per_second': 21.343, 'epoch': 2.0}
{'loss': 0.1185, 'grad_norm': 0.4737197756767273, 'learning_rate': 4.758325750875353e-06, 'epoch': 3.0}
{'eval_loss': 0.14457213878631592, 'eval_f1_micro': 0.6558265582655827, 'eval_runtime': 1.4987, 'eval_samples_per_second': 332.944, 'eval_steps_per_second': 21.351, 'epoch': 3.0}
{'loss': 0.1052, 'grad_norm': 1.2233848571777344, 'learning_rate': 4.0788487542994146e-06, 'epoch': 4.0}
{'eval_loss': 0.1362616866827011, 'eval_f1_micro': 0.6823027718550106, 'eval_runtime': 1.4999, 'eval_samples_per_second': 332.689, 'eval_steps_per_second': 21.335, 'epoch': 4.0}
{'loss': 0.0957, 'grad_norm': 3.0915462970733643, 'learning_rate': 3.3993717577234775e-06, 'epoch': 5.0}
{'eval_loss': 0.13182863593101501, 'eval_f1_micro': 0.6868044515103339, 'eval_runtime': 1.4988, 'eval_samples_per_second': 332.927, 'eval_steps_per_second': 21.35, 'epoch': 5.0}
{'loss': 0.088, 'grad_norm': 1.114140272140503, 'learning_rate': 2.71989476114754e-06, 'epoch': 6.0}
{'eval_loss': 0.13107343018054962, 'eval_f1_micro': 0.7001034126163392, 'eval_runtime': 1.4992, 'eval_samples_per_second': 332.847, 'eval_steps_per_second': 21.345, 'epoch': 6.0}
{'loss': 0.0819, 'grad_norm': 1.091373324394226, 'learning_rate': 2.0404177645716024e-06, 'epoch': 7.0}
{'eval_loss': 0.12909211218357086, 'eval_f1_micro': 0.6950431034482759, 'eval_runtime': 1.4991, 'eval_samples_per_second': 332.873, 'eval_steps_per_second': 21.347, 'epoch': 7.0}
{'loss': 0.0771, 'grad_norm': 0.9162166118621826, 'learning_rate': 1.3609407679956645e-06, 'epoch': 8.0}
{'eval_loss': 0.12900400161743164, 'eval_f1_micro': 0.7073170731707317, 'eval_runtime': 1.4986, 'eval_samples_per_second': 332.97, 'eval_steps_per_second': 21.353, 'epoch': 8.0}
{'loss': 0.0735, 'grad_norm': 2.21718692779541, 'learning_rate': 6.814637714197269e-07, 'epoch': 9.0}
{'eval_loss': 0.128169447183609, 'eval_f1_micro': 0.7, 'eval_runtime': 1.4988, 'eval_samples_per_second': 332.923, 'eval_steps_per_second': 21.35, 'epoch': 9.0}
{'loss': 0.0711, 'grad_norm': 0.7289987802505493, 'learning_rate': 1.986774843789291e-09, 'epoch': 10.0}
{'eval_loss': 0.1285545527935028, 'eval_f1_micro': 0.69826224328594, 'eval_runtime': 1.4991, 'eval_samples_per_second': 332.863, 'eval_steps_per_second': 21.346, 'epoch': 10.0}
{'train_runtime': 2949.2413, 'train_samples_per_second': 74.056, 'train_steps_per_second': 1.16, 'train_loss': 0.11405133699115953, 'epoch': 10.0}
{'loss': 0.2525, 'grad_norm': 0.343694806098938, 'learning_rate': 8.260074370289687e-06, 'epoch': 1.0}
{'eval_loss': 0.1653793752193451, 'eval_f1_micro': 0.5863636363636363, 'eval_runtime': 1.4983, 'eval_samples_per_second': 333.047, 'eval_steps_per_second': 21.358, 'epoch': 1.0}
{'loss': 0.122, 'grad_norm': 0.09206152707338333, 'learning_rate': 1.02369844746609e-05, 'epoch': 2.0}
{'eval_loss': 0.13466963171958923, 'eval_f1_micro': 0.6651909241837299, 'eval_runtime': 1.4991, 'eval_samples_per_second': 332.872, 'eval_steps_per_second': 21.347, 'epoch': 2.0}
{'loss': 0.097, 'grad_norm': 0.5127155780792236, 'learning_rate': 8.957478500428417e-06, 'epoch': 3.0}
{'eval_loss': 0.12116876989603043, 'eval_f1_micro': 0.6987179487179487, 'eval_runtime': 1.4977, 'eval_samples_per_second': 333.171, 'eval_steps_per_second': 21.366, 'epoch': 3.0}
{'loss': 0.0789, 'grad_norm': 0.039715953171253204, 'learning_rate': 7.677972526195935e-06, 'epoch': 4.0}
{'eval_loss': 0.12317903339862823, 'eval_f1_micro': 0.7167868177136972, 'eval_runtime': 1.4985, 'eval_samples_per_second': 332.998, 'eval_steps_per_second': 21.355, 'epoch': 4.0}
{'loss': 0.0645, 'grad_norm': 2.7866127490997314, 'learning_rate': 6.398466551963455e-06, 'epoch': 5.0}
{'eval_loss': 0.11864181607961655, 'eval_f1_micro': 0.726890756302521, 'eval_runtime': 1.4986, 'eval_samples_per_second': 332.973, 'eval_steps_per_second': 21.353, 'epoch': 5.0}
{'loss': 0.0525, 'grad_norm': 0.028513455763459206, 'learning_rate': 5.118960577730974e-06, 'epoch': 6.0}
{'eval_loss': 0.12286998331546783, 'eval_f1_micro': 0.716323296354992, 'eval_runtime': 1.498, 'eval_samples_per_second': 333.115, 'eval_steps_per_second': 21.362, 'epoch': 6.0}
{'loss': 0.0426, 'grad_norm': 0.012326030991971493, 'learning_rate': 3.8394546034984924e-06, 'epoch': 7.0}
{'eval_loss': 0.12537060678005219, 'eval_f1_micro': 0.7179231153270095, 'eval_runtime': 1.498, 'eval_samples_per_second': 333.11, 'eval_steps_per_second': 21.362, 'epoch': 7.0}
{'loss': 0.0346, 'grad_norm': 0.36597004532814026, 'learning_rate': 2.5599486292660115e-06, 'epoch': 8.0}
{'eval_loss': 0.13263677060604095, 'eval_f1_micro': 0.7185501066098081, 'eval_runtime': 1.4948, 'eval_samples_per_second': 333.816, 'eval_steps_per_second': 21.407, 'epoch': 8.0}
{'train_runtime': 3234.8979, 'train_samples_per_second': 67.517, 'train_steps_per_second': 4.223, 'train_loss': 0.09307618092303743, 'epoch': 8.0}
{'loss': 0.255, 'grad_norm': 0.45594286918640137, 'learning_rate': 2.937656452939007e-05, 'epoch': 1.0}
{'eval_loss': 0.1595214605331421, 'eval_f1_micro': 0.5788863109048724, 'eval_runtime': 1.5627, 'eval_samples_per_second': 319.31, 'eval_steps_per_second': 20.477, 'epoch': 1.0}
{'loss': 0.1156, 'grad_norm': 0.6496155261993408, 'learning_rate': 2.611356190871732e-05, 'epoch': 2.0}
{'eval_loss': 0.13343535363674164, 'eval_f1_micro': 0.6750524109014675, 'eval_runtime': 1.498, 'eval_samples_per_second': 333.12, 'eval_steps_per_second': 21.362, 'epoch': 2.0}
{'loss': 0.0912, 'grad_norm': 0.4110904335975647, 'learning_rate': 2.2850559288044567e-05, 'epoch': 3.0}
{'eval_loss': 0.12249056994915009, 'eval_f1_micro': 0.6976032636409994, 'eval_runtime': 1.4981, 'eval_samples_per_second': 333.084, 'eval_steps_per_second': 21.36, 'epoch': 3.0}
{'loss': 0.0731, 'grad_norm': 0.7708272337913513, 'learning_rate': 1.9587556667371813e-05, 'epoch': 4.0}
{'eval_loss': 0.11818370968103409, 'eval_f1_micro': 0.7261601223865375, 'eval_runtime': 1.4979, 'eval_samples_per_second': 333.139, 'eval_steps_per_second': 21.364, 'epoch': 4.0}
{'loss': 0.0587, 'grad_norm': 3.848297357559204, 'learning_rate': 1.6324554046699065e-05, 'epoch': 5.0}
{'eval_loss': 0.1251884400844574, 'eval_f1_micro': 0.7134744450180692, 'eval_runtime': 1.498, 'eval_samples_per_second': 333.111, 'eval_steps_per_second': 21.362, 'epoch': 5.0}
{'loss': 0.0469, 'grad_norm': 0.4757120609283447, 'learning_rate': 1.306155142602631e-05, 'epoch': 6.0}
{'eval_loss': 0.1265295296907425, 'eval_f1_micro': 0.720626631853786, 'eval_runtime': 1.4979, 'eval_samples_per_second': 333.14, 'eval_steps_per_second': 21.364, 'epoch': 6.0}
{'loss': 0.0376, 'grad_norm': 0.5665154457092285, 'learning_rate': 9.798548805353559e-06, 'epoch': 7.0}
{'eval_loss': 0.12810645997524261, 'eval_f1_micro': 0.7141424272818455, 'eval_runtime': 1.498, 'eval_samples_per_second': 333.109, 'eval_steps_per_second': 21.362, 'epoch': 7.0}
{'train_runtime': 2062.2501, 'train_samples_per_second': 105.909, 'train_steps_per_second': 1.658, 'train_loss': 0.09688204372536668, 'epoch': 7.0}
{'loss': 0.2401, 'grad_norm': 0.3167271316051483, 'learning_rate': 6.030726738207276e-06, 'epoch': 1.0}
{'eval_loss': 0.16185328364372253, 'eval_f1_micro': 0.5942196531791908, 'eval_runtime': 1.4963, 'eval_samples_per_second': 333.482, 'eval_steps_per_second': 21.386, 'epoch': 1.0}
{'loss': 0.1191, 'grad_norm': 0.08302793651819229, 'learning_rate': 5.360700489781807e-06, 'epoch': 2.0}
{'eval_loss': 0.13915738463401794, 'eval_f1_micro': 0.6691410392364793, 'eval_runtime': 1.496, 'eval_samples_per_second': 333.561, 'eval_steps_per_second': 21.391, 'epoch': 2.0}
{'loss': 0.0989, 'grad_norm': 0.1765800267457962, 'learning_rate': 4.690674241356338e-06, 'epoch': 3.0}
{'eval_loss': 0.12559771537780762, 'eval_f1_micro': 0.6989657049537289, 'eval_runtime': 1.4963, 'eval_samples_per_second': 333.496, 'eval_steps_per_second': 21.387, 'epoch': 3.0}
{'loss': 0.0848, 'grad_norm': 0.06412702798843384, 'learning_rate': 4.0206479929308694e-06, 'epoch': 4.0}
{'eval_loss': 0.12629874050617218, 'eval_f1_micro': 0.7085533262935586, 'eval_runtime': 1.4961, 'eval_samples_per_second': 333.526, 'eval_steps_per_second': 21.388, 'epoch': 4.0}
{'loss': 0.0734, 'grad_norm': 5.289795398712158, 'learning_rate': 3.3506217445054003e-06, 'epoch': 5.0}
{'eval_loss': 0.12198586761951447, 'eval_f1_micro': 0.7181672882258924, 'eval_runtime': 1.4962, 'eval_samples_per_second': 333.518, 'eval_steps_per_second': 21.388, 'epoch': 5.0}
{'loss': 0.0636, 'grad_norm': 0.0486195869743824, 'learning_rate': 2.6805954960799315e-06, 'epoch': 6.0}
{'eval_loss': 0.12390152364969254, 'eval_f1_micro': 0.7251707829742512, 'eval_runtime': 1.4959, 'eval_samples_per_second': 333.578, 'eval_steps_per_second': 21.392, 'epoch': 6.0}
{'loss': 0.0556, 'grad_norm': 0.06608894467353821, 'learning_rate': 2.0105692476544628e-06, 'epoch': 7.0}
{'eval_loss': 0.12311844527721405, 'eval_f1_micro': 0.7160751565762005, 'eval_runtime': 1.4958, 'eval_samples_per_second': 333.61, 'eval_steps_per_second': 21.394, 'epoch': 7.0}
{'loss': 0.0493, 'grad_norm': 0.38984763622283936, 'learning_rate': 1.3405429992289942e-06, 'epoch': 8.0}
{'eval_loss': 0.13014398515224457, 'eval_f1_micro': 0.7175732217573222, 'eval_runtime': 1.4961, 'eval_samples_per_second': 333.533, 'eval_steps_per_second': 21.389, 'epoch': 8.0}
{'loss': 0.0443, 'grad_norm': 0.04413818567991257, 'learning_rate': 6.705167508035255e-07, 'epoch': 9.0}
{'eval_loss': 0.1284911036491394, 'eval_f1_micro': 0.7175807278318811, 'eval_runtime': 1.496, 'eval_samples_per_second': 333.556, 'eval_steps_per_second': 21.39, 'epoch': 9.0}
{'train_runtime': 3628.898, 'train_samples_per_second': 60.186, 'train_steps_per_second': 3.764, 'train_loss': 0.09210384704629561, 'epoch': 9.0}
{'loss': 0.2008, 'grad_norm': 0.9321559071540833, 'learning_rate': 2.5635653670735532e-05, 'epoch': 1.0}
{'eval_loss': 0.14678484201431274, 'eval_f1_micro': 0.6408839779005525, 'eval_runtime': 1.5905, 'eval_samples_per_second': 313.746, 'eval_steps_per_second': 20.12, 'epoch': 1.0}
{'loss': 0.1066, 'grad_norm': 3.874478340148926, 'learning_rate': 2.278771101343033e-05, 'epoch': 2.0}
{'eval_loss': 0.1324898898601532, 'eval_f1_micro': 0.674959437533802, 'eval_runtime': 1.4979, 'eval_samples_per_second': 333.128, 'eval_steps_per_second': 21.363, 'epoch': 2.0}
{'loss': 0.0856, 'grad_norm': 1.0635771751403809, 'learning_rate': 1.993976835612513e-05, 'epoch': 3.0}
{'eval_loss': 0.11726844310760498, 'eval_f1_micro': 0.7192365645404319, 'eval_runtime': 1.4977, 'eval_samples_per_second': 333.181, 'eval_steps_per_second': 21.366, 'epoch': 3.0}
{'loss': 0.068, 'grad_norm': 0.7112348079681396, 'learning_rate': 1.709182569881993e-05, 'epoch': 4.0}
{'eval_loss': 0.12075477838516235, 'eval_f1_micro': 0.7276422764227642, 'eval_runtime': 1.498, 'eval_samples_per_second': 333.107, 'eval_steps_per_second': 21.362, 'epoch': 4.0}
{'loss': 0.0536, 'grad_norm': 5.513899803161621, 'learning_rate': 1.424388304151473e-05, 'epoch': 5.0}
{'eval_loss': 0.12970493733882904, 'eval_f1_micro': 0.7171867261020307, 'eval_runtime': 1.4975, 'eval_samples_per_second': 333.227, 'eval_steps_per_second': 21.369, 'epoch': 5.0}
{'loss': 0.0419, 'grad_norm': 0.8817635178565979, 'learning_rate': 1.1395940384209533e-05, 'epoch': 6.0}
{'eval_loss': 0.12712346017360687, 'eval_f1_micro': 0.7269969666329625, 'eval_runtime': 1.4974, 'eval_samples_per_second': 333.255, 'eval_steps_per_second': 21.371, 'epoch': 6.0}
{'loss': 0.0326, 'grad_norm': 0.7032616138458252, 'learning_rate': 8.547997726904333e-06, 'epoch': 7.0}
{'eval_loss': 0.1289551705121994, 'eval_f1_micro': 0.727366255144033, 'eval_runtime': 1.4982, 'eval_samples_per_second': 333.074, 'eval_steps_per_second': 21.359, 'epoch': 7.0}
{'train_runtime': 2153.1883, 'train_samples_per_second': 101.436, 'train_steps_per_second': 3.172, 'train_loss': 0.08415555604903974, 'epoch': 7.0}
{'loss': 0.2386, 'grad_norm': 0.3903135061264038, 'learning_rate': 1.4042741449465181e-05, 'epoch': 1.0}
{'eval_loss': 0.16601742804050446, 'eval_f1_micro': 0.5776536312849162, 'eval_runtime': 1.5136, 'eval_samples_per_second': 329.688, 'eval_steps_per_second': 21.142, 'epoch': 1.0}
{'loss': 0.1197, 'grad_norm': 1.3543490171432495, 'learning_rate': 1.2482943600904905e-05, 'epoch': 2.0}
{'eval_loss': 0.1391773372888565, 'eval_f1_micro': 0.656989247311828, 'eval_runtime': 1.4968, 'eval_samples_per_second': 333.376, 'eval_steps_per_second': 21.379, 'epoch': 2.0}
{'loss': 0.0978, 'grad_norm': 0.582892119884491, 'learning_rate': 1.0923145752344629e-05, 'epoch': 3.0}
{'eval_loss': 0.12746131420135498, 'eval_f1_micro': 0.6951928156365558, 'eval_runtime': 1.4972, 'eval_samples_per_second': 333.282, 'eval_steps_per_second': 21.373, 'epoch': 3.0}
{'loss': 0.0823, 'grad_norm': 0.8075118660926819, 'learning_rate': 9.363347903784352e-06, 'epoch': 4.0}
{'eval_loss': 0.12607643008232117, 'eval_f1_micro': 0.7015544041450777, 'eval_runtime': 1.4974, 'eval_samples_per_second': 333.242, 'eval_steps_per_second': 21.37, 'epoch': 4.0}
{'loss': 0.07, 'grad_norm': 2.728158950805664, 'learning_rate': 7.803550055224076e-06, 'epoch': 5.0}
{'eval_loss': 0.1296858936548233, 'eval_f1_micro': 0.698880976602238, 'eval_runtime': 1.4974, 'eval_samples_per_second': 333.236, 'eval_steps_per_second': 21.37, 'epoch': 5.0}
{'loss': 0.06, 'grad_norm': 0.7110229134559631, 'learning_rate': 6.2437522066637984e-06, 'epoch': 6.0}
{'eval_loss': 0.12787744402885437, 'eval_f1_micro': 0.7078590785907859, 'eval_runtime': 1.4977, 'eval_samples_per_second': 333.173, 'eval_steps_per_second': 21.366, 'epoch': 6.0}
{'loss': 0.0521, 'grad_norm': 0.53104567527771, 'learning_rate': 4.683954358103521e-06, 'epoch': 7.0}
{'eval_loss': 0.1259808987379074, 'eval_f1_micro': 0.7104598281960586, 'eval_runtime': 1.4978, 'eval_samples_per_second': 333.147, 'eval_steps_per_second': 21.364, 'epoch': 7.0}
{'loss': 0.0455, 'grad_norm': 0.8338723182678223, 'learning_rate': 3.1241565095432448e-06, 'epoch': 8.0}
{'eval_loss': 0.13020916283130646, 'eval_f1_micro': 0.7128815312984997, 'eval_runtime': 1.4978, 'eval_samples_per_second': 333.153, 'eval_steps_per_second': 21.364, 'epoch': 8.0}
{'loss': 0.0406, 'grad_norm': 0.5680047273635864, 'learning_rate': 1.5643586609829675e-06, 'epoch': 9.0}
{'eval_loss': 0.13121876120567322, 'eval_f1_micro': 0.7171514543630892, 'eval_runtime': 1.4977, 'eval_samples_per_second': 333.173, 'eval_steps_per_second': 21.366, 'epoch': 9.0}
{'loss': 0.0372, 'grad_norm': 0.32219716906547546, 'learning_rate': 4.560812422690868e-09, 'epoch': 10.0}
{'eval_loss': 0.1322023570537567, 'eval_f1_micro': 0.7129973474801061, 'eval_runtime': 1.4981, 'eval_samples_per_second': 333.084, 'eval_steps_per_second': 21.36, 'epoch': 10.0}
{'train_runtime': 2947.0621, 'train_samples_per_second': 74.111, 'train_steps_per_second': 1.16, 'train_loss': 0.08437333525272837, 'epoch': 10.0}
{'loss': 0.3333, 'grad_norm': 0.9791149497032166, 'learning_rate': 4.1492343913923405e-06, 'epoch': 1.0}
{'eval_loss': 0.20402173697948456, 'eval_f1_micro': 0.47123623011015914, 'eval_runtime': 1.5153, 'eval_samples_per_second': 329.315, 'eval_steps_per_second': 21.118, 'epoch': 1.0}
{'loss': 0.1488, 'grad_norm': 1.0396387577056885, 'learning_rate': 5.790074371532022e-06, 'epoch': 2.0}
{'eval_loss': 0.15459798276424408, 'eval_f1_micro': 0.6060606060606061, 'eval_runtime': 1.498, 'eval_samples_per_second': 333.118, 'eval_steps_per_second': 21.362, 'epoch': 2.0}
{'loss': 0.1172, 'grad_norm': 0.9780508279800415, 'learning_rate': 5.066447510460408e-06, 'epoch': 3.0}
{'eval_loss': 0.13763315975666046, 'eval_f1_micro': 0.6699453551912569, 'eval_runtime': 1.4977, 'eval_samples_per_second': 333.168, 'eval_steps_per_second': 21.365, 'epoch': 3.0}
{'loss': 0.1009, 'grad_norm': 1.5281940698623657, 'learning_rate': 4.342820649388794e-06, 'epoch': 4.0}
{'eval_loss': 0.13002055883407593, 'eval_f1_micro': 0.6854358419057932, 'eval_runtime': 1.4988, 'eval_samples_per_second': 332.929, 'eval_steps_per_second': 21.35, 'epoch': 4.0}
{'loss': 0.0897, 'grad_norm': 7.159914493560791, 'learning_rate': 3.6191937883171795e-06, 'epoch': 5.0}
{'eval_loss': 0.12665310502052307, 'eval_f1_micro': 0.7016806722689075, 'eval_runtime': 1.4984, 'eval_samples_per_second': 333.018, 'eval_steps_per_second': 21.356, 'epoch': 5.0}
{'loss': 0.0804, 'grad_norm': 0.8371416330337524, 'learning_rate': 2.8955669272455657e-06, 'epoch': 6.0}
{'eval_loss': 0.1256147176027298, 'eval_f1_micro': 0.702161307327359, 'eval_runtime': 1.4983, 'eval_samples_per_second': 333.049, 'eval_steps_per_second': 21.358, 'epoch': 6.0}
{'loss': 0.0727, 'grad_norm': 2.4837045669555664, 'learning_rate': 2.1719400661739515e-06, 'epoch': 7.0}
{'eval_loss': 0.12220888584852219, 'eval_f1_micro': 0.704225352112676, 'eval_runtime': 1.4983, 'eval_samples_per_second': 333.04, 'eval_steps_per_second': 21.357, 'epoch': 7.0}
{'loss': 0.0665, 'grad_norm': 1.9215571880340576, 'learning_rate': 1.4483132051023376e-06, 'epoch': 8.0}
{'eval_loss': 0.12414298951625824, 'eval_f1_micro': 0.7133956386292835, 'eval_runtime': 1.4985, 'eval_samples_per_second': 332.996, 'eval_steps_per_second': 21.354, 'epoch': 8.0}
{'loss': 0.0616, 'grad_norm': 2.0201847553253174, 'learning_rate': 7.246863440307233e-07, 'epoch': 9.0}
{'eval_loss': 0.12340276688337326, 'eval_f1_micro': 0.7139134966128192, 'eval_runtime': 1.4986, 'eval_samples_per_second': 332.967, 'eval_steps_per_second': 21.353, 'epoch': 9.0}
{'loss': 0.0584, 'grad_norm': 1.1774886846542358, 'learning_rate': 1.0594829591092447e-09, 'epoch': 10.0}
{'eval_loss': 0.12392494082450867, 'eval_f1_micro': 0.7139896373056995, 'eval_runtime': 1.4988, 'eval_samples_per_second': 332.936, 'eval_steps_per_second': 21.351, 'epoch': 10.0}
{'train_runtime': 3075.5674, 'train_samples_per_second': 71.015, 'train_steps_per_second': 2.221, 'train_loss': 0.11294409275753083, 'epoch': 10.0}

===== BEST TRIAL =====
{'learning_rate': 2.1021118075323218e-05, 'weight_decay': 0.05450726594141447, 'warmup_ratio': 0.0624713771442752, 'batch_size': 8, 'grad_accum': 4}
Best F1: 0.7297162767546043
